2025-05-17 00:41:45,570 [ERROR] LogOutputStream:75 - [STDERR_REDIRECT] 
2025-05-17 08:49:33,977 [INFO] Activator:176 - 


2025-05-17 08:49:33,979 [INFO] Activator:177 - !SESSION log4j initialized
2025-05-17 08:49:40,001 [INFO] LogOutputStream:77 - [STDOUT_REDIRECT] 
2025-05-17 08:49:45,942 [INFO] ApplicationProperties:184 - Using Application install path: C:\ST\STM32CubeIDE_1.17.0\STM32CubeIDE\plugins\com.st.stm32cube.common.mx_6.13.0.202411220809
2025-05-17 08:49:45,955 [INFO] DbMcusXml:78 - Set database path to: C:\ST\STM32CubeIDE_1.17.0\STM32CubeIDE\plugins\com.st.stm32cube.common.mx_6.13.0.202411220809\\db\/mcu/
2025-05-17 08:49:45,955 [INFO] ApiDb:274 - Set plugin database path to: C:\ST\STM32CubeIDE_1.17.0\STM32CubeIDE\plugins\com.st.stm32cube.common.mx_6.13.0.202411220809\\db\/plugins/boardmanager/
2025-05-17 08:49:45,955 [WARN] ApiDb:259 - Overriding images path with different value:  => C:\ST\STM32CubeIDE_1.17.0\STM32CubeIDE\plugins\com.st.stm32cube.common.mx_6.13.0.202411220809\\db\/plugins/mcufinder/images/
2025-05-17 08:49:45,960 [INFO] ApiDb:250 - Set database path to: C:\Users\jesti\.stmcufinder\plugins\mcufinder//mcu/
2025-05-17 08:49:45,961 [INFO] DbMcusAds:125 - Set database path to: C:\Users\jesti\.stmcufinder\plugins\mcufinder//mcu/
2025-05-17 08:49:45,962 [INFO] CrossReferenceDbSqlite:203 - Set database path to: C:\Users\jesti\.stmcufinder\plugins\mcufinder//mcu/cs/
2025-05-17 08:49:46,061 [INFO] RulesReader:64 - Compatibility file has been processed (297 Rules)
2025-05-17 08:49:46,136 [INFO] DbMcusXml:78 - Set database path to: C:\ST\STM32CubeIDE_1.17.0\STM32CubeIDE\plugins\com.st.stm32cube.common.mx_6.13.0.202411220809\\db\/mcu/
2025-05-17 08:49:46,136 [INFO] ApiDb:274 - Set plugin database path to: C:\ST\STM32CubeIDE_1.17.0\STM32CubeIDE\plugins\com.st.stm32cube.common.mx_6.13.0.202411220809\\db\/plugins/boardmanager/
2025-05-17 08:49:46,136 [INFO] ApiDb:261 - Set plugin images path to: C:\ST\STM32CubeIDE_1.17.0\STM32CubeIDE\plugins\com.st.stm32cube.common.mx_6.13.0.202411220809\\db\/plugins/mcufinder/images/
2025-05-17 08:49:46,136 [WARN] DbFile:41 - Overriding database path with different value: C:\Users\jesti\.stmcufinder\plugins\mcufinder/ => C:\Users\jesti\.stmcufinder\plugins\mcufinder
2025-05-17 08:49:46,136 [INFO] ApiDb:250 - Set database path to: C:\Users\jesti\.stmcufinder\plugins\mcufinder//mcu/
2025-05-17 08:49:46,136 [WARN] DbFile:41 - Overriding database path with different value: C:\Users\jesti\.stmcufinder\plugins\mcufinder/ => C:\Users\jesti\.stmcufinder\plugins\mcufinder
2025-05-17 08:49:46,136 [INFO] DbMcusAds:125 - Set database path to: C:\Users\jesti\.stmcufinder\plugins\mcufinder//mcu/
2025-05-17 08:49:46,136 [WARN] DbFile:41 - Overriding database path with different value: C:\Users\jesti\.stmcufinder\plugins\mcufinder/ => C:\Users\jesti\.stmcufinder\plugins\mcufinder
2025-05-17 08:49:46,137 [WARN] DbFile:41 - Overriding database path with different value: C:\Users\jesti\.stmcufinder\plugins\mcufinder/ => C:\Users\jesti\.stmcufinder\plugins\mcufinder
2025-05-17 08:49:46,137 [INFO] CrossReferenceDbSqlite:203 - Set database path to: C:\Users\jesti\.stmcufinder\plugins\mcufinder//mcu/cs/
2025-05-17 08:49:46,189 [INFO] MainPanel:272 - HeapMemory: 268435456
2025-05-17 08:49:46,281 [INFO] DbMcusXml:78 - Set database path to: C:\ST\STM32CubeIDE_1.17.0\STM32CubeIDE\plugins\com.st.stm32cube.common.mx_6.13.0.202411220809\\db\/mcu/
2025-05-17 08:49:46,281 [INFO] ApiDb:274 - Set plugin database path to: C:\ST\STM32CubeIDE_1.17.0\STM32CubeIDE\plugins\com.st.stm32cube.common.mx_6.13.0.202411220809\\db\/plugins/boardmanager/
2025-05-17 08:49:46,281 [INFO] ApiDb:261 - Set plugin images path to: C:\ST\STM32CubeIDE_1.17.0\STM32CubeIDE\plugins\com.st.stm32cube.common.mx_6.13.0.202411220809\\db\/plugins/mcufinder/images/
2025-05-17 08:49:46,282 [WARN] DbFile:41 - Overriding database path with different value: C:\Users\jesti\.stmcufinder\plugins\mcufinder/ => C:\Users\jesti\.stmcufinder\plugins\mcufinder
2025-05-17 08:49:46,282 [INFO] ApiDb:250 - Set database path to: C:\Users\jesti\.stmcufinder\plugins\mcufinder//mcu/
2025-05-17 08:49:46,282 [WARN] DbFile:41 - Overriding database path with different value: C:\Users\jesti\.stmcufinder\plugins\mcufinder/ => C:\Users\jesti\.stmcufinder\plugins\mcufinder
2025-05-17 08:49:46,282 [INFO] DbMcusAds:125 - Set database path to: C:\Users\jesti\.stmcufinder\plugins\mcufinder//mcu/
2025-05-17 08:49:46,282 [WARN] DbFile:41 - Overriding database path with different value: C:\Users\jesti\.stmcufinder\plugins\mcufinder/ => C:\Users\jesti\.stmcufinder\plugins\mcufinder
2025-05-17 08:49:46,282 [WARN] DbFile:41 - Overriding database path with different value: C:\Users\jesti\.stmcufinder\plugins\mcufinder/ => C:\Users\jesti\.stmcufinder\plugins\mcufinder
2025-05-17 08:49:46,282 [INFO] CrossReferenceDbSqlite:203 - Set database path to: C:\Users\jesti\.stmcufinder\plugins\mcufinder//mcu/cs/
2025-05-17 08:49:46,296 [INFO] ApplicationProperties:184 - Using Application install path: C:\ST\STM32CubeIDE_1.17.0\STM32CubeIDE\plugins\com.st.stm32cube.common.mx_6.13.0.202411220809
2025-05-17 08:49:46,298 [INFO] PluginManage:196 - Search for loadable plugins [exclusion list=, ]
2025-05-17 08:49:46,299 [INFO] PluginManage:310 - Check plugin analytics
2025-05-17 08:49:50,991 [INFO] AnalyticsPlugin:253 - Accepted Software Licenses: 
2025-05-17 08:49:50,992 [INFO] AnalyticsPlugin:255 - Accepted CMSIS Pack Licenses: 
2025-05-17 08:49:50,992 [INFO] AnalyticsPlugin:257 - Accepted Firmware Licenses: 
2025-05-17 08:49:50,997 [INFO] PluginManage:359 - Loaded plugin analytics (category:tool,tabindex:-1)
2025-05-17 08:49:50,998 [INFO] PluginManage:310 - Check plugin cadmodel
2025-05-17 08:49:51,016 [INFO] CADModel:105 - Init CAD model plugin
2025-05-17 08:49:51,017 [INFO] PluginManage:359 - Loaded plugin cadmodel (category:power,tabindex:5)
2025-05-17 08:49:51,017 [INFO] PluginManage:310 - Check plugin clock
2025-05-17 08:49:51,033 [INFO] PluginManage:359 - Loaded plugin clock (category:base,tabindex:2)
2025-05-17 08:49:51,033 [INFO] PluginManage:310 - Check plugin ddr
2025-05-17 08:49:51,034 [INFO] PluginManage:359 - Loaded plugin ddr (category:tool,tabindex:6)
2025-05-17 08:49:51,035 [INFO] PluginManage:310 - Check plugin filemanager
2025-05-17 08:49:51,152 [INFO] PluginManage:359 - Loaded plugin filemanager (category:base,tabindex:10)
2025-05-17 08:49:51,152 [INFO] PluginManage:310 - Check plugin ipmanager
2025-05-17 08:49:51,157 [INFO] PluginManage:359 - Loaded plugin ipmanager (category:base,tabindex:5)
2025-05-17 08:49:51,157 [INFO] PluginManage:310 - Check plugin lpbam
2025-05-17 08:49:51,174 [INFO] PluginManage:359 - Loaded plugin lpbam (category:base,tabindex:0)
2025-05-17 08:49:51,174 [INFO] PluginManage:310 - Check plugin memorymap
2025-05-17 08:49:51,195 [INFO] PluginManage:359 - Loaded plugin memorymap (category:base,tabindex:4)
2025-05-17 08:49:51,195 [INFO] PluginManage:310 - Check plugin pinoutandconfiguration
2025-05-17 08:49:51,211 [INFO] PluginManage:359 - Loaded plugin pinoutandconfiguration (category:base,tabindex:1)
2025-05-17 08:49:51,212 [INFO] PluginManage:310 - Check plugin pinoutconfig
2025-05-17 08:49:51,315 [WARN] SupportedApi:132 - Cannot load RTOS API schema: s4s-elt-must-match.1: The content of 'definitions' must match (annotation?, (simpleType | complexType)?, (unique | key | keyref)*)). A problem was found starting at: attribute.
2025-05-17 08:49:51,425 [INFO] PluginManage:359 - Loaded plugin pinoutconfig (category:base,tabindex:0)
2025-05-17 08:49:51,425 [INFO] PluginManage:310 - Check plugin power
2025-05-17 08:49:51,443 [INFO] PluginManage:359 - Loaded plugin power (category:power,tabindex:4)
2025-05-17 08:49:51,443 [INFO] PluginManage:310 - Check plugin projectmanager
2025-05-17 08:49:51,454 [INFO] PluginManage:359 - Loaded plugin projectmanager (category:projectmanager,tabindex:4)
2025-05-17 08:49:51,454 [INFO] PluginManage:310 - Check plugin rif
2025-05-17 08:49:51,469 [INFO] PluginManage:359 - Loaded plugin rif (category:base,tabindex:3)
2025-05-17 08:49:51,469 [INFO] PluginManage:310 - Check plugin thirdparty
2025-05-17 08:49:51,692 [INFO] PluginManage:359 - Loaded plugin thirdparty (category:base,tabindex:-1)
2025-05-17 08:49:51,692 [WARN] IntegrityCheckThread:84 - waiting for thirdparty lock release [integrity check]
2025-05-17 08:49:51,692 [INFO] PluginManage:310 - Check plugin tools
2025-05-17 08:49:51,692 [INFO] IntegrityCheckThread:86 - entering critical section [integrity check]
2025-05-17 08:49:51,693 [INFO] ThirdPartyUpdaterWithRetryManager:70 - Updater plugin not ready yet. [1/15]
2025-05-17 08:49:51,695 [INFO] PluginManage:359 - Loaded plugin tools (category:base,tabindex:7)
2025-05-17 08:49:51,695 [INFO] PluginManage:310 - Check plugin tutovideos
2025-05-17 08:49:51,844 [INFO] PluginManage:359 - Loaded plugin tutovideos (category:base,tabindex:-1)
2025-05-17 08:49:51,844 [INFO] PluginManage:310 - Check plugin updater
2025-05-17 08:49:51,865 [INFO] PluginManage:359 - Loaded plugin updater (category:base,tabindex:12)
2025-05-17 08:49:51,865 [INFO] PluginManage:310 - Check plugin userauth
2025-05-17 08:49:51,870 [INFO] UserAuth:118 - Init User Auth plugin
2025-05-17 08:49:51,871 [INFO] PluginManage:359 - Loaded plugin userauth (category:base,tabindex:14)
2025-05-17 08:49:51,871 [INFO] PluginManage:283 - PluginManage : Loaded plugins [18]
2025-05-17 08:49:52,046 [INFO] PinOutPanel:1589 - setPackage(No Configuration,No Configuration)
2025-05-17 08:49:52,104 [INFO] CADModel:165 - CPN selected for project level
2025-05-17 08:49:52,104 [INFO] CADModel:114 - Register for checkConnection events
2025-05-17 08:49:52,126 [INFO] IPUIPlugin:80 - create IPUIPlugin
2025-05-17 08:49:52,127 [INFO] PluginManager:220 - loadIPPluginJar : add adc
2025-05-17 08:49:52,156 [INFO] IPUIPlugin:80 - create IPUIPlugin
2025-05-17 08:49:52,157 [INFO] PluginManager:220 - loadIPPluginJar : add aes
2025-05-17 08:49:52,188 [INFO] IPUIPlugin:80 - create IPUIPlugin
2025-05-17 08:49:52,188 [INFO] PluginManager:220 - loadIPPluginJar : add can
2025-05-17 08:49:52,207 [INFO] IPUIPlugin:80 - create IPUIPlugin
2025-05-17 08:49:52,207 [INFO] PluginManager:220 - loadIPPluginJar : add comp
2025-05-17 08:49:52,233 [INFO] IPUIPlugin:80 - create IPUIPlugin
2025-05-17 08:49:52,233 [INFO] PluginManager:220 - loadIPPluginJar : add cryp
2025-05-17 08:49:52,243 [INFO] IPUIPlugin:80 - create IPUIPlugin
2025-05-17 08:49:52,243 [INFO] PluginManager:220 - loadIPPluginJar : add ddr_ctrl_phy
2025-05-17 08:49:52,246 [INFO] IPUIPlugin:80 - create IPUIPlugin
2025-05-17 08:49:52,246 [INFO] PluginManager:220 - loadIPPluginJar : add dfsdm
2025-05-17 08:49:52,256 [INFO] IPUIPlugin:80 - create IPUIPlugin
2025-05-17 08:49:52,258 [INFO] PluginManager:220 - loadIPPluginJar : add dma
2025-05-17 08:49:52,288 [INFO] IPUIPlugin:80 - create IPUIPlugin
2025-05-17 08:49:52,288 [INFO] PluginManager:220 - loadIPPluginJar : add dma3
2025-05-17 08:49:52,322 [INFO] IPUIPlugin:80 - create IPUIPlugin
2025-05-17 08:49:52,322 [INFO] PluginManager:220 - loadIPPluginJar : add extmemmanager
2025-05-17 08:49:52,324 [INFO] IPUIPlugin:80 - create IPUIPlugin
2025-05-17 08:49:52,324 [INFO] PluginManager:220 - loadIPPluginJar : add fatfs
2025-05-17 08:49:52,360 [INFO] IPUIPlugin:80 - create IPUIPlugin
2025-05-17 08:49:52,360 [INFO] PluginManager:220 - loadIPPluginJar : add fmc
2025-05-17 08:49:52,374 [INFO] IPUIPlugin:80 - create IPUIPlugin
2025-05-17 08:49:52,374 [INFO] PluginManager:220 - loadIPPluginJar : add freertos
2025-05-17 08:49:52,375 [INFO] IPUIPlugin:80 - create IPUIPlugin
2025-05-17 08:49:52,375 [INFO] PluginManager:220 - loadIPPluginJar : add genericplugin
2025-05-17 08:49:52,444 [INFO] IPUIPlugin:80 - create IPUIPlugin
2025-05-17 08:49:52,444 [INFO] PluginManager:220 - loadIPPluginJar : add gfxmmu
2025-05-17 08:49:52,542 [INFO] IPUIPlugin:80 - create IPUIPlugin
2025-05-17 08:49:52,542 [INFO] PluginManager:220 - loadIPPluginJar : add gic
2025-05-17 08:49:52,552 [INFO] IPUIPlugin:80 - create IPUIPlugin
2025-05-17 08:49:52,552 [INFO] PluginManager:220 - loadIPPluginJar : add gpio
2025-05-17 08:49:52,621 [INFO] IPUIPlugin:80 - create IPUIPlugin
2025-05-17 08:49:52,621 [INFO] PluginManager:220 - loadIPPluginJar : add gtzc
2025-05-17 08:49:52,647 [INFO] IPUIPlugin:80 - create IPUIPlugin
2025-05-17 08:49:52,647 [INFO] PluginManager:220 - loadIPPluginJar : add hash
2025-05-17 08:49:52,688 [INFO] IPUIPlugin:80 - create IPUIPlugin
2025-05-17 08:49:52,688 [INFO] PluginManager:220 - loadIPPluginJar : add i2c
2025-05-17 08:49:52,719 [INFO] IPUIPlugin:80 - create IPUIPlugin
2025-05-17 08:49:52,719 [INFO] PluginManager:220 - loadIPPluginJar : add i2s
2025-05-17 08:49:52,750 [INFO] IPUIPlugin:80 - create IPUIPlugin
2025-05-17 08:49:52,750 [INFO] PluginManager:220 - loadIPPluginJar : add i3c
2025-05-17 08:49:52,827 [INFO] IPUIPlugin:80 - create IPUIPlugin
2025-05-17 08:49:52,827 [INFO] PluginManager:220 - loadIPPluginJar : add ipddr
2025-05-17 08:49:52,894 [INFO] IPUIPlugin:80 - create IPUIPlugin
2025-05-17 08:49:52,894 [INFO] PluginManager:220 - loadIPPluginJar : add linkedlist
2025-05-17 08:49:52,923 [INFO] IPUIPlugin:80 - create IPUIPlugin
2025-05-17 08:49:52,923 [INFO] PluginManager:220 - loadIPPluginJar : add lorawan
2025-05-17 08:49:52,951 [INFO] IPUIPlugin:80 - create IPUIPlugin
2025-05-17 08:49:52,952 [INFO] PluginManager:220 - loadIPPluginJar : add ltdc
2025-05-17 08:49:52,967 [INFO] IPUIPlugin:80 - create IPUIPlugin
2025-05-17 08:49:52,967 [INFO] PluginManager:220 - loadIPPluginJar : add mdma
2025-05-17 08:49:52,979 [INFO] IPUIPlugin:80 - create IPUIPlugin
2025-05-17 08:49:52,979 [INFO] PluginManager:220 - loadIPPluginJar : add nvic
2025-05-17 08:49:53,014 [INFO] IPUIPlugin:80 - create IPUIPlugin
2025-05-17 08:49:53,014 [INFO] PluginManager:220 - loadIPPluginJar : add opamp
2025-05-17 08:49:53,067 [INFO] IPUIPlugin:80 - create IPUIPlugin
2025-05-17 08:49:53,067 [INFO] PluginManager:220 - loadIPPluginJar : add openamp
2025-05-17 08:49:53,104 [INFO] IPUIPlugin:80 - create IPUIPlugin
2025-05-17 08:49:53,105 [INFO] PluginManager:220 - loadIPPluginJar : add pdm2pcm
2025-05-17 08:49:53,117 [INFO] IPUIPlugin:80 - create IPUIPlugin
2025-05-17 08:49:53,119 [INFO] PluginManager:220 - loadIPPluginJar : add plateformsettings
2025-05-17 08:49:53,138 [INFO] IPUIPlugin:80 - create IPUIPlugin
2025-05-17 08:49:53,138 [INFO] PluginManager:220 - loadIPPluginJar : add quadspi
2025-05-17 08:49:53,158 [INFO] IPUIPlugin:80 - create IPUIPlugin
2025-05-17 08:49:53,159 [INFO] PluginManager:220 - loadIPPluginJar : add radio
2025-05-17 08:49:53,169 [INFO] IPUIPlugin:80 - create IPUIPlugin
2025-05-17 08:49:53,169 [INFO] PluginManager:220 - loadIPPluginJar : add resmgrutility
2025-05-17 08:49:53,205 [INFO] IPUIPlugin:80 - create IPUIPlugin
2025-05-17 08:49:53,205 [INFO] PluginManager:220 - loadIPPluginJar : add sai
2025-05-17 08:49:53,233 [INFO] IPUIPlugin:80 - create IPUIPlugin
2025-05-17 08:49:53,233 [INFO] PluginManager:220 - loadIPPluginJar : add spi
2025-05-17 08:49:53,286 [INFO] IPUIPlugin:80 - create IPUIPlugin
2025-05-17 08:49:53,286 [INFO] PluginManager:220 - loadIPPluginJar : add stm32_wpan
2025-05-17 08:49:53,305 [INFO] IPUIPlugin:80 - create IPUIPlugin
2025-05-17 08:49:53,305 [INFO] PluginManager:220 - loadIPPluginJar : add tim
2025-05-17 08:49:53,352 [INFO] IPUIPlugin:80 - create IPUIPlugin
2025-05-17 08:49:53,352 [INFO] PluginManager:220 - loadIPPluginJar : add touchsensing
2025-05-17 08:49:53,370 [INFO] IPUIPlugin:80 - create IPUIPlugin
2025-05-17 08:49:53,371 [INFO] PluginManager:220 - loadIPPluginJar : add tracer_emb
2025-05-17 08:49:53,373 [INFO] IPUIPlugin:80 - create IPUIPlugin
2025-05-17 08:49:53,373 [INFO] PluginManager:220 - loadIPPluginJar : add ts
2025-05-17 08:49:53,392 [INFO] IPUIPlugin:80 - create IPUIPlugin
2025-05-17 08:49:53,392 [INFO] PluginManager:220 - loadIPPluginJar : add tsc
2025-05-17 08:49:53,412 [INFO] IPUIPlugin:80 - create IPUIPlugin
2025-05-17 08:49:53,412 [INFO] PluginManager:220 - loadIPPluginJar : add ucpd
2025-05-17 08:49:53,446 [INFO] IPUIPlugin:80 - create IPUIPlugin
2025-05-17 08:49:53,446 [INFO] PluginManager:220 - loadIPPluginJar : add usart
2025-05-17 08:49:53,480 [INFO] IPUIPlugin:80 - create IPUIPlugin
2025-05-17 08:49:53,480 [INFO] PluginManager:220 - loadIPPluginJar : add usbx
2025-05-17 08:49:53,589 [FATAL] Updater:351 - Updater called before beeing initialized
2025-05-17 08:49:53,607 [INFO] RulesReader:64 - Compatibility file has been processed (297 Rules)
2025-05-17 08:49:53,615 [INFO] RulesReader:64 - Compatibility file has been processed (297 Rules)
2025-05-17 08:49:53,627 [INFO] CADModel:165 - CPN selected for project level
2025-05-17 08:49:53,627 [INFO] CADModel:114 - Register for checkConnection events
2025-05-17 08:49:53,627 [FATAL] Updater:351 - Updater called before beeing initialized
2025-05-17 08:49:53,627 [ERROR] CADModel:125 - Updater not yet initialized, retry later 
2025-05-17 08:49:53,797 [FATAL] Updater:351 - Updater called before beeing initialized
2025-05-17 08:49:53,798 [INFO] CADModel:165 - CPN selected for project level
2025-05-17 08:49:53,798 [INFO] CADModel:114 - Register for checkConnection events
2025-05-17 08:49:53,799 [FATAL] Updater:351 - Updater called before beeing initialized
2025-05-17 08:49:53,799 [ERROR] CADModel:125 - Updater not yet initialized, retry later 
2025-05-17 08:49:53,801 [FATAL] Updater:351 - Updater called before beeing initialized
2025-05-17 08:49:53,884 [FATAL] Updater:351 - Updater called before beeing initialized
2025-05-17 08:49:53,897 [INFO] DbMcusAds:53 - JSON generation date=Thu Mar 06 09:54:22 EST 2025 (1741272862078)
2025-05-17 08:49:53,897 [FATAL] Updater:351 - Updater called before beeing initialized
2025-05-17 08:49:53,926 [WARN] DetailPanel:346 - Failed to get advertising image, set to default
2025-05-17 08:49:54,101 [FATAL] Updater:351 - Updater called before beeing initialized
2025-05-17 08:49:54,103 [FATAL] Updater:351 - Updater called before beeing initialized
2025-05-17 08:49:54,103 [FATAL] Updater:351 - Updater called before beeing initialized
2025-05-17 08:49:54,103 [WARN] DetailPanel:346 - Failed to get advertising image, set to default
2025-05-17 08:49:54,104 [FATAL] Updater:351 - Updater called before beeing initialized
2025-05-17 08:49:54,152 [ERROR] Updater:1198 - MainUpdater not yet initialized. External WinMGr cannot be set.
2025-05-17 08:49:54,161 [INFO] Updater:1134 - Updater Version found : 6.13.0
2025-05-17 08:49:54,178 [INFO] ApplicationProperties:184 - Using Application install path: C:\ST\STM32CubeIDE_1.17.0\STM32CubeIDE\plugins\com.st.stm32cube.common.mx_6.13.0.202411220809
2025-05-17 08:49:54,693 [INFO] ThirdPartyUpdaterWithRetryManager:70 - Updater plugin not ready yet. [2/15]
2025-05-17 08:49:55,753 [ERROR] LogOutputStream:75 - [STDERR_REDIRECT] May 17, 2025 8:49:55 AM java.util.prefs.WindowsPreferences <init>
2025-05-17 08:49:55,754 [ERROR] LogOutputStream:75 - [STDERR_REDIRECT] WARNING: Could not open/create prefs root node Software\JavaSoft\Prefs at root 0xffffffff80000002. Windows RegCreateKeyEx(...) returned error code 5.
2025-05-17 08:49:55,754 [ERROR] LogOutputStream:75 - [STDERR_REDIRECT] 
2025-05-17 08:49:56,163 [INFO] MainUpdater:2872 - connection check result : 10
2025-05-17 08:49:56,163 [INFO] MainUpdater:289 - Updater Check For Update Now.
2025-05-17 08:49:56,164 [INFO] MicroXplorer:498 - Change Database Version : DB.6.0.130
2025-05-17 08:49:56,196 [INFO] McuFinderGlobals:63 - Set McuFinder mode to 2 (CubeIDE integrated)
2025-05-17 08:49:56,196 [INFO] UserAuth:171 - activating auth plugin
2025-05-17 08:49:56,200 [INFO] UserAuth:486 - Internet connection configuration mode: 1
2025-05-17 08:49:56,259 [INFO] JxBrowserEngine:152 - Initiate JxBrowser Engine with user profile folder
2025-05-17 08:49:56,375 [INFO] CheckServerUpdateThread:120 - End of CheckServer Thread
2025-05-17 08:49:57,246 [INFO] WebApp:168 - Instantiating new browser for Auth
2025-05-17 08:49:57,926 [WARN] PackLoader:240 - Cannot read IP mode file for STMicroelectronics.FP-SNS-MOTENVWB1.1.4.0
2025-05-17 08:49:57,947 [WARN] PackLoader:240 - Cannot read IP mode file for STMicroelectronics.FP-ATR-ASTRA1.2.0.2
2025-05-17 08:49:57,958 [WARN] PackLoader:240 - Cannot read IP mode file for STMicroelectronics.FP-ATR-ASTRA1.2.0.1
2025-05-17 08:49:57,975 [WARN] PackLoader:240 - Cannot read IP mode file for STMicroelectronics.X-CUBE-SMBUS.2.1.0
2025-05-17 08:49:57,990 [WARN] PackLoader:240 - Cannot read IP mode file for STMicroelectronics.X-CUBE-WB05N.1.1.0
2025-05-17 08:49:58,032 [WARN] PackLoader:240 - Cannot read IP mode file for STMicroelectronics.X-CUBE-AZRTOS-F7.1.1.0
2025-05-17 08:49:58,039 [WARN] PackLoader:240 - Cannot read IP mode file for STMicroelectronics.FP-SNS-FLIGHT1.5.0.2
2025-05-17 08:49:58,076 [WARN] PackLoader:240 - Cannot read IP mode file for Infineon.AIROC-Wi-Fi-Bluetooth-STM32.1.7.0
2025-05-17 08:49:58,099 [WARN] PackLoader:240 - Cannot read IP mode file for STMicroelectronics.X-CUBE-DISPLAY.3.0.0
2025-05-17 08:49:58,126 [WARN] PackLoader:240 - Cannot read IP mode file for STMicroelectronics.X-CUBE-BLE1.7.0.0
2025-05-17 08:49:58,143 [WARN] PackLoader:240 - Cannot read IP mode file for STMicroelectronics.X-CUBE-NFC10.1.0.0
2025-05-17 08:49:58,167 [WARN] PackLoader:240 - Cannot read IP mode file for STMicroelectronics.X-CUBE-BLEMGR.4.0.0
2025-05-17 08:49:58,185 [WARN] PackLoader:240 - Cannot read IP mode file for emotas.I-CUBE-CANOPEN.1.3.0
2025-05-17 08:49:58,200 [WARN] PackLoader:240 - Cannot read IP mode file for STMicroelectronics.X-CUBE-AI.10.0.0
2025-05-17 08:49:58,213 [WARN] PackLoader:240 - Cannot read IP mode file for STMicroelectronics.FP-SNS-SMARTAG2.1.2.0
2025-05-17 08:49:58,213 [INFO] WebApp:449 - Apply proxy settings
2025-05-17 08:49:58,214 [INFO] WebApp:534 - Chromium requires no authentication
2025-05-17 08:49:58,226 [WARN] PackLoader:240 - Cannot read IP mode file for STMicroelectronics.FP-SNS-FLIGHT1.5.1.0
2025-05-17 08:49:58,256 [INFO] WebApp:477 - Direct internet connection detected
2025-05-17 08:49:58,266 [WARN] PackLoader:240 - Cannot read IP mode file for STMicroelectronics.X-CUBE-MEMS1.11.1.0
2025-05-17 08:49:58,374 [INFO] LogOutputStream:77 - [STDOUT_REDIRECT] 1 : Invalid condition id : UX_CORESTACK_Condition cause : null
2025-05-17 08:49:58,376 [INFO] LogOutputStream:77 - [STDOUT_REDIRECT] 1 : Invalid condition id : UX_CORESTACK_Condition cause : null
2025-05-17 08:49:58,377 [INFO] LogOutputStream:77 - [STDOUT_REDIRECT] 1 : Invalid condition id : UX_CORESTACK_Condition cause : null
2025-05-17 08:49:58,379 [INFO] LogOutputStream:77 - [STDOUT_REDIRECT] 1 : Invalid condition id : UX_CORESTACK_Condition cause : null
2025-05-17 08:49:58,380 [INFO] LogOutputStream:77 - [STDOUT_REDIRECT] 1 : Invalid condition id : UX_CORESTACK_Condition cause : null
2025-05-17 08:49:58,382 [WARN] PackLoader:240 - Cannot read IP mode file for STMicroelectronics.X-CUBE-AZRTOS-WL.2.0.0
2025-05-17 08:49:58,413 [WARN] PackLoader:240 - Cannot read IP mode file for STMicroelectronics.FP-SNS-MOTENV1.5.0.0
2025-05-17 08:49:58,426 [WARN] PackLoader:240 - Cannot read IP mode file for wolfSSL.I-CUBE-wolfMQTT.1.19.0
2025-05-17 08:49:58,450 [WARN] PackLoader:240 - Cannot read IP mode file for WES.I-CUBE-Cesium.1.3.0
2025-05-17 08:49:58,461 [WARN] PackLoader:240 - Cannot read IP mode file for STMicroelectronics.X-CUBE-BLE2.3.3.0
2025-05-17 08:49:58,473 [WARN] PackLoader:240 - Cannot read IP mode file for STMicroelectronics.X-CUBE-NFC9.1.0.0
2025-05-17 08:49:58,475 [INFO] WebApp:880 - Register for checkConnection events
2025-05-17 08:49:58,476 [INFO] WebApp:449 - Apply proxy settings
2025-05-17 08:49:58,476 [INFO] WebApp:534 - Chromium requires no authentication
2025-05-17 08:49:58,476 [INFO] WebApp:477 - Direct internet connection detected
2025-05-17 08:49:58,485 [WARN] PackLoader:240 - Cannot read IP mode file for STMicroelectronics.X-CUBE-BLE1.7.1.0
2025-05-17 08:49:58,517 [WARN] PackLoader:240 - Cannot read IP mode file for STMicroelectronics.X-CUBE-MEMS1.11.2.0
2025-05-17 08:49:58,571 [INFO] WebApp:187 - Connection restablished
2025-05-17 08:49:58,605 [WARN] PackLoader:240 - Cannot read IP mode file for STMicroelectronics.X-CUBE-AZRTOS-G0.1.1.0
2025-05-17 08:49:58,619 [WARN] PackLoader:240 - Cannot read IP mode file for STMicroelectronics.X-CUBE-SAFEA1.1.2.2
2025-05-17 08:49:58,633 [WARN] PackLoader:240 - Cannot read IP mode file for STMicroelectronics.X-CUBE-NFC4.3.0.0
2025-05-17 08:49:58,648 [WARN] PackLoader:240 - Cannot read IP mode file for EmbeddedOffice.I-CUBE-FS-RTOS.1.0.1
2025-05-17 08:49:58,661 [WARN] PackLoader:240 - Cannot read IP mode file for STMicroelectronics.X-CUBE-WB05N.2.0.0
2025-05-17 08:49:58,673 [WARN] PackLoader:240 - Cannot read IP mode file for STMicroelectronics.X-CUBE-TCPP.4.2.0
2025-05-17 08:49:58,688 [WARN] PackLoader:240 - Cannot read IP mode file for RealThread.X-CUBE-RT-Thread_Nano.4.1.1
2025-05-17 08:49:58,701 [WARN] PackLoader:240 - Cannot read IP mode file for STMicroelectronics.FP-ATR-SIGFOX1.3.2.0
2025-05-17 08:49:58,714 [WARN] ConditionMgr:438 - getConditionDescription Invalid condition id : Cortex-A Device cause : null
2025-05-17 08:49:58,741 [WARN] ConditionMgr:1044 - genDependencies : Invalid condition id : Cortex-A Device cause : null
2025-05-17 08:49:58,741 [WARN] ConditionMgr:1044 - genDependencies : Invalid condition id : Cortex-A Device cause : null
2025-05-17 08:49:58,742 [WARN] ConditionMgr:1044 - genDependencies : Invalid condition id : Cortex-A Device cause : null
2025-05-17 08:49:58,755 [WARN] PackLoader:240 - Cannot read IP mode file for STMicroelectronics.X-CUBE-EEPRMA1.5.1.0
2025-05-17 08:49:58,767 [WARN] PackLoader:240 - Cannot read IP mode file for wolfSSL.I-CUBE-wolfSSL.5.7.6
2025-05-17 08:49:58,781 [WARN] PackLoader:240 - Cannot read IP mode file for ITTIA_DB.I-CUBE-ITTIADB.8.9.0
2025-05-17 08:49:58,811 [WARN] PackLoader:240 - Cannot read IP mode file for SEGGER.I-CUBE-embOS.1.3.1
2025-05-17 08:49:58,842 [WARN] PackLoader:240 - Cannot read IP mode file for STMicroelectronics.X-CUBE-ALGOBUILD.1.4.0
2025-05-17 08:49:58,869 [WARN] PackLoader:240 - Cannot read IP mode file for STMicroelectronics.X-CUBE-AZRTOS-F4.1.1.0
2025-05-17 08:49:58,874 [WARN] PackLoader:240 - Cannot read IP mode file for Avnet-IotConnect.X-CUBE-IoTC-DA16k-PMOD.1.0.0
2025-05-17 08:49:58,886 [WARN] PackLoader:240 - Cannot read IP mode file for STMicroelectronics.X-CUBE-ISPU.2.1.0
2025-05-17 08:49:58,910 [WARN] PackLoader:240 - Cannot read IP mode file for STMicroelectronics.X-CUBE-AZRTOS-L5.2.0.0
2025-05-17 08:49:58,925 [WARN] PackLoader:240 - Cannot read IP mode file for STMicroelectronics.X-CUBE-NFC6.3.1.0
2025-05-17 08:49:58,938 [WARN] PackLoader:240 - Cannot read IP mode file for STMicroelectronics.X-CUBE-DPower.1.2.0
2025-05-17 08:49:58,948 [WARN] PackLoader:240 - Cannot read IP mode file for STMicroelectronics.X-CUBE-FREERTOS.1.3.1
2025-05-17 08:49:58,959 [WARN] PackLoader:240 - Cannot read IP mode file for STMicroelectronics.X-CUBE-FREERTOS.1.3.0
2025-05-17 08:49:58,972 [WARN] PackLoader:240 - Cannot read IP mode file for STMicroelectronics.X-CUBE-NFC7.1.0.1
2025-05-17 08:49:58,983 [WARN] PackLoader:240 - Cannot read IP mode file for STMicroelectronics.X-CUBE-DPower.1.3.0
2025-05-17 08:49:59,012 [WARN] ConditionMgr:438 - getConditionDescription Invalid condition id : LAN8742 Phy interface Condition cause : null
2025-05-17 08:49:59,012 [WARN] PackLoader:240 - Cannot read IP mode file for STMicroelectronics.X-CUBE-AZRTOS-L4.2.0.0
2025-05-17 08:49:59,013 [WARN] ConditionMgr:1044 - genDependencies : Invalid condition id : LAN8742 Phy interface Condition cause : null
2025-05-17 08:49:59,013 [WARN] ConditionMgr:1044 - genDependencies : Invalid condition id : LAN8742 Phy interface Condition cause : null
2025-05-17 08:49:59,013 [WARN] ConditionMgr:1044 - genDependencies : Invalid condition id : LAN8742 Phy interface Condition cause : null
2025-05-17 08:49:59,028 [WARN] PackLoader:240 - Cannot read IP mode file for STMicroelectronics.X-CUBE-SFXS2LP1.4.0.0
2025-05-17 08:49:59,054 [WARN] PackLoader:240 - Cannot read IP mode file for STMicroelectronics.X-CUBE-AZRTOS-H7.3.3.0
2025-05-17 08:49:59,074 [WARN] ConditionMgr:438 - getConditionDescription Invalid condition id : UX DEVICE CLASS RTOS Condition cause : null
2025-05-17 08:49:59,074 [WARN] ConditionMgr:438 - getConditionDescription Invalid condition id : UX DEVICE CLASS RTOS Condition cause : null
2025-05-17 08:49:59,075 [WARN] PackLoader:240 - Cannot read IP mode file for STMicroelectronics.X-CUBE-AZRTOS-WB.2.0.0
2025-05-17 08:49:59,075 [WARN] ConditionMgr:1044 - genDependencies : Invalid condition id : UX DEVICE CLASS RTOS Condition cause : null
2025-05-17 08:49:59,075 [WARN] ConditionMgr:1044 - genDependencies : Invalid condition id : UX DEVICE CLASS RTOS Condition cause : null
2025-05-17 08:49:59,075 [WARN] ConditionMgr:1044 - genDependencies : Invalid condition id : UX DEVICE CLASS RTOS Condition cause : null
2025-05-17 08:49:59,075 [WARN] ConditionMgr:1044 - genDependencies : Invalid condition id : UX DEVICE CLASS RTOS Condition cause : null
2025-05-17 08:49:59,075 [WARN] ConditionMgr:1044 - genDependencies : Invalid condition id : UX DEVICE CLASS RTOS Condition cause : null
2025-05-17 08:49:59,087 [WARN] PackLoader:240 - Cannot read IP mode file for STMicroelectronics.X-CUBE-GNSS1.7.0.1
2025-05-17 08:49:59,102 [WARN] PackLoader:240 - Cannot read IP mode file for STMicroelectronics.X-CUBE-TOUCHGFX.4.25.0
2025-05-17 08:49:59,115 [WARN] PackLoader:240 - Cannot read IP mode file for STMicroelectronics.FP-SNS-STBOX1.2.0.0
2025-05-17 08:49:59,132 [WARN] PackLoader:240 - Cannot read IP mode file for STMicroelectronics.X-CUBE-SUBG2.5.0.0
2025-05-17 08:49:59,157 [WARN] PackLoader:240 - Cannot read IP mode file for STMicroelectronics.X-CUBE-AZRTOS-H7RS.1.1.0
2025-05-17 08:49:59,171 [WARN] PackLoader:240 - Cannot read IP mode file for Cesanta.I-CUBE-Mongoose.7.13.0
2025-05-17 08:49:59,190 [WARN] PackLoader:240 - Cannot read IP mode file for STMicroelectronics.X-CUBE-AZRTOS-G4.2.0.0
2025-05-17 08:49:59,203 [WARN] PackLoader:240 - Cannot read IP mode file for STMicroelectronics.X-CUBE-NFC7.2.0.0
2025-05-17 08:49:59,221 [WARN] PackLoader:240 - Cannot read IP mode file for STMicroelectronics.X-CUBE-IPS.3.1.0
2025-05-17 08:49:59,245 [WARN] PackLoader:240 - Cannot read IP mode file for STMicroelectronics.X-CUBE-ALS.1.0.2
2025-05-17 08:49:59,258 [WARN] PackLoader:240 - Cannot read IP mode file for STMicroelectronics.X-CUBE-TOUCHGFX.4.24.2
2025-05-17 08:49:59,281 [WARN] PackLoader:240 - Cannot read IP mode file for wolfSSL.I-CUBE-wolfTPM.3.4.0
2025-05-17 08:49:59,298 [WARN] PackLoader:240 - Cannot read IP mode file for portGmbH.I-Cube-SoM-uGOAL.1.1.0
2025-05-17 08:49:59,321 [WARN] PackLoader:240 - Cannot read IP mode file for STMicroelectronics.X-CUBE-AZRTOS-H7RS.1.0.0
2025-05-17 08:49:59,338 [WARN] PackLoader:240 - Cannot read IP mode file for STMicroelectronics.X-CUBE-TOF1.3.4.2
2025-05-17 08:49:59,357 [WARN] PackLoader:240 - Cannot read IP mode file for STMicroelectronics.X-CUBE-TOF1.3.4.3
2025-05-17 08:49:59,371 [WARN] PackLoader:240 - Cannot read IP mode file for wolfSSL.I-CUBE-wolfSSH.1.4.17
2025-05-17 08:49:59,372 [INFO] ThirdParty:978 - Integrity check success = true
2025-05-17 08:49:59,372 [INFO] IntegrityCheckThread:100 - exiting critical section [integrity check]
2025-05-17 08:49:59,372 [INFO] IntegrityCheckThread:103 - End integrity checks thread
2025-05-17 08:49:59,569 [INFO] WebApp:221 - Starting web application
2025-05-17 08:49:59,569 [INFO] WebApp:579 - Web application path used C:\ST\STM32CubeIDE_1.17.0\STM32CubeIDE\plugins\com.st.stm32cube.common.mx_6.13.0.202411220809\db\plugins\mcufinder\reactClient1\index.html
2025-05-17 12:24:07,340 [ERROR] LogOutputStream:75 - [STDERR_REDIRECT] 
2025-05-17 12:24:07,343 [ERROR] LogOutputStream:75 - [STDERR_REDIRECT] 
2025-05-17 16:52:59,618 [INFO] Activator:176 - 


2025-05-17 16:52:59,621 [INFO] Activator:177 - !SESSION log4j initialized
2025-05-17 16:53:05,218 [INFO] LogOutputStream:77 - [STDOUT_REDIRECT] 
2025-05-17 16:53:11,295 [INFO] ApplicationProperties:184 - Using Application install path: C:\ST\STM32CubeIDE_1.17.0\STM32CubeIDE\plugins\com.st.stm32cube.common.mx_6.13.0.202411220809
2025-05-17 16:53:11,308 [INFO] DbMcusXml:78 - Set database path to: C:\ST\STM32CubeIDE_1.17.0\STM32CubeIDE\plugins\com.st.stm32cube.common.mx_6.13.0.202411220809\\db\/mcu/
2025-05-17 16:53:11,308 [INFO] ApiDb:274 - Set plugin database path to: C:\ST\STM32CubeIDE_1.17.0\STM32CubeIDE\plugins\com.st.stm32cube.common.mx_6.13.0.202411220809\\db\/plugins/boardmanager/
2025-05-17 16:53:11,309 [WARN] ApiDb:259 - Overriding images path with different value:  => C:\ST\STM32CubeIDE_1.17.0\STM32CubeIDE\plugins\com.st.stm32cube.common.mx_6.13.0.202411220809\\db\/plugins/mcufinder/images/
2025-05-17 16:53:11,314 [INFO] ApiDb:250 - Set database path to: C:\Users\jesti\.stmcufinder\plugins\mcufinder//mcu/
2025-05-17 16:53:11,315 [INFO] DbMcusAds:125 - Set database path to: C:\Users\jesti\.stmcufinder\plugins\mcufinder//mcu/
2025-05-17 16:53:11,316 [INFO] CrossReferenceDbSqlite:203 - Set database path to: C:\Users\jesti\.stmcufinder\plugins\mcufinder//mcu/cs/
2025-05-17 16:53:11,414 [INFO] RulesReader:64 - Compatibility file has been processed (297 Rules)
2025-05-17 16:53:11,491 [INFO] DbMcusXml:78 - Set database path to: C:\ST\STM32CubeIDE_1.17.0\STM32CubeIDE\plugins\com.st.stm32cube.common.mx_6.13.0.202411220809\\db\/mcu/
2025-05-17 16:53:11,491 [INFO] ApiDb:274 - Set plugin database path to: C:\ST\STM32CubeIDE_1.17.0\STM32CubeIDE\plugins\com.st.stm32cube.common.mx_6.13.0.202411220809\\db\/plugins/boardmanager/
2025-05-17 16:53:11,491 [INFO] ApiDb:261 - Set plugin images path to: C:\ST\STM32CubeIDE_1.17.0\STM32CubeIDE\plugins\com.st.stm32cube.common.mx_6.13.0.202411220809\\db\/plugins/mcufinder/images/
2025-05-17 16:53:11,492 [WARN] DbFile:41 - Overriding database path with different value: C:\Users\jesti\.stmcufinder\plugins\mcufinder/ => C:\Users\jesti\.stmcufinder\plugins\mcufinder
2025-05-17 16:53:11,492 [INFO] ApiDb:250 - Set database path to: C:\Users\jesti\.stmcufinder\plugins\mcufinder//mcu/
2025-05-17 16:53:11,492 [WARN] DbFile:41 - Overriding database path with different value: C:\Users\jesti\.stmcufinder\plugins\mcufinder/ => C:\Users\jesti\.stmcufinder\plugins\mcufinder
2025-05-17 16:53:11,492 [INFO] DbMcusAds:125 - Set database path to: C:\Users\jesti\.stmcufinder\plugins\mcufinder//mcu/
2025-05-17 16:53:11,492 [WARN] DbFile:41 - Overriding database path with different value: C:\Users\jesti\.stmcufinder\plugins\mcufinder/ => C:\Users\jesti\.stmcufinder\plugins\mcufinder
2025-05-17 16:53:11,492 [WARN] DbFile:41 - Overriding database path with different value: C:\Users\jesti\.stmcufinder\plugins\mcufinder/ => C:\Users\jesti\.stmcufinder\plugins\mcufinder
2025-05-17 16:53:11,492 [INFO] CrossReferenceDbSqlite:203 - Set database path to: C:\Users\jesti\.stmcufinder\plugins\mcufinder//mcu/cs/
2025-05-17 16:53:11,544 [INFO] MainPanel:272 - HeapMemory: 268435456
2025-05-17 16:53:11,629 [INFO] DbMcusXml:78 - Set database path to: C:\ST\STM32CubeIDE_1.17.0\STM32CubeIDE\plugins\com.st.stm32cube.common.mx_6.13.0.202411220809\\db\/mcu/
2025-05-17 16:53:11,629 [INFO] ApiDb:274 - Set plugin database path to: C:\ST\STM32CubeIDE_1.17.0\STM32CubeIDE\plugins\com.st.stm32cube.common.mx_6.13.0.202411220809\\db\/plugins/boardmanager/
2025-05-17 16:53:11,629 [INFO] ApiDb:261 - Set plugin images path to: C:\ST\STM32CubeIDE_1.17.0\STM32CubeIDE\plugins\com.st.stm32cube.common.mx_6.13.0.202411220809\\db\/plugins/mcufinder/images/
2025-05-17 16:53:11,629 [WARN] DbFile:41 - Overriding database path with different value: C:\Users\jesti\.stmcufinder\plugins\mcufinder/ => C:\Users\jesti\.stmcufinder\plugins\mcufinder
2025-05-17 16:53:11,629 [INFO] ApiDb:250 - Set database path to: C:\Users\jesti\.stmcufinder\plugins\mcufinder//mcu/
2025-05-17 16:53:11,630 [WARN] DbFile:41 - Overriding database path with different value: C:\Users\jesti\.stmcufinder\plugins\mcufinder/ => C:\Users\jesti\.stmcufinder\plugins\mcufinder
2025-05-17 16:53:11,630 [INFO] DbMcusAds:125 - Set database path to: C:\Users\jesti\.stmcufinder\plugins\mcufinder//mcu/
2025-05-17 16:53:11,630 [WARN] DbFile:41 - Overriding database path with different value: C:\Users\jesti\.stmcufinder\plugins\mcufinder/ => C:\Users\jesti\.stmcufinder\plugins\mcufinder
2025-05-17 16:53:11,630 [WARN] DbFile:41 - Overriding database path with different value: C:\Users\jesti\.stmcufinder\plugins\mcufinder/ => C:\Users\jesti\.stmcufinder\plugins\mcufinder
2025-05-17 16:53:11,630 [INFO] CrossReferenceDbSqlite:203 - Set database path to: C:\Users\jesti\.stmcufinder\plugins\mcufinder//mcu/cs/
2025-05-17 16:53:11,643 [INFO] ApplicationProperties:184 - Using Application install path: C:\ST\STM32CubeIDE_1.17.0\STM32CubeIDE\plugins\com.st.stm32cube.common.mx_6.13.0.202411220809
2025-05-17 16:53:11,645 [INFO] PluginManage:196 - Search for loadable plugins [exclusion list=, ]
2025-05-17 16:53:11,646 [INFO] PluginManage:310 - Check plugin analytics
2025-05-17 16:53:16,753 [INFO] AnalyticsPlugin:253 - Accepted Software Licenses: 
2025-05-17 16:53:16,753 [INFO] AnalyticsPlugin:255 - Accepted CMSIS Pack Licenses: 
2025-05-17 16:53:16,753 [INFO] AnalyticsPlugin:257 - Accepted Firmware Licenses: 
2025-05-17 16:53:16,758 [INFO] PluginManage:359 - Loaded plugin analytics (category:tool,tabindex:-1)
2025-05-17 16:53:16,759 [INFO] PluginManage:310 - Check plugin cadmodel
2025-05-17 16:53:16,774 [INFO] CADModel:105 - Init CAD model plugin
2025-05-17 16:53:16,775 [INFO] PluginManage:359 - Loaded plugin cadmodel (category:power,tabindex:5)
2025-05-17 16:53:16,775 [INFO] PluginManage:310 - Check plugin clock
2025-05-17 16:53:16,792 [INFO] PluginManage:359 - Loaded plugin clock (category:base,tabindex:2)
2025-05-17 16:53:16,792 [INFO] PluginManage:310 - Check plugin ddr
2025-05-17 16:53:16,796 [INFO] PluginManage:359 - Loaded plugin ddr (category:tool,tabindex:6)
2025-05-17 16:53:16,796 [INFO] PluginManage:310 - Check plugin filemanager
2025-05-17 16:53:16,902 [INFO] PluginManage:359 - Loaded plugin filemanager (category:base,tabindex:10)
2025-05-17 16:53:16,903 [INFO] PluginManage:310 - Check plugin ipmanager
2025-05-17 16:53:16,908 [INFO] PluginManage:359 - Loaded plugin ipmanager (category:base,tabindex:5)
2025-05-17 16:53:16,908 [INFO] PluginManage:310 - Check plugin lpbam
2025-05-17 16:53:16,924 [INFO] PluginManage:359 - Loaded plugin lpbam (category:base,tabindex:0)
2025-05-17 16:53:16,924 [INFO] PluginManage:310 - Check plugin memorymap
2025-05-17 16:53:16,950 [INFO] PluginManage:359 - Loaded plugin memorymap (category:base,tabindex:4)
2025-05-17 16:53:16,950 [INFO] PluginManage:310 - Check plugin pinoutandconfiguration
2025-05-17 16:53:16,970 [INFO] PluginManage:359 - Loaded plugin pinoutandconfiguration (category:base,tabindex:1)
2025-05-17 16:53:16,970 [INFO] PluginManage:310 - Check plugin pinoutconfig
2025-05-17 16:53:17,083 [WARN] SupportedApi:132 - Cannot load RTOS API schema: s4s-elt-must-match.1: The content of 'definitions' must match (annotation?, (simpleType | complexType)?, (unique | key | keyref)*)). A problem was found starting at: attribute.
2025-05-17 16:53:17,205 [INFO] PluginManage:359 - Loaded plugin pinoutconfig (category:base,tabindex:0)
2025-05-17 16:53:17,205 [INFO] PluginManage:310 - Check plugin power
2025-05-17 16:53:17,223 [INFO] PluginManage:359 - Loaded plugin power (category:power,tabindex:4)
2025-05-17 16:53:17,223 [INFO] PluginManage:310 - Check plugin projectmanager
2025-05-17 16:53:17,236 [INFO] PluginManage:359 - Loaded plugin projectmanager (category:projectmanager,tabindex:4)
2025-05-17 16:53:17,237 [INFO] PluginManage:310 - Check plugin rif
2025-05-17 16:53:17,263 [INFO] PluginManage:359 - Loaded plugin rif (category:base,tabindex:3)
2025-05-17 16:53:17,263 [INFO] PluginManage:310 - Check plugin thirdparty
2025-05-17 16:53:17,501 [INFO] PluginManage:359 - Loaded plugin thirdparty (category:base,tabindex:-1)
2025-05-17 16:53:17,501 [WARN] IntegrityCheckThread:84 - waiting for thirdparty lock release [integrity check]
2025-05-17 16:53:17,502 [INFO] PluginManage:310 - Check plugin tools
2025-05-17 16:53:17,502 [INFO] IntegrityCheckThread:86 - entering critical section [integrity check]
2025-05-17 16:53:17,502 [INFO] ThirdPartyUpdaterWithRetryManager:70 - Updater plugin not ready yet. [1/15]
2025-05-17 16:53:17,533 [INFO] PluginManage:359 - Loaded plugin tools (category:base,tabindex:7)
2025-05-17 16:53:17,533 [INFO] PluginManage:310 - Check plugin tutovideos
2025-05-17 16:53:17,700 [INFO] PluginManage:359 - Loaded plugin tutovideos (category:base,tabindex:-1)
2025-05-17 16:53:17,700 [INFO] PluginManage:310 - Check plugin updater
2025-05-17 16:53:17,719 [INFO] PluginManage:359 - Loaded plugin updater (category:base,tabindex:12)
2025-05-17 16:53:17,719 [INFO] PluginManage:310 - Check plugin userauth
2025-05-17 16:53:17,727 [INFO] UserAuth:118 - Init User Auth plugin
2025-05-17 16:53:17,729 [INFO] PluginManage:359 - Loaded plugin userauth (category:base,tabindex:14)
2025-05-17 16:53:17,730 [INFO] PluginManage:283 - PluginManage : Loaded plugins [18]
2025-05-17 16:53:17,879 [INFO] PinOutPanel:1589 - setPackage(No Configuration,No Configuration)
2025-05-17 16:53:17,945 [INFO] CADModel:165 - CPN selected for project level
2025-05-17 16:53:17,945 [INFO] CADModel:114 - Register for checkConnection events
2025-05-17 16:53:17,972 [INFO] IPUIPlugin:80 - create IPUIPlugin
2025-05-17 16:53:17,972 [INFO] PluginManager:220 - loadIPPluginJar : add adc
2025-05-17 16:53:18,007 [INFO] IPUIPlugin:80 - create IPUIPlugin
2025-05-17 16:53:18,007 [INFO] PluginManager:220 - loadIPPluginJar : add aes
2025-05-17 16:53:18,046 [INFO] IPUIPlugin:80 - create IPUIPlugin
2025-05-17 16:53:18,046 [INFO] PluginManager:220 - loadIPPluginJar : add can
2025-05-17 16:53:18,070 [INFO] IPUIPlugin:80 - create IPUIPlugin
2025-05-17 16:53:18,070 [INFO] PluginManager:220 - loadIPPluginJar : add comp
2025-05-17 16:53:18,101 [INFO] IPUIPlugin:80 - create IPUIPlugin
2025-05-17 16:53:18,101 [INFO] PluginManager:220 - loadIPPluginJar : add cryp
2025-05-17 16:53:18,112 [INFO] IPUIPlugin:80 - create IPUIPlugin
2025-05-17 16:53:18,112 [INFO] PluginManager:220 - loadIPPluginJar : add ddr_ctrl_phy
2025-05-17 16:53:18,135 [INFO] IPUIPlugin:80 - create IPUIPlugin
2025-05-17 16:53:18,136 [INFO] PluginManager:220 - loadIPPluginJar : add dfsdm
2025-05-17 16:53:18,148 [INFO] IPUIPlugin:80 - create IPUIPlugin
2025-05-17 16:53:18,148 [INFO] PluginManager:220 - loadIPPluginJar : add dma
2025-05-17 16:53:18,179 [INFO] IPUIPlugin:80 - create IPUIPlugin
2025-05-17 16:53:18,179 [INFO] PluginManager:220 - loadIPPluginJar : add dma3
2025-05-17 16:53:18,214 [INFO] IPUIPlugin:80 - create IPUIPlugin
2025-05-17 16:53:18,214 [INFO] PluginManager:220 - loadIPPluginJar : add extmemmanager
2025-05-17 16:53:18,231 [INFO] IPUIPlugin:80 - create IPUIPlugin
2025-05-17 16:53:18,231 [INFO] PluginManager:220 - loadIPPluginJar : add fatfs
2025-05-17 16:53:18,268 [INFO] IPUIPlugin:80 - create IPUIPlugin
2025-05-17 16:53:18,268 [INFO] PluginManager:220 - loadIPPluginJar : add fmc
2025-05-17 16:53:18,281 [INFO] IPUIPlugin:80 - create IPUIPlugin
2025-05-17 16:53:18,281 [INFO] PluginManager:220 - loadIPPluginJar : add freertos
2025-05-17 16:53:18,299 [INFO] IPUIPlugin:80 - create IPUIPlugin
2025-05-17 16:53:18,299 [INFO] PluginManager:220 - loadIPPluginJar : add genericplugin
2025-05-17 16:53:18,371 [INFO] IPUIPlugin:80 - create IPUIPlugin
2025-05-17 16:53:18,371 [INFO] PluginManager:220 - loadIPPluginJar : add gfxmmu
2025-05-17 16:53:18,472 [INFO] IPUIPlugin:80 - create IPUIPlugin
2025-05-17 16:53:18,472 [INFO] PluginManager:220 - loadIPPluginJar : add gic
2025-05-17 16:53:18,483 [INFO] IPUIPlugin:80 - create IPUIPlugin
2025-05-17 16:53:18,483 [INFO] PluginManager:220 - loadIPPluginJar : add gpio
2025-05-17 16:53:18,553 [INFO] IPUIPlugin:80 - create IPUIPlugin
2025-05-17 16:53:18,553 [INFO] PluginManager:220 - loadIPPluginJar : add gtzc
2025-05-17 16:53:18,581 [INFO] IPUIPlugin:80 - create IPUIPlugin
2025-05-17 16:53:18,581 [INFO] PluginManager:220 - loadIPPluginJar : add hash
2025-05-17 16:53:18,623 [INFO] IPUIPlugin:80 - create IPUIPlugin
2025-05-17 16:53:18,623 [INFO] PluginManager:220 - loadIPPluginJar : add i2c
2025-05-17 16:53:18,654 [INFO] IPUIPlugin:80 - create IPUIPlugin
2025-05-17 16:53:18,654 [INFO] PluginManager:220 - loadIPPluginJar : add i2s
2025-05-17 16:53:18,686 [INFO] IPUIPlugin:80 - create IPUIPlugin
2025-05-17 16:53:18,686 [INFO] PluginManager:220 - loadIPPluginJar : add i3c
2025-05-17 16:53:18,763 [INFO] IPUIPlugin:80 - create IPUIPlugin
2025-05-17 16:53:18,764 [INFO] PluginManager:220 - loadIPPluginJar : add ipddr
2025-05-17 16:53:18,835 [INFO] IPUIPlugin:80 - create IPUIPlugin
2025-05-17 16:53:18,836 [INFO] PluginManager:220 - loadIPPluginJar : add linkedlist
2025-05-17 16:53:18,866 [INFO] IPUIPlugin:80 - create IPUIPlugin
2025-05-17 16:53:18,866 [INFO] PluginManager:220 - loadIPPluginJar : add lorawan
2025-05-17 16:53:18,896 [INFO] IPUIPlugin:80 - create IPUIPlugin
2025-05-17 16:53:18,896 [INFO] PluginManager:220 - loadIPPluginJar : add ltdc
2025-05-17 16:53:18,907 [INFO] IPUIPlugin:80 - create IPUIPlugin
2025-05-17 16:53:18,907 [INFO] PluginManager:220 - loadIPPluginJar : add mdma
2025-05-17 16:53:18,918 [INFO] IPUIPlugin:80 - create IPUIPlugin
2025-05-17 16:53:18,919 [INFO] PluginManager:220 - loadIPPluginJar : add nvic
2025-05-17 16:53:18,950 [INFO] IPUIPlugin:80 - create IPUIPlugin
2025-05-17 16:53:18,951 [INFO] PluginManager:220 - loadIPPluginJar : add opamp
2025-05-17 16:53:19,007 [INFO] IPUIPlugin:80 - create IPUIPlugin
2025-05-17 16:53:19,007 [INFO] PluginManager:220 - loadIPPluginJar : add openamp
2025-05-17 16:53:19,049 [INFO] IPUIPlugin:80 - create IPUIPlugin
2025-05-17 16:53:19,050 [INFO] PluginManager:220 - loadIPPluginJar : add pdm2pcm
2025-05-17 16:53:19,061 [INFO] IPUIPlugin:80 - create IPUIPlugin
2025-05-17 16:53:19,063 [INFO] PluginManager:220 - loadIPPluginJar : add plateformsettings
2025-05-17 16:53:19,081 [INFO] IPUIPlugin:80 - create IPUIPlugin
2025-05-17 16:53:19,081 [INFO] PluginManager:220 - loadIPPluginJar : add quadspi
2025-05-17 16:53:19,102 [INFO] IPUIPlugin:80 - create IPUIPlugin
2025-05-17 16:53:19,102 [INFO] PluginManager:220 - loadIPPluginJar : add radio
2025-05-17 16:53:19,112 [INFO] IPUIPlugin:80 - create IPUIPlugin
2025-05-17 16:53:19,113 [INFO] PluginManager:220 - loadIPPluginJar : add resmgrutility
2025-05-17 16:53:19,150 [INFO] IPUIPlugin:80 - create IPUIPlugin
2025-05-17 16:53:19,150 [INFO] PluginManager:220 - loadIPPluginJar : add sai
2025-05-17 16:53:19,179 [INFO] IPUIPlugin:80 - create IPUIPlugin
2025-05-17 16:53:19,179 [INFO] PluginManager:220 - loadIPPluginJar : add spi
2025-05-17 16:53:19,230 [INFO] IPUIPlugin:80 - create IPUIPlugin
2025-05-17 16:53:19,230 [INFO] PluginManager:220 - loadIPPluginJar : add stm32_wpan
2025-05-17 16:53:19,250 [INFO] IPUIPlugin:80 - create IPUIPlugin
2025-05-17 16:53:19,250 [INFO] PluginManager:220 - loadIPPluginJar : add tim
2025-05-17 16:53:19,299 [INFO] IPUIPlugin:80 - create IPUIPlugin
2025-05-17 16:53:19,299 [INFO] PluginManager:220 - loadIPPluginJar : add touchsensing
2025-05-17 16:53:19,320 [INFO] IPUIPlugin:80 - create IPUIPlugin
2025-05-17 16:53:19,320 [INFO] PluginManager:220 - loadIPPluginJar : add tracer_emb
2025-05-17 16:53:19,339 [INFO] IPUIPlugin:80 - create IPUIPlugin
2025-05-17 16:53:19,339 [INFO] PluginManager:220 - loadIPPluginJar : add ts
2025-05-17 16:53:19,358 [INFO] IPUIPlugin:80 - create IPUIPlugin
2025-05-17 16:53:19,358 [INFO] PluginManager:220 - loadIPPluginJar : add tsc
2025-05-17 16:53:19,375 [INFO] IPUIPlugin:80 - create IPUIPlugin
2025-05-17 16:53:19,376 [INFO] PluginManager:220 - loadIPPluginJar : add ucpd
2025-05-17 16:53:19,413 [INFO] IPUIPlugin:80 - create IPUIPlugin
2025-05-17 16:53:19,413 [INFO] PluginManager:220 - loadIPPluginJar : add usart
2025-05-17 16:53:19,449 [INFO] IPUIPlugin:80 - create IPUIPlugin
2025-05-17 16:53:19,449 [INFO] PluginManager:220 - loadIPPluginJar : add usbx
2025-05-17 16:53:19,557 [FATAL] Updater:351 - Updater called before beeing initialized
2025-05-17 16:53:19,577 [INFO] RulesReader:64 - Compatibility file has been processed (297 Rules)
2025-05-17 16:53:19,585 [INFO] RulesReader:64 - Compatibility file has been processed (297 Rules)
2025-05-17 16:53:19,596 [INFO] CADModel:165 - CPN selected for project level
2025-05-17 16:53:19,596 [INFO] CADModel:114 - Register for checkConnection events
2025-05-17 16:53:19,596 [FATAL] Updater:351 - Updater called before beeing initialized
2025-05-17 16:53:19,596 [ERROR] CADModel:125 - Updater not yet initialized, retry later 
2025-05-17 16:53:19,766 [FATAL] Updater:351 - Updater called before beeing initialized
2025-05-17 16:53:19,767 [INFO] CADModel:165 - CPN selected for project level
2025-05-17 16:53:19,767 [INFO] CADModel:114 - Register for checkConnection events
2025-05-17 16:53:19,767 [FATAL] Updater:351 - Updater called before beeing initialized
2025-05-17 16:53:19,767 [ERROR] CADModel:125 - Updater not yet initialized, retry later 
2025-05-17 16:53:19,770 [FATAL] Updater:351 - Updater called before beeing initialized
2025-05-17 16:53:19,848 [FATAL] Updater:351 - Updater called before beeing initialized
2025-05-17 16:53:19,863 [INFO] DbMcusAds:53 - JSON generation date=Thu Mar 06 09:54:22 EST 2025 (1741272862078)
2025-05-17 16:53:19,863 [FATAL] Updater:351 - Updater called before beeing initialized
2025-05-17 16:53:19,894 [WARN] DetailPanel:346 - Failed to get advertising image, set to default
2025-05-17 16:53:20,058 [FATAL] Updater:351 - Updater called before beeing initialized
2025-05-17 16:53:20,060 [FATAL] Updater:351 - Updater called before beeing initialized
2025-05-17 16:53:20,060 [FATAL] Updater:351 - Updater called before beeing initialized
2025-05-17 16:53:20,060 [WARN] DetailPanel:346 - Failed to get advertising image, set to default
2025-05-17 16:53:20,061 [FATAL] Updater:351 - Updater called before beeing initialized
2025-05-17 16:53:20,109 [ERROR] Updater:1198 - MainUpdater not yet initialized. External WinMGr cannot be set.
2025-05-17 16:53:20,118 [INFO] Updater:1134 - Updater Version found : 6.13.0
2025-05-17 16:53:20,133 [INFO] ApplicationProperties:184 - Using Application install path: C:\ST\STM32CubeIDE_1.17.0\STM32CubeIDE\plugins\com.st.stm32cube.common.mx_6.13.0.202411220809
2025-05-17 16:53:20,502 [INFO] ThirdPartyUpdaterWithRetryManager:70 - Updater plugin not ready yet. [2/15]
2025-05-17 16:53:21,705 [ERROR] LogOutputStream:75 - [STDERR_REDIRECT] May 17, 2025 4:53:21 PM java.util.prefs.WindowsPreferences <init>
2025-05-17 16:53:21,706 [ERROR] LogOutputStream:75 - [STDERR_REDIRECT] WARNING: Could not open/create prefs root node Software\JavaSoft\Prefs at root 0xffffffff80000002. Windows RegCreateKeyEx(...) returned error code 5.
2025-05-17 16:53:21,706 [ERROR] LogOutputStream:75 - [STDERR_REDIRECT] 
2025-05-17 16:53:22,172 [INFO] MainUpdater:2872 - connection check result : 10
2025-05-17 16:53:22,172 [INFO] MainUpdater:289 - Updater Check For Update Now.
2025-05-17 16:53:22,172 [INFO] MicroXplorer:498 - Change Database Version : DB.6.0.130
2025-05-17 16:53:22,189 [INFO] McuFinderGlobals:63 - Set McuFinder mode to 2 (CubeIDE integrated)
2025-05-17 16:53:22,189 [INFO] UserAuth:171 - activating auth plugin
2025-05-17 16:53:22,192 [INFO] UserAuth:486 - Internet connection configuration mode: 1
2025-05-17 16:53:22,251 [INFO] JxBrowserEngine:152 - Initiate JxBrowser Engine with user profile folder
2025-05-17 16:53:22,400 [INFO] CheckServerUpdateThread:120 - End of CheckServer Thread
2025-05-17 16:53:23,039 [INFO] WebApp:168 - Instantiating new browser for Auth
2025-05-17 16:53:23,625 [INFO] WebApp:449 - Apply proxy settings
2025-05-17 16:53:23,626 [INFO] WebApp:534 - Chromium requires no authentication
2025-05-17 16:53:23,638 [INFO] WebApp:477 - Direct internet connection detected
2025-05-17 16:53:23,670 [INFO] WebApp:880 - Register for checkConnection events
2025-05-17 16:53:23,670 [INFO] WebApp:449 - Apply proxy settings
2025-05-17 16:53:23,670 [INFO] WebApp:534 - Chromium requires no authentication
2025-05-17 16:53:23,670 [INFO] WebApp:477 - Direct internet connection detected
2025-05-17 16:53:23,713 [WARN] PackLoader:240 - Cannot read IP mode file for STMicroelectronics.FP-SNS-MOTENVWB1.1.4.0
2025-05-17 16:53:23,730 [WARN] PackLoader:240 - Cannot read IP mode file for STMicroelectronics.FP-ATR-ASTRA1.2.0.2
2025-05-17 16:53:23,741 [WARN] PackLoader:240 - Cannot read IP mode file for STMicroelectronics.FP-ATR-ASTRA1.2.0.1
2025-05-17 16:53:23,758 [WARN] PackLoader:240 - Cannot read IP mode file for STMicroelectronics.X-CUBE-SMBUS.2.1.0
2025-05-17 16:53:23,772 [WARN] PackLoader:240 - Cannot read IP mode file for STMicroelectronics.X-CUBE-WB05N.1.1.0
2025-05-17 16:53:23,804 [WARN] PackLoader:240 - Cannot read IP mode file for STMicroelectronics.X-CUBE-AZRTOS-F7.1.1.0
2025-05-17 16:53:23,818 [WARN] PackLoader:240 - Cannot read IP mode file for STMicroelectronics.FP-SNS-FLIGHT1.5.0.2
2025-05-17 16:53:23,846 [WARN] PackLoader:240 - Cannot read IP mode file for Infineon.AIROC-Wi-Fi-Bluetooth-STM32.1.7.0
2025-05-17 16:53:23,865 [WARN] PackLoader:240 - Cannot read IP mode file for STMicroelectronics.X-CUBE-DISPLAY.3.0.0
2025-05-17 16:53:23,880 [WARN] PackLoader:240 - Cannot read IP mode file for STMicroelectronics.X-CUBE-BLE1.7.0.0
2025-05-17 16:53:23,895 [WARN] PackLoader:240 - Cannot read IP mode file for STMicroelectronics.X-CUBE-NFC10.1.0.0
2025-05-17 16:53:23,912 [WARN] PackLoader:240 - Cannot read IP mode file for STMicroelectronics.X-CUBE-BLEMGR.4.0.0
2025-05-17 16:53:23,925 [INFO] WebApp:187 - Connection restablished
2025-05-17 16:53:23,929 [WARN] PackLoader:240 - Cannot read IP mode file for emotas.I-CUBE-CANOPEN.1.3.0
2025-05-17 16:53:23,956 [WARN] PackLoader:240 - Cannot read IP mode file for STMicroelectronics.X-CUBE-AI.10.0.0
2025-05-17 16:53:23,972 [WARN] PackLoader:240 - Cannot read IP mode file for STMicroelectronics.FP-SNS-SMARTAG2.1.2.0
2025-05-17 16:53:24,010 [WARN] PackLoader:240 - Cannot read IP mode file for STMicroelectronics.FP-SNS-FLIGHT1.5.1.0
2025-05-17 16:53:24,064 [WARN] PackLoader:240 - Cannot read IP mode file for STMicroelectronics.X-CUBE-MEMS1.11.1.0
2025-05-17 16:53:24,160 [INFO] LogOutputStream:77 - [STDOUT_REDIRECT] 1 : Invalid condition id : UX_CORESTACK_Condition cause : null
2025-05-17 16:53:24,162 [INFO] LogOutputStream:77 - [STDOUT_REDIRECT] 1 : Invalid condition id : UX_CORESTACK_Condition cause : null
2025-05-17 16:53:24,164 [INFO] LogOutputStream:77 - [STDOUT_REDIRECT] 1 : Invalid condition id : UX_CORESTACK_Condition cause : null
2025-05-17 16:53:24,165 [INFO] LogOutputStream:77 - [STDOUT_REDIRECT] 1 : Invalid condition id : UX_CORESTACK_Condition cause : null
2025-05-17 16:53:24,167 [INFO] LogOutputStream:77 - [STDOUT_REDIRECT] 1 : Invalid condition id : UX_CORESTACK_Condition cause : null
2025-05-17 16:53:24,168 [WARN] PackLoader:240 - Cannot read IP mode file for STMicroelectronics.X-CUBE-AZRTOS-WL.2.0.0
2025-05-17 16:53:24,183 [WARN] PackLoader:240 - Cannot read IP mode file for STMicroelectronics.FP-SNS-MOTENV1.5.0.0
2025-05-17 16:53:24,196 [WARN] PackLoader:240 - Cannot read IP mode file for wolfSSL.I-CUBE-wolfMQTT.1.19.0
2025-05-17 16:53:24,215 [WARN] PackLoader:240 - Cannot read IP mode file for WES.I-CUBE-Cesium.1.3.0
2025-05-17 16:53:24,228 [WARN] PackLoader:240 - Cannot read IP mode file for STMicroelectronics.X-CUBE-BLE2.3.3.0
2025-05-17 16:53:24,255 [WARN] PackLoader:240 - Cannot read IP mode file for STMicroelectronics.X-CUBE-NFC9.1.0.0
2025-05-17 16:53:24,268 [WARN] PackLoader:240 - Cannot read IP mode file for STMicroelectronics.X-CUBE-BLE1.7.1.0
2025-05-17 16:53:24,303 [WARN] PackLoader:240 - Cannot read IP mode file for STMicroelectronics.X-CUBE-MEMS1.11.2.0
2025-05-17 16:53:24,402 [WARN] PackLoader:240 - Cannot read IP mode file for STMicroelectronics.X-CUBE-AZRTOS-G0.1.1.0
2025-05-17 16:53:24,414 [WARN] PackLoader:240 - Cannot read IP mode file for STMicroelectronics.X-CUBE-SAFEA1.1.2.2
2025-05-17 16:53:24,439 [WARN] PackLoader:240 - Cannot read IP mode file for STMicroelectronics.X-CUBE-NFC4.3.0.0
2025-05-17 16:53:24,453 [WARN] PackLoader:240 - Cannot read IP mode file for EmbeddedOffice.I-CUBE-FS-RTOS.1.0.1
2025-05-17 16:53:24,465 [WARN] PackLoader:240 - Cannot read IP mode file for STMicroelectronics.X-CUBE-WB05N.2.0.0
2025-05-17 16:53:24,476 [WARN] PackLoader:240 - Cannot read IP mode file for STMicroelectronics.X-CUBE-TCPP.4.2.0
2025-05-17 16:53:24,488 [WARN] PackLoader:240 - Cannot read IP mode file for RealThread.X-CUBE-RT-Thread_Nano.4.1.1
2025-05-17 16:53:24,500 [WARN] PackLoader:240 - Cannot read IP mode file for STMicroelectronics.FP-ATR-SIGFOX1.3.2.0
2025-05-17 16:53:24,506 [INFO] WebApp:221 - Starting web application
2025-05-17 16:53:24,506 [INFO] WebApp:579 - Web application path used C:\ST\STM32CubeIDE_1.17.0\STM32CubeIDE\plugins\com.st.stm32cube.common.mx_6.13.0.202411220809\db\plugins\mcufinder\reactClient1\index.html
2025-05-17 16:53:24,514 [WARN] ConditionMgr:438 - getConditionDescription Invalid condition id : Cortex-A Device cause : null
2025-05-17 16:53:24,543 [WARN] ConditionMgr:1044 - genDependencies : Invalid condition id : Cortex-A Device cause : null
2025-05-17 16:53:24,543 [WARN] ConditionMgr:1044 - genDependencies : Invalid condition id : Cortex-A Device cause : null
2025-05-17 16:53:24,543 [WARN] ConditionMgr:1044 - genDependencies : Invalid condition id : Cortex-A Device cause : null
2025-05-17 16:53:24,556 [WARN] PackLoader:240 - Cannot read IP mode file for STMicroelectronics.X-CUBE-EEPRMA1.5.1.0
2025-05-17 16:53:24,571 [WARN] PackLoader:240 - Cannot read IP mode file for wolfSSL.I-CUBE-wolfSSL.5.7.6
2025-05-17 16:53:24,586 [WARN] PackLoader:240 - Cannot read IP mode file for ITTIA_DB.I-CUBE-ITTIADB.8.9.0
2025-05-17 16:53:24,613 [WARN] PackLoader:240 - Cannot read IP mode file for SEGGER.I-CUBE-embOS.1.3.1
2025-05-17 16:53:24,643 [WARN] PackLoader:240 - Cannot read IP mode file for STMicroelectronics.X-CUBE-ALGOBUILD.1.4.0
2025-05-17 16:53:24,664 [WARN] PackLoader:240 - Cannot read IP mode file for STMicroelectronics.X-CUBE-AZRTOS-F4.1.1.0
2025-05-17 16:53:24,680 [WARN] PackLoader:240 - Cannot read IP mode file for Avnet-IotConnect.X-CUBE-IoTC-DA16k-PMOD.1.0.0
2025-05-17 16:53:24,692 [WARN] PackLoader:240 - Cannot read IP mode file for STMicroelectronics.X-CUBE-ISPU.2.1.0
2025-05-17 16:53:24,713 [WARN] PackLoader:240 - Cannot read IP mode file for STMicroelectronics.X-CUBE-AZRTOS-L5.2.0.0
2025-05-17 16:53:24,727 [WARN] PackLoader:240 - Cannot read IP mode file for STMicroelectronics.X-CUBE-NFC6.3.1.0
2025-05-17 16:53:24,741 [WARN] PackLoader:240 - Cannot read IP mode file for STMicroelectronics.X-CUBE-DPower.1.2.0
2025-05-17 16:53:24,753 [WARN] PackLoader:240 - Cannot read IP mode file for STMicroelectronics.X-CUBE-FREERTOS.1.3.1
2025-05-17 16:53:24,763 [WARN] PackLoader:240 - Cannot read IP mode file for STMicroelectronics.X-CUBE-FREERTOS.1.3.0
2025-05-17 16:53:24,775 [WARN] PackLoader:240 - Cannot read IP mode file for STMicroelectronics.X-CUBE-NFC7.1.0.1
2025-05-17 16:53:24,786 [WARN] PackLoader:240 - Cannot read IP mode file for STMicroelectronics.X-CUBE-DPower.1.3.0
2025-05-17 16:53:24,810 [WARN] ConditionMgr:438 - getConditionDescription Invalid condition id : LAN8742 Phy interface Condition cause : null
2025-05-17 16:53:24,810 [WARN] PackLoader:240 - Cannot read IP mode file for STMicroelectronics.X-CUBE-AZRTOS-L4.2.0.0
2025-05-17 16:53:24,811 [WARN] ConditionMgr:1044 - genDependencies : Invalid condition id : LAN8742 Phy interface Condition cause : null
2025-05-17 16:53:24,811 [WARN] ConditionMgr:1044 - genDependencies : Invalid condition id : LAN8742 Phy interface Condition cause : null
2025-05-17 16:53:24,811 [WARN] ConditionMgr:1044 - genDependencies : Invalid condition id : LAN8742 Phy interface Condition cause : null
2025-05-17 16:53:24,823 [WARN] PackLoader:240 - Cannot read IP mode file for STMicroelectronics.X-CUBE-SFXS2LP1.4.0.0
2025-05-17 16:53:24,853 [WARN] PackLoader:240 - Cannot read IP mode file for STMicroelectronics.X-CUBE-AZRTOS-H7.3.3.0
2025-05-17 16:53:24,880 [WARN] ConditionMgr:438 - getConditionDescription Invalid condition id : UX DEVICE CLASS RTOS Condition cause : null
2025-05-17 16:53:24,880 [WARN] ConditionMgr:438 - getConditionDescription Invalid condition id : UX DEVICE CLASS RTOS Condition cause : null
2025-05-17 16:53:24,882 [WARN] PackLoader:240 - Cannot read IP mode file for STMicroelectronics.X-CUBE-AZRTOS-WB.2.0.0
2025-05-17 16:53:24,882 [WARN] ConditionMgr:1044 - genDependencies : Invalid condition id : UX DEVICE CLASS RTOS Condition cause : null
2025-05-17 16:53:24,882 [WARN] ConditionMgr:1044 - genDependencies : Invalid condition id : UX DEVICE CLASS RTOS Condition cause : null
2025-05-17 16:53:24,882 [WARN] ConditionMgr:1044 - genDependencies : Invalid condition id : UX DEVICE CLASS RTOS Condition cause : null
2025-05-17 16:53:24,883 [WARN] ConditionMgr:1044 - genDependencies : Invalid condition id : UX DEVICE CLASS RTOS Condition cause : null
2025-05-17 16:53:24,883 [WARN] ConditionMgr:1044 - genDependencies : Invalid condition id : UX DEVICE CLASS RTOS Condition cause : null
2025-05-17 16:53:24,917 [WARN] PackLoader:240 - Cannot read IP mode file for STMicroelectronics.X-CUBE-GNSS1.7.0.1
2025-05-17 16:53:24,939 [WARN] PackLoader:240 - Cannot read IP mode file for STMicroelectronics.X-CUBE-TOUCHGFX.4.25.0
2025-05-17 16:53:24,955 [WARN] PackLoader:240 - Cannot read IP mode file for STMicroelectronics.FP-SNS-STBOX1.2.0.0
2025-05-17 16:53:24,972 [WARN] PackLoader:240 - Cannot read IP mode file for STMicroelectronics.X-CUBE-SUBG2.5.0.0
2025-05-17 16:53:24,999 [WARN] PackLoader:240 - Cannot read IP mode file for STMicroelectronics.X-CUBE-AZRTOS-H7RS.1.1.0
2025-05-17 16:53:25,014 [WARN] PackLoader:240 - Cannot read IP mode file for Cesanta.I-CUBE-Mongoose.7.13.0
2025-05-17 16:53:25,033 [WARN] PackLoader:240 - Cannot read IP mode file for STMicroelectronics.X-CUBE-AZRTOS-G4.2.0.0
2025-05-17 16:53:25,046 [WARN] PackLoader:240 - Cannot read IP mode file for STMicroelectronics.X-CUBE-NFC7.2.0.0
2025-05-17 16:53:25,062 [WARN] PackLoader:240 - Cannot read IP mode file for STMicroelectronics.X-CUBE-IPS.3.1.0
2025-05-17 16:53:25,078 [WARN] PackLoader:240 - Cannot read IP mode file for STMicroelectronics.X-CUBE-ALS.1.0.2
2025-05-17 16:53:25,091 [WARN] PackLoader:240 - Cannot read IP mode file for STMicroelectronics.X-CUBE-TOUCHGFX.4.24.2
2025-05-17 16:53:25,106 [WARN] PackLoader:240 - Cannot read IP mode file for wolfSSL.I-CUBE-wolfTPM.3.4.0
2025-05-17 16:53:25,120 [WARN] PackLoader:240 - Cannot read IP mode file for portGmbH.I-Cube-SoM-uGOAL.1.1.0
2025-05-17 16:53:25,144 [WARN] PackLoader:240 - Cannot read IP mode file for STMicroelectronics.X-CUBE-AZRTOS-H7RS.1.0.0
2025-05-17 16:53:25,162 [WARN] PackLoader:240 - Cannot read IP mode file for STMicroelectronics.X-CUBE-TOF1.3.4.2
2025-05-17 16:53:25,183 [WARN] PackLoader:240 - Cannot read IP mode file for STMicroelectronics.X-CUBE-TOF1.3.4.3
2025-05-17 16:53:25,199 [WARN] PackLoader:240 - Cannot read IP mode file for wolfSSL.I-CUBE-wolfSSH.1.4.17
2025-05-17 16:53:25,200 [INFO] ThirdParty:978 - Integrity check success = true
2025-05-17 16:53:25,200 [INFO] IntegrityCheckThread:100 - exiting critical section [integrity check]
2025-05-17 16:53:25,200 [INFO] IntegrityCheckThread:103 - End integrity checks thread
2025-05-17 18:44:00,886 [ERROR] LogOutputStream:75 - [STDERR_REDIRECT] 
2025-05-17 18:44:00,889 [ERROR] LogOutputStream:75 - [STDERR_REDIRECT] 
2025-05-17 20:21:37,622 [INFO] Activator:176 - 


2025-05-17 20:21:37,624 [INFO] Activator:177 - !SESSION log4j initialized
2025-05-17 20:21:42,556 [INFO] LogOutputStream:77 - [STDOUT_REDIRECT] 
2025-05-17 20:21:48,181 [INFO] ApplicationProperties:184 - Using Application install path: C:\ST\STM32CubeIDE_1.17.0\STM32CubeIDE\plugins\com.st.stm32cube.common.mx_6.13.0.202411220809
2025-05-17 20:21:48,204 [INFO] DbMcusXml:78 - Set database path to: C:\ST\STM32CubeIDE_1.17.0\STM32CubeIDE\plugins\com.st.stm32cube.common.mx_6.13.0.202411220809\\db\/mcu/
2025-05-17 20:21:48,205 [INFO] ApiDb:274 - Set plugin database path to: C:\ST\STM32CubeIDE_1.17.0\STM32CubeIDE\plugins\com.st.stm32cube.common.mx_6.13.0.202411220809\\db\/plugins/boardmanager/
2025-05-17 20:21:48,205 [WARN] ApiDb:259 - Overriding images path with different value:  => C:\ST\STM32CubeIDE_1.17.0\STM32CubeIDE\plugins\com.st.stm32cube.common.mx_6.13.0.202411220809\\db\/plugins/mcufinder/images/
2025-05-17 20:21:48,209 [INFO] ApiDb:250 - Set database path to: C:\Users\jesti\.stmcufinder\plugins\mcufinder//mcu/
2025-05-17 20:21:48,210 [INFO] DbMcusAds:125 - Set database path to: C:\Users\jesti\.stmcufinder\plugins\mcufinder//mcu/
2025-05-17 20:21:48,211 [INFO] CrossReferenceDbSqlite:203 - Set database path to: C:\Users\jesti\.stmcufinder\plugins\mcufinder//mcu/cs/
2025-05-17 20:21:48,307 [INFO] RulesReader:64 - Compatibility file has been processed (297 Rules)
2025-05-17 20:21:48,385 [INFO] DbMcusXml:78 - Set database path to: C:\ST\STM32CubeIDE_1.17.0\STM32CubeIDE\plugins\com.st.stm32cube.common.mx_6.13.0.202411220809\\db\/mcu/
2025-05-17 20:21:48,385 [INFO] ApiDb:274 - Set plugin database path to: C:\ST\STM32CubeIDE_1.17.0\STM32CubeIDE\plugins\com.st.stm32cube.common.mx_6.13.0.202411220809\\db\/plugins/boardmanager/
2025-05-17 20:21:48,385 [INFO] ApiDb:261 - Set plugin images path to: C:\ST\STM32CubeIDE_1.17.0\STM32CubeIDE\plugins\com.st.stm32cube.common.mx_6.13.0.202411220809\\db\/plugins/mcufinder/images/
2025-05-17 20:21:48,385 [WARN] DbFile:41 - Overriding database path with different value: C:\Users\jesti\.stmcufinder\plugins\mcufinder/ => C:\Users\jesti\.stmcufinder\plugins\mcufinder
2025-05-17 20:21:48,385 [INFO] ApiDb:250 - Set database path to: C:\Users\jesti\.stmcufinder\plugins\mcufinder//mcu/
2025-05-17 20:21:48,385 [WARN] DbFile:41 - Overriding database path with different value: C:\Users\jesti\.stmcufinder\plugins\mcufinder/ => C:\Users\jesti\.stmcufinder\plugins\mcufinder
2025-05-17 20:21:48,386 [INFO] DbMcusAds:125 - Set database path to: C:\Users\jesti\.stmcufinder\plugins\mcufinder//mcu/
2025-05-17 20:21:48,386 [WARN] DbFile:41 - Overriding database path with different value: C:\Users\jesti\.stmcufinder\plugins\mcufinder/ => C:\Users\jesti\.stmcufinder\plugins\mcufinder
2025-05-17 20:21:48,386 [WARN] DbFile:41 - Overriding database path with different value: C:\Users\jesti\.stmcufinder\plugins\mcufinder/ => C:\Users\jesti\.stmcufinder\plugins\mcufinder
2025-05-17 20:21:48,386 [INFO] CrossReferenceDbSqlite:203 - Set database path to: C:\Users\jesti\.stmcufinder\plugins\mcufinder//mcu/cs/
2025-05-17 20:21:48,438 [INFO] MainPanel:272 - HeapMemory: 268435456
2025-05-17 20:21:48,526 [INFO] DbMcusXml:78 - Set database path to: C:\ST\STM32CubeIDE_1.17.0\STM32CubeIDE\plugins\com.st.stm32cube.common.mx_6.13.0.202411220809\\db\/mcu/
2025-05-17 20:21:48,526 [INFO] ApiDb:274 - Set plugin database path to: C:\ST\STM32CubeIDE_1.17.0\STM32CubeIDE\plugins\com.st.stm32cube.common.mx_6.13.0.202411220809\\db\/plugins/boardmanager/
2025-05-17 20:21:48,526 [INFO] ApiDb:261 - Set plugin images path to: C:\ST\STM32CubeIDE_1.17.0\STM32CubeIDE\plugins\com.st.stm32cube.common.mx_6.13.0.202411220809\\db\/plugins/mcufinder/images/
2025-05-17 20:21:48,526 [WARN] DbFile:41 - Overriding database path with different value: C:\Users\jesti\.stmcufinder\plugins\mcufinder/ => C:\Users\jesti\.stmcufinder\plugins\mcufinder
2025-05-17 20:21:48,526 [INFO] ApiDb:250 - Set database path to: C:\Users\jesti\.stmcufinder\plugins\mcufinder//mcu/
2025-05-17 20:21:48,526 [WARN] DbFile:41 - Overriding database path with different value: C:\Users\jesti\.stmcufinder\plugins\mcufinder/ => C:\Users\jesti\.stmcufinder\plugins\mcufinder
2025-05-17 20:21:48,526 [INFO] DbMcusAds:125 - Set database path to: C:\Users\jesti\.stmcufinder\plugins\mcufinder//mcu/
2025-05-17 20:21:48,526 [WARN] DbFile:41 - Overriding database path with different value: C:\Users\jesti\.stmcufinder\plugins\mcufinder/ => C:\Users\jesti\.stmcufinder\plugins\mcufinder
2025-05-17 20:21:48,526 [WARN] DbFile:41 - Overriding database path with different value: C:\Users\jesti\.stmcufinder\plugins\mcufinder/ => C:\Users\jesti\.stmcufinder\plugins\mcufinder
2025-05-17 20:21:48,526 [INFO] CrossReferenceDbSqlite:203 - Set database path to: C:\Users\jesti\.stmcufinder\plugins\mcufinder//mcu/cs/
2025-05-17 20:21:48,539 [INFO] ApplicationProperties:184 - Using Application install path: C:\ST\STM32CubeIDE_1.17.0\STM32CubeIDE\plugins\com.st.stm32cube.common.mx_6.13.0.202411220809
2025-05-17 20:21:48,540 [INFO] PluginManage:196 - Search for loadable plugins [exclusion list=, ]
2025-05-17 20:21:48,541 [INFO] PluginManage:310 - Check plugin analytics
2025-05-17 20:21:53,225 [INFO] AnalyticsPlugin:253 - Accepted Software Licenses: 
2025-05-17 20:21:53,225 [INFO] AnalyticsPlugin:255 - Accepted CMSIS Pack Licenses: 
2025-05-17 20:21:53,226 [INFO] AnalyticsPlugin:257 - Accepted Firmware Licenses: 
2025-05-17 20:21:53,231 [INFO] PluginManage:359 - Loaded plugin analytics (category:tool,tabindex:-1)
2025-05-17 20:21:53,232 [INFO] PluginManage:310 - Check plugin cadmodel
2025-05-17 20:21:53,238 [INFO] CADModel:105 - Init CAD model plugin
2025-05-17 20:21:53,239 [INFO] PluginManage:359 - Loaded plugin cadmodel (category:power,tabindex:5)
2025-05-17 20:21:53,239 [INFO] PluginManage:310 - Check plugin clock
2025-05-17 20:21:53,255 [INFO] PluginManage:359 - Loaded plugin clock (category:base,tabindex:2)
2025-05-17 20:21:53,256 [INFO] PluginManage:310 - Check plugin ddr
2025-05-17 20:21:53,262 [INFO] PluginManage:359 - Loaded plugin ddr (category:tool,tabindex:6)
2025-05-17 20:21:53,262 [INFO] PluginManage:310 - Check plugin filemanager
2025-05-17 20:21:53,417 [INFO] PluginManage:359 - Loaded plugin filemanager (category:base,tabindex:10)
2025-05-17 20:21:53,417 [INFO] PluginManage:310 - Check plugin ipmanager
2025-05-17 20:21:53,422 [INFO] PluginManage:359 - Loaded plugin ipmanager (category:base,tabindex:5)
2025-05-17 20:21:53,423 [INFO] PluginManage:310 - Check plugin lpbam
2025-05-17 20:21:53,429 [INFO] PluginManage:359 - Loaded plugin lpbam (category:base,tabindex:0)
2025-05-17 20:21:53,429 [INFO] PluginManage:310 - Check plugin memorymap
2025-05-17 20:21:53,440 [INFO] PluginManage:359 - Loaded plugin memorymap (category:base,tabindex:4)
2025-05-17 20:21:53,441 [INFO] PluginManage:310 - Check plugin pinoutandconfiguration
2025-05-17 20:21:53,445 [INFO] PluginManage:359 - Loaded plugin pinoutandconfiguration (category:base,tabindex:1)
2025-05-17 20:21:53,445 [INFO] PluginManage:310 - Check plugin pinoutconfig
2025-05-17 20:21:53,513 [WARN] SupportedApi:132 - Cannot load RTOS API schema: s4s-elt-must-match.1: The content of 'definitions' must match (annotation?, (simpleType | complexType)?, (unique | key | keyref)*)). A problem was found starting at: attribute.
2025-05-17 20:21:53,623 [INFO] PluginManage:359 - Loaded plugin pinoutconfig (category:base,tabindex:0)
2025-05-17 20:21:53,623 [INFO] PluginManage:310 - Check plugin power
2025-05-17 20:21:53,630 [INFO] PluginManage:359 - Loaded plugin power (category:power,tabindex:4)
2025-05-17 20:21:53,631 [INFO] PluginManage:310 - Check plugin projectmanager
2025-05-17 20:21:53,644 [INFO] PluginManage:359 - Loaded plugin projectmanager (category:projectmanager,tabindex:4)
2025-05-17 20:21:53,644 [INFO] PluginManage:310 - Check plugin rif
2025-05-17 20:21:53,659 [INFO] PluginManage:359 - Loaded plugin rif (category:base,tabindex:3)
2025-05-17 20:21:53,659 [INFO] PluginManage:310 - Check plugin thirdparty
2025-05-17 20:21:53,775 [WARN] IntegrityCheckThread:84 - waiting for thirdparty lock release [integrity check]
2025-05-17 20:21:53,775 [INFO] IntegrityCheckThread:86 - entering critical section [integrity check]
2025-05-17 20:21:53,775 [INFO] ThirdPartyUpdaterWithRetryManager:70 - Updater plugin not ready yet. [1/15]
2025-05-17 20:21:53,776 [INFO] PluginManage:359 - Loaded plugin thirdparty (category:base,tabindex:-1)
2025-05-17 20:21:53,776 [INFO] PluginManage:310 - Check plugin tools
2025-05-17 20:21:53,781 [INFO] PluginManage:359 - Loaded plugin tools (category:base,tabindex:7)
2025-05-17 20:21:53,781 [INFO] PluginManage:310 - Check plugin tutovideos
2025-05-17 20:21:53,933 [INFO] PluginManage:359 - Loaded plugin tutovideos (category:base,tabindex:-1)
2025-05-17 20:21:53,933 [INFO] PluginManage:310 - Check plugin updater
2025-05-17 20:21:53,953 [INFO] PluginManage:359 - Loaded plugin updater (category:base,tabindex:12)
2025-05-17 20:21:53,953 [INFO] PluginManage:310 - Check plugin userauth
2025-05-17 20:21:53,961 [INFO] UserAuth:118 - Init User Auth plugin
2025-05-17 20:21:53,961 [INFO] PluginManage:359 - Loaded plugin userauth (category:base,tabindex:14)
2025-05-17 20:21:53,962 [INFO] PluginManage:283 - PluginManage : Loaded plugins [18]
2025-05-17 20:21:54,130 [INFO] PinOutPanel:1589 - setPackage(No Configuration,No Configuration)
2025-05-17 20:21:54,191 [INFO] CADModel:165 - CPN selected for project level
2025-05-17 20:21:54,191 [INFO] CADModel:114 - Register for checkConnection events
2025-05-17 20:21:54,203 [INFO] IPUIPlugin:80 - create IPUIPlugin
2025-05-17 20:21:54,203 [INFO] PluginManager:220 - loadIPPluginJar : add adc
2025-05-17 20:21:54,205 [INFO] IPUIPlugin:80 - create IPUIPlugin
2025-05-17 20:21:54,205 [INFO] PluginManager:220 - loadIPPluginJar : add aes
2025-05-17 20:21:54,208 [INFO] IPUIPlugin:80 - create IPUIPlugin
2025-05-17 20:21:54,209 [INFO] PluginManager:220 - loadIPPluginJar : add can
2025-05-17 20:21:54,210 [INFO] IPUIPlugin:80 - create IPUIPlugin
2025-05-17 20:21:54,210 [INFO] PluginManager:220 - loadIPPluginJar : add comp
2025-05-17 20:21:54,211 [INFO] IPUIPlugin:80 - create IPUIPlugin
2025-05-17 20:21:54,211 [INFO] PluginManager:220 - loadIPPluginJar : add cryp
2025-05-17 20:21:54,213 [INFO] IPUIPlugin:80 - create IPUIPlugin
2025-05-17 20:21:54,213 [INFO] PluginManager:220 - loadIPPluginJar : add ddr_ctrl_phy
2025-05-17 20:21:54,214 [INFO] IPUIPlugin:80 - create IPUIPlugin
2025-05-17 20:21:54,214 [INFO] PluginManager:220 - loadIPPluginJar : add dfsdm
2025-05-17 20:21:54,218 [INFO] IPUIPlugin:80 - create IPUIPlugin
2025-05-17 20:21:54,218 [INFO] PluginManager:220 - loadIPPluginJar : add dma
2025-05-17 20:21:54,220 [INFO] IPUIPlugin:80 - create IPUIPlugin
2025-05-17 20:21:54,220 [INFO] PluginManager:220 - loadIPPluginJar : add dma3
2025-05-17 20:21:54,221 [INFO] IPUIPlugin:80 - create IPUIPlugin
2025-05-17 20:21:54,221 [INFO] PluginManager:220 - loadIPPluginJar : add extmemmanager
2025-05-17 20:21:54,222 [INFO] IPUIPlugin:80 - create IPUIPlugin
2025-05-17 20:21:54,222 [INFO] PluginManager:220 - loadIPPluginJar : add fatfs
2025-05-17 20:21:54,225 [INFO] IPUIPlugin:80 - create IPUIPlugin
2025-05-17 20:21:54,225 [INFO] PluginManager:220 - loadIPPluginJar : add fmc
2025-05-17 20:21:54,228 [INFO] IPUIPlugin:80 - create IPUIPlugin
2025-05-17 20:21:54,229 [INFO] PluginManager:220 - loadIPPluginJar : add freertos
2025-05-17 20:21:54,230 [INFO] IPUIPlugin:80 - create IPUIPlugin
2025-05-17 20:21:54,230 [INFO] PluginManager:220 - loadIPPluginJar : add genericplugin
2025-05-17 20:21:54,231 [INFO] IPUIPlugin:80 - create IPUIPlugin
2025-05-17 20:21:54,231 [INFO] PluginManager:220 - loadIPPluginJar : add gfxmmu
2025-05-17 20:21:54,234 [INFO] IPUIPlugin:80 - create IPUIPlugin
2025-05-17 20:21:54,234 [INFO] PluginManager:220 - loadIPPluginJar : add gic
2025-05-17 20:21:54,237 [INFO] IPUIPlugin:80 - create IPUIPlugin
2025-05-17 20:21:54,237 [INFO] PluginManager:220 - loadIPPluginJar : add gpio
2025-05-17 20:21:54,238 [INFO] IPUIPlugin:80 - create IPUIPlugin
2025-05-17 20:21:54,238 [INFO] PluginManager:220 - loadIPPluginJar : add gtzc
2025-05-17 20:21:54,240 [INFO] IPUIPlugin:80 - create IPUIPlugin
2025-05-17 20:21:54,240 [INFO] PluginManager:220 - loadIPPluginJar : add hash
2025-05-17 20:21:54,241 [INFO] IPUIPlugin:80 - create IPUIPlugin
2025-05-17 20:21:54,241 [INFO] PluginManager:220 - loadIPPluginJar : add i2c
2025-05-17 20:21:54,243 [INFO] IPUIPlugin:80 - create IPUIPlugin
2025-05-17 20:21:54,243 [INFO] PluginManager:220 - loadIPPluginJar : add i2s
2025-05-17 20:21:54,245 [INFO] IPUIPlugin:80 - create IPUIPlugin
2025-05-17 20:21:54,245 [INFO] PluginManager:220 - loadIPPluginJar : add i3c
2025-05-17 20:21:54,248 [INFO] IPUIPlugin:80 - create IPUIPlugin
2025-05-17 20:21:54,248 [INFO] PluginManager:220 - loadIPPluginJar : add ipddr
2025-05-17 20:21:54,254 [INFO] IPUIPlugin:80 - create IPUIPlugin
2025-05-17 20:21:54,254 [INFO] PluginManager:220 - loadIPPluginJar : add linkedlist
2025-05-17 20:21:54,256 [INFO] IPUIPlugin:80 - create IPUIPlugin
2025-05-17 20:21:54,256 [INFO] PluginManager:220 - loadIPPluginJar : add lorawan
2025-05-17 20:21:54,257 [INFO] IPUIPlugin:80 - create IPUIPlugin
2025-05-17 20:21:54,257 [INFO] PluginManager:220 - loadIPPluginJar : add ltdc
2025-05-17 20:21:54,260 [INFO] IPUIPlugin:80 - create IPUIPlugin
2025-05-17 20:21:54,260 [INFO] PluginManager:220 - loadIPPluginJar : add mdma
2025-05-17 20:21:54,261 [INFO] IPUIPlugin:80 - create IPUIPlugin
2025-05-17 20:21:54,262 [INFO] PluginManager:220 - loadIPPluginJar : add nvic
2025-05-17 20:21:54,264 [INFO] IPUIPlugin:80 - create IPUIPlugin
2025-05-17 20:21:54,264 [INFO] PluginManager:220 - loadIPPluginJar : add opamp
2025-05-17 20:21:54,266 [INFO] IPUIPlugin:80 - create IPUIPlugin
2025-05-17 20:21:54,266 [INFO] PluginManager:220 - loadIPPluginJar : add openamp
2025-05-17 20:21:54,267 [INFO] IPUIPlugin:80 - create IPUIPlugin
2025-05-17 20:21:54,267 [INFO] PluginManager:220 - loadIPPluginJar : add pdm2pcm
2025-05-17 20:21:54,271 [INFO] IPUIPlugin:80 - create IPUIPlugin
2025-05-17 20:21:54,273 [INFO] PluginManager:220 - loadIPPluginJar : add plateformsettings
2025-05-17 20:21:54,274 [INFO] IPUIPlugin:80 - create IPUIPlugin
2025-05-17 20:21:54,274 [INFO] PluginManager:220 - loadIPPluginJar : add quadspi
2025-05-17 20:21:54,275 [INFO] IPUIPlugin:80 - create IPUIPlugin
2025-05-17 20:21:54,275 [INFO] PluginManager:220 - loadIPPluginJar : add radio
2025-05-17 20:21:54,277 [INFO] IPUIPlugin:80 - create IPUIPlugin
2025-05-17 20:21:54,277 [INFO] PluginManager:220 - loadIPPluginJar : add resmgrutility
2025-05-17 20:21:54,279 [INFO] IPUIPlugin:80 - create IPUIPlugin
2025-05-17 20:21:54,279 [INFO] PluginManager:220 - loadIPPluginJar : add sai
2025-05-17 20:21:54,280 [INFO] IPUIPlugin:80 - create IPUIPlugin
2025-05-17 20:21:54,280 [INFO] PluginManager:220 - loadIPPluginJar : add spi
2025-05-17 20:21:54,282 [INFO] IPUIPlugin:80 - create IPUIPlugin
2025-05-17 20:21:54,282 [INFO] PluginManager:220 - loadIPPluginJar : add stm32_wpan
2025-05-17 20:21:54,283 [INFO] IPUIPlugin:80 - create IPUIPlugin
2025-05-17 20:21:54,283 [INFO] PluginManager:220 - loadIPPluginJar : add tim
2025-05-17 20:21:54,285 [INFO] IPUIPlugin:80 - create IPUIPlugin
2025-05-17 20:21:54,285 [INFO] PluginManager:220 - loadIPPluginJar : add touchsensing
2025-05-17 20:21:54,292 [INFO] IPUIPlugin:80 - create IPUIPlugin
2025-05-17 20:21:54,292 [INFO] PluginManager:220 - loadIPPluginJar : add tracer_emb
2025-05-17 20:21:54,295 [INFO] IPUIPlugin:80 - create IPUIPlugin
2025-05-17 20:21:54,295 [INFO] PluginManager:220 - loadIPPluginJar : add ts
2025-05-17 20:21:54,297 [INFO] IPUIPlugin:80 - create IPUIPlugin
2025-05-17 20:21:54,297 [INFO] PluginManager:220 - loadIPPluginJar : add tsc
2025-05-17 20:21:54,301 [INFO] IPUIPlugin:80 - create IPUIPlugin
2025-05-17 20:21:54,301 [INFO] PluginManager:220 - loadIPPluginJar : add ucpd
2025-05-17 20:21:54,305 [INFO] IPUIPlugin:80 - create IPUIPlugin
2025-05-17 20:21:54,305 [INFO] PluginManager:220 - loadIPPluginJar : add usart
2025-05-17 20:21:54,309 [INFO] IPUIPlugin:80 - create IPUIPlugin
2025-05-17 20:21:54,310 [INFO] PluginManager:220 - loadIPPluginJar : add usbx
2025-05-17 20:21:54,415 [FATAL] Updater:351 - Updater called before beeing initialized
2025-05-17 20:21:54,436 [INFO] RulesReader:64 - Compatibility file has been processed (297 Rules)
2025-05-17 20:21:54,446 [INFO] RulesReader:64 - Compatibility file has been processed (297 Rules)
2025-05-17 20:21:54,459 [INFO] CADModel:165 - CPN selected for project level
2025-05-17 20:21:54,459 [INFO] CADModel:114 - Register for checkConnection events
2025-05-17 20:21:54,459 [FATAL] Updater:351 - Updater called before beeing initialized
2025-05-17 20:21:54,459 [ERROR] CADModel:125 - Updater not yet initialized, retry later 
2025-05-17 20:21:54,647 [FATAL] Updater:351 - Updater called before beeing initialized
2025-05-17 20:21:54,648 [INFO] CADModel:165 - CPN selected for project level
2025-05-17 20:21:54,649 [INFO] CADModel:114 - Register for checkConnection events
2025-05-17 20:21:54,649 [FATAL] Updater:351 - Updater called before beeing initialized
2025-05-17 20:21:54,649 [ERROR] CADModel:125 - Updater not yet initialized, retry later 
2025-05-17 20:21:54,651 [FATAL] Updater:351 - Updater called before beeing initialized
2025-05-17 20:21:54,725 [FATAL] Updater:351 - Updater called before beeing initialized
2025-05-17 20:21:54,729 [INFO] DbMcusAds:53 - JSON generation date=Thu Mar 06 09:54:22 EST 2025 (1741272862078)
2025-05-17 20:21:54,729 [FATAL] Updater:351 - Updater called before beeing initialized
2025-05-17 20:21:54,755 [WARN] DetailPanel:346 - Failed to get advertising image, set to default
2025-05-17 20:21:54,923 [FATAL] Updater:351 - Updater called before beeing initialized
2025-05-17 20:21:54,924 [FATAL] Updater:351 - Updater called before beeing initialized
2025-05-17 20:21:54,925 [FATAL] Updater:351 - Updater called before beeing initialized
2025-05-17 20:21:54,925 [WARN] DetailPanel:346 - Failed to get advertising image, set to default
2025-05-17 20:21:54,925 [FATAL] Updater:351 - Updater called before beeing initialized
2025-05-17 20:21:54,964 [ERROR] Updater:1198 - MainUpdater not yet initialized. External WinMGr cannot be set.
2025-05-17 20:21:54,968 [INFO] Updater:1134 - Updater Version found : 6.13.0
2025-05-17 20:21:54,987 [INFO] ApplicationProperties:184 - Using Application install path: C:\ST\STM32CubeIDE_1.17.0\STM32CubeIDE\plugins\com.st.stm32cube.common.mx_6.13.0.202411220809
2025-05-17 20:21:56,563 [ERROR] LogOutputStream:75 - [STDERR_REDIRECT] May 17, 2025 8:21:56 PM java.util.prefs.WindowsPreferences <init>
2025-05-17 20:21:56,565 [ERROR] LogOutputStream:75 - [STDERR_REDIRECT] WARNING: Could not open/create prefs root node Software\JavaSoft\Prefs at root 0xffffffff80000002. Windows RegCreateKeyEx(...) returned error code 5.
2025-05-17 20:21:56,565 [ERROR] LogOutputStream:75 - [STDERR_REDIRECT] 
2025-05-17 20:21:56,777 [INFO] ThirdPartyUpdaterWithRetryManager:70 - Updater plugin not ready yet. [2/15]
2025-05-17 20:21:56,995 [INFO] MainUpdater:2872 - connection check result : 10
2025-05-17 20:21:56,996 [INFO] MainUpdater:289 - Updater Check For Update Now.
2025-05-17 20:21:56,996 [INFO] MicroXplorer:498 - Change Database Version : DB.6.0.130
2025-05-17 20:21:57,034 [INFO] McuFinderGlobals:63 - Set McuFinder mode to 2 (CubeIDE integrated)
2025-05-17 20:21:57,035 [INFO] UserAuth:171 - activating auth plugin
2025-05-17 20:21:57,040 [INFO] UserAuth:486 - Internet connection configuration mode: 1
2025-05-17 20:21:57,112 [INFO] JxBrowserEngine:152 - Initiate JxBrowser Engine with user profile folder
2025-05-17 20:21:57,212 [INFO] CheckServerUpdateThread:120 - End of CheckServer Thread
2025-05-17 20:21:57,806 [INFO] WebApp:168 - Instantiating new browser for Auth
2025-05-17 20:21:58,465 [INFO] WebApp:449 - Apply proxy settings
2025-05-17 20:21:58,466 [INFO] WebApp:534 - Chromium requires no authentication
2025-05-17 20:21:58,473 [INFO] WebApp:477 - Direct internet connection detected
2025-05-17 20:21:58,492 [INFO] WebApp:880 - Register for checkConnection events
2025-05-17 20:21:58,492 [INFO] WebApp:449 - Apply proxy settings
2025-05-17 20:21:58,492 [INFO] WebApp:534 - Chromium requires no authentication
2025-05-17 20:21:58,493 [INFO] WebApp:477 - Direct internet connection detected
2025-05-17 20:21:58,656 [INFO] WebApp:221 - Starting web application
2025-05-17 20:21:58,656 [INFO] WebApp:579 - Web application path used C:\ST\STM32CubeIDE_1.17.0\STM32CubeIDE\plugins\com.st.stm32cube.common.mx_6.13.0.202411220809\db\plugins\mcufinder\reactClient1\index.html
2025-05-17 20:21:58,915 [INFO] WebApp:187 - Connection restablished
2025-05-17 20:22:00,041 [WARN] PackLoader:240 - Cannot read IP mode file for STMicroelectronics.FP-SNS-MOTENVWB1.1.4.0
2025-05-17 20:22:00,057 [WARN] PackLoader:240 - Cannot read IP mode file for STMicroelectronics.FP-ATR-ASTRA1.2.0.2
2025-05-17 20:22:00,062 [WARN] PackLoader:240 - Cannot read IP mode file for STMicroelectronics.FP-ATR-ASTRA1.2.0.1
2025-05-17 20:22:00,083 [WARN] PackLoader:240 - Cannot read IP mode file for STMicroelectronics.X-CUBE-SMBUS.2.1.0
2025-05-17 20:22:00,090 [WARN] PackLoader:240 - Cannot read IP mode file for STMicroelectronics.X-CUBE-WB05N.1.1.0
2025-05-17 20:22:00,115 [WARN] PackLoader:240 - Cannot read IP mode file for STMicroelectronics.X-CUBE-AZRTOS-F7.1.1.0
2025-05-17 20:22:00,122 [WARN] PackLoader:240 - Cannot read IP mode file for STMicroelectronics.FP-SNS-FLIGHT1.5.0.2
2025-05-17 20:22:00,141 [WARN] PackLoader:240 - Cannot read IP mode file for Infineon.AIROC-Wi-Fi-Bluetooth-STM32.1.7.0
2025-05-17 20:22:00,153 [WARN] PackLoader:240 - Cannot read IP mode file for STMicroelectronics.X-CUBE-DISPLAY.3.0.0
2025-05-17 20:22:00,160 [WARN] PackLoader:240 - Cannot read IP mode file for STMicroelectronics.X-CUBE-BLE1.7.0.0
2025-05-17 20:22:00,165 [WARN] PackLoader:240 - Cannot read IP mode file for STMicroelectronics.X-CUBE-NFC10.1.0.0
2025-05-17 20:22:00,172 [WARN] PackLoader:240 - Cannot read IP mode file for STMicroelectronics.X-CUBE-BLEMGR.4.0.0
2025-05-17 20:22:00,180 [WARN] PackLoader:240 - Cannot read IP mode file for emotas.I-CUBE-CANOPEN.1.3.0
2025-05-17 20:22:00,184 [WARN] PackLoader:240 - Cannot read IP mode file for STMicroelectronics.X-CUBE-AI.10.0.0
2025-05-17 20:22:00,187 [WARN] PackLoader:240 - Cannot read IP mode file for STMicroelectronics.FP-SNS-SMARTAG2.1.2.0
2025-05-17 20:22:00,189 [WARN] PackLoader:240 - Cannot read IP mode file for STMicroelectronics.FP-SNS-FLIGHT1.5.1.0
2025-05-17 20:22:00,227 [WARN] PackLoader:240 - Cannot read IP mode file for STMicroelectronics.X-CUBE-MEMS1.11.1.0
2025-05-17 20:22:00,451 [INFO] LogOutputStream:77 - [STDOUT_REDIRECT] 1 : Invalid condition id : UX_CORESTACK_Condition cause : null
2025-05-17 20:22:00,453 [INFO] LogOutputStream:77 - [STDOUT_REDIRECT] 1 : Invalid condition id : UX_CORESTACK_Condition cause : null
2025-05-17 20:22:00,454 [INFO] LogOutputStream:77 - [STDOUT_REDIRECT] 1 : Invalid condition id : UX_CORESTACK_Condition cause : null
2025-05-17 20:22:00,455 [INFO] LogOutputStream:77 - [STDOUT_REDIRECT] 1 : Invalid condition id : UX_CORESTACK_Condition cause : null
2025-05-17 20:22:00,456 [INFO] LogOutputStream:77 - [STDOUT_REDIRECT] 1 : Invalid condition id : UX_CORESTACK_Condition cause : null
2025-05-17 20:22:00,457 [WARN] PackLoader:240 - Cannot read IP mode file for STMicroelectronics.X-CUBE-AZRTOS-WL.2.0.0
2025-05-17 20:22:00,462 [WARN] PackLoader:240 - Cannot read IP mode file for STMicroelectronics.FP-SNS-MOTENV1.5.0.0
2025-05-17 20:22:00,465 [WARN] PackLoader:240 - Cannot read IP mode file for wolfSSL.I-CUBE-wolfMQTT.1.19.0
2025-05-17 20:22:00,473 [WARN] PackLoader:240 - Cannot read IP mode file for WES.I-CUBE-Cesium.1.3.0
2025-05-17 20:22:00,476 [WARN] PackLoader:240 - Cannot read IP mode file for STMicroelectronics.X-CUBE-BLE2.3.3.0
2025-05-17 20:22:00,479 [WARN] PackLoader:240 - Cannot read IP mode file for STMicroelectronics.X-CUBE-NFC9.1.0.0
2025-05-17 20:22:00,483 [WARN] PackLoader:240 - Cannot read IP mode file for STMicroelectronics.X-CUBE-BLE1.7.1.0
2025-05-17 20:22:00,511 [WARN] PackLoader:240 - Cannot read IP mode file for STMicroelectronics.X-CUBE-MEMS1.11.2.0
2025-05-17 20:22:00,590 [WARN] PackLoader:240 - Cannot read IP mode file for STMicroelectronics.X-CUBE-AZRTOS-G0.1.1.0
2025-05-17 20:22:00,596 [WARN] PackLoader:240 - Cannot read IP mode file for STMicroelectronics.X-CUBE-SAFEA1.1.2.2
2025-05-17 20:22:00,601 [WARN] PackLoader:240 - Cannot read IP mode file for STMicroelectronics.X-CUBE-NFC4.3.0.0
2025-05-17 20:22:00,612 [WARN] PackLoader:240 - Cannot read IP mode file for EmbeddedOffice.I-CUBE-FS-RTOS.1.0.1
2025-05-17 20:22:00,617 [WARN] PackLoader:240 - Cannot read IP mode file for STMicroelectronics.X-CUBE-WB05N.2.0.0
2025-05-17 20:22:00,622 [WARN] PackLoader:240 - Cannot read IP mode file for STMicroelectronics.X-CUBE-TCPP.4.2.0
2025-05-17 20:22:00,628 [WARN] PackLoader:240 - Cannot read IP mode file for RealThread.X-CUBE-RT-Thread_Nano.4.1.1
2025-05-17 20:22:00,637 [WARN] PackLoader:240 - Cannot read IP mode file for STMicroelectronics.FP-ATR-SIGFOX1.3.2.0
2025-05-17 20:22:00,642 [WARN] ConditionMgr:438 - getConditionDescription Invalid condition id : Cortex-A Device cause : null
2025-05-17 20:22:00,693 [WARN] ConditionMgr:1044 - genDependencies : Invalid condition id : Cortex-A Device cause : null
2025-05-17 20:22:00,693 [WARN] ConditionMgr:1044 - genDependencies : Invalid condition id : Cortex-A Device cause : null
2025-05-17 20:22:00,693 [WARN] ConditionMgr:1044 - genDependencies : Invalid condition id : Cortex-A Device cause : null
2025-05-17 20:22:00,699 [WARN] PackLoader:240 - Cannot read IP mode file for STMicroelectronics.X-CUBE-EEPRMA1.5.1.0
2025-05-17 20:22:00,704 [WARN] PackLoader:240 - Cannot read IP mode file for wolfSSL.I-CUBE-wolfSSL.5.7.6
2025-05-17 20:22:00,710 [WARN] PackLoader:240 - Cannot read IP mode file for ITTIA_DB.I-CUBE-ITTIADB.8.9.0
2025-05-17 20:22:00,734 [WARN] PackLoader:240 - Cannot read IP mode file for SEGGER.I-CUBE-embOS.1.3.1
2025-05-17 20:22:00,763 [WARN] PackLoader:240 - Cannot read IP mode file for STMicroelectronics.X-CUBE-ALGOBUILD.1.4.0
2025-05-17 20:22:00,776 [WARN] PackLoader:240 - Cannot read IP mode file for STMicroelectronics.X-CUBE-AZRTOS-F4.1.1.0
2025-05-17 20:22:00,782 [WARN] PackLoader:240 - Cannot read IP mode file for Avnet-IotConnect.X-CUBE-IoTC-DA16k-PMOD.1.0.0
2025-05-17 20:22:00,786 [WARN] PackLoader:240 - Cannot read IP mode file for STMicroelectronics.X-CUBE-ISPU.2.1.0
2025-05-17 20:22:00,795 [WARN] PackLoader:240 - Cannot read IP mode file for STMicroelectronics.X-CUBE-AZRTOS-L5.2.0.0
2025-05-17 20:22:00,803 [WARN] PackLoader:240 - Cannot read IP mode file for STMicroelectronics.X-CUBE-NFC6.3.1.0
2025-05-17 20:22:00,811 [WARN] PackLoader:240 - Cannot read IP mode file for STMicroelectronics.X-CUBE-DPower.1.2.0
2025-05-17 20:22:00,819 [WARN] PackLoader:240 - Cannot read IP mode file for STMicroelectronics.X-CUBE-FREERTOS.1.3.1
2025-05-17 20:22:00,824 [WARN] PackLoader:240 - Cannot read IP mode file for STMicroelectronics.X-CUBE-FREERTOS.1.3.0
2025-05-17 20:22:00,829 [WARN] PackLoader:240 - Cannot read IP mode file for STMicroelectronics.X-CUBE-NFC7.1.0.1
2025-05-17 20:22:00,836 [WARN] PackLoader:240 - Cannot read IP mode file for STMicroelectronics.X-CUBE-DPower.1.3.0
2025-05-17 20:22:00,852 [WARN] ConditionMgr:438 - getConditionDescription Invalid condition id : LAN8742 Phy interface Condition cause : null
2025-05-17 20:22:00,853 [WARN] PackLoader:240 - Cannot read IP mode file for STMicroelectronics.X-CUBE-AZRTOS-L4.2.0.0
2025-05-17 20:22:00,854 [WARN] ConditionMgr:1044 - genDependencies : Invalid condition id : LAN8742 Phy interface Condition cause : null
2025-05-17 20:22:00,854 [WARN] ConditionMgr:1044 - genDependencies : Invalid condition id : LAN8742 Phy interface Condition cause : null
2025-05-17 20:22:00,855 [WARN] ConditionMgr:1044 - genDependencies : Invalid condition id : LAN8742 Phy interface Condition cause : null
2025-05-17 20:22:00,868 [WARN] PackLoader:240 - Cannot read IP mode file for STMicroelectronics.X-CUBE-SFXS2LP1.4.0.0
2025-05-17 20:22:00,886 [WARN] PackLoader:240 - Cannot read IP mode file for STMicroelectronics.X-CUBE-AZRTOS-H7.3.3.0
2025-05-17 20:22:00,898 [WARN] ConditionMgr:438 - getConditionDescription Invalid condition id : UX DEVICE CLASS RTOS Condition cause : null
2025-05-17 20:22:00,898 [WARN] ConditionMgr:438 - getConditionDescription Invalid condition id : UX DEVICE CLASS RTOS Condition cause : null
2025-05-17 20:22:00,900 [WARN] PackLoader:240 - Cannot read IP mode file for STMicroelectronics.X-CUBE-AZRTOS-WB.2.0.0
2025-05-17 20:22:00,900 [WARN] ConditionMgr:1044 - genDependencies : Invalid condition id : UX DEVICE CLASS RTOS Condition cause : null
2025-05-17 20:22:00,901 [WARN] ConditionMgr:1044 - genDependencies : Invalid condition id : UX DEVICE CLASS RTOS Condition cause : null
2025-05-17 20:22:00,901 [WARN] ConditionMgr:1044 - genDependencies : Invalid condition id : UX DEVICE CLASS RTOS Condition cause : null
2025-05-17 20:22:00,901 [WARN] ConditionMgr:1044 - genDependencies : Invalid condition id : UX DEVICE CLASS RTOS Condition cause : null
2025-05-17 20:22:00,901 [WARN] ConditionMgr:1044 - genDependencies : Invalid condition id : UX DEVICE CLASS RTOS Condition cause : null
2025-05-17 20:22:00,907 [WARN] PackLoader:240 - Cannot read IP mode file for STMicroelectronics.X-CUBE-GNSS1.7.0.1
2025-05-17 20:22:00,924 [WARN] PackLoader:240 - Cannot read IP mode file for STMicroelectronics.X-CUBE-TOUCHGFX.4.25.0
2025-05-17 20:22:00,931 [WARN] PackLoader:240 - Cannot read IP mode file for STMicroelectronics.FP-SNS-STBOX1.2.0.0
2025-05-17 20:22:00,940 [WARN] PackLoader:240 - Cannot read IP mode file for STMicroelectronics.X-CUBE-SUBG2.5.0.0
2025-05-17 20:22:00,953 [WARN] PackLoader:240 - Cannot read IP mode file for STMicroelectronics.X-CUBE-AZRTOS-H7RS.1.1.0
2025-05-17 20:22:00,969 [WARN] PackLoader:240 - Cannot read IP mode file for Cesanta.I-CUBE-Mongoose.7.13.0
2025-05-17 20:22:00,977 [WARN] PackLoader:240 - Cannot read IP mode file for STMicroelectronics.X-CUBE-AZRTOS-G4.2.0.0
2025-05-17 20:22:00,981 [WARN] PackLoader:240 - Cannot read IP mode file for STMicroelectronics.X-CUBE-NFC7.2.0.0
2025-05-17 20:22:00,988 [WARN] PackLoader:240 - Cannot read IP mode file for STMicroelectronics.X-CUBE-IPS.3.1.0
2025-05-17 20:22:00,996 [WARN] PackLoader:240 - Cannot read IP mode file for STMicroelectronics.X-CUBE-ALS.1.0.2
2025-05-17 20:22:00,999 [WARN] PackLoader:240 - Cannot read IP mode file for STMicroelectronics.X-CUBE-TOUCHGFX.4.24.2
2025-05-17 20:22:01,003 [WARN] PackLoader:240 - Cannot read IP mode file for wolfSSL.I-CUBE-wolfTPM.3.4.0
2025-05-17 20:22:01,006 [WARN] PackLoader:240 - Cannot read IP mode file for portGmbH.I-Cube-SoM-uGOAL.1.1.0
2025-05-17 20:22:01,021 [WARN] PackLoader:240 - Cannot read IP mode file for STMicroelectronics.X-CUBE-AZRTOS-H7RS.1.0.0
2025-05-17 20:22:01,031 [WARN] PackLoader:240 - Cannot read IP mode file for STMicroelectronics.X-CUBE-TOF1.3.4.2
2025-05-17 20:22:01,046 [WARN] PackLoader:240 - Cannot read IP mode file for STMicroelectronics.X-CUBE-TOF1.3.4.3
2025-05-17 20:22:01,067 [WARN] PackLoader:240 - Cannot read IP mode file for wolfSSL.I-CUBE-wolfSSH.1.4.17
2025-05-17 20:22:01,068 [INFO] ThirdParty:978 - Integrity check success = true
2025-05-17 20:22:01,068 [INFO] IntegrityCheckThread:100 - exiting critical section [integrity check]
2025-05-17 20:22:01,068 [INFO] IntegrityCheckThread:103 - End integrity checks thread
2025-05-17 20:43:17,200 [ERROR] LogOutputStream:75 - [STDERR_REDIRECT] 
