2025-04-23 13:09:21,578 [INFO] Activator:176 - 


2025-04-23 13:09:21,582 [INFO] Activator:177 - !SESSION log4j initialized
2025-04-23 13:09:26,972 [INFO] LogOutputStream:77 - [STDOUT_REDIRECT] 
2025-04-23 13:09:32,993 [INFO] ApplicationProperties:184 - Using Application install path: C:\ST\STM32CubeIDE_1.17.0\STM32CubeIDE\plugins\com.st.stm32cube.common.mx_6.13.0.202411220809
2025-04-23 13:09:33,007 [INFO] DbMcusXml:78 - Set database path to: C:\ST\STM32CubeIDE_1.17.0\STM32CubeIDE\plugins\com.st.stm32cube.common.mx_6.13.0.202411220809\\db\/mcu/
2025-04-23 13:09:33,007 [INFO] ApiDb:274 - Set plugin database path to: C:\ST\STM32CubeIDE_1.17.0\STM32CubeIDE\plugins\com.st.stm32cube.common.mx_6.13.0.202411220809\\db\/plugins/boardmanager/
2025-04-23 13:09:33,007 [WARN] ApiDb:259 - Overriding images path with different value:  => C:\ST\STM32CubeIDE_1.17.0\STM32CubeIDE\plugins\com.st.stm32cube.common.mx_6.13.0.202411220809\\db\/plugins/mcufinder/images/
2025-04-23 13:09:33,014 [INFO] ApiDb:250 - Set database path to: C:\Users\jesti\.stmcufinder\plugins\mcufinder//mcu/
2025-04-23 13:09:33,015 [INFO] DbMcusAds:125 - Set database path to: C:\Users\jesti\.stmcufinder\plugins\mcufinder//mcu/
2025-04-23 13:09:33,016 [INFO] CrossReferenceDbSqlite:203 - Set database path to: C:\Users\jesti\.stmcufinder\plugins\mcufinder//mcu/cs/
2025-04-23 13:09:33,115 [INFO] RulesReader:64 - Compatibility file has been processed (297 Rules)
2025-04-23 13:09:33,200 [INFO] DbMcusXml:78 - Set database path to: C:\ST\STM32CubeIDE_1.17.0\STM32CubeIDE\plugins\com.st.stm32cube.common.mx_6.13.0.202411220809\\db\/mcu/
2025-04-23 13:09:33,201 [INFO] ApiDb:274 - Set plugin database path to: C:\ST\STM32CubeIDE_1.17.0\STM32CubeIDE\plugins\com.st.stm32cube.common.mx_6.13.0.202411220809\\db\/plugins/boardmanager/
2025-04-23 13:09:33,201 [INFO] ApiDb:261 - Set plugin images path to: C:\ST\STM32CubeIDE_1.17.0\STM32CubeIDE\plugins\com.st.stm32cube.common.mx_6.13.0.202411220809\\db\/plugins/mcufinder/images/
2025-04-23 13:09:33,201 [WARN] DbFile:41 - Overriding database path with different value: C:\Users\jesti\.stmcufinder\plugins\mcufinder/ => C:\Users\jesti\.stmcufinder\plugins\mcufinder
2025-04-23 13:09:33,201 [INFO] ApiDb:250 - Set database path to: C:\Users\jesti\.stmcufinder\plugins\mcufinder//mcu/
2025-04-23 13:09:33,201 [WARN] DbFile:41 - Overriding database path with different value: C:\Users\jesti\.stmcufinder\plugins\mcufinder/ => C:\Users\jesti\.stmcufinder\plugins\mcufinder
2025-04-23 13:09:33,201 [INFO] DbMcusAds:125 - Set database path to: C:\Users\jesti\.stmcufinder\plugins\mcufinder//mcu/
2025-04-23 13:09:33,201 [WARN] DbFile:41 - Overriding database path with different value: C:\Users\jesti\.stmcufinder\plugins\mcufinder/ => C:\Users\jesti\.stmcufinder\plugins\mcufinder
2025-04-23 13:09:33,201 [WARN] DbFile:41 - Overriding database path with different value: C:\Users\jesti\.stmcufinder\plugins\mcufinder/ => C:\Users\jesti\.stmcufinder\plugins\mcufinder
2025-04-23 13:09:33,201 [INFO] CrossReferenceDbSqlite:203 - Set database path to: C:\Users\jesti\.stmcufinder\plugins\mcufinder//mcu/cs/
2025-04-23 13:09:33,255 [INFO] MainPanel:272 - HeapMemory: 268435456
2025-04-23 13:09:33,340 [INFO] DbMcusXml:78 - Set database path to: C:\ST\STM32CubeIDE_1.17.0\STM32CubeIDE\plugins\com.st.stm32cube.common.mx_6.13.0.202411220809\\db\/mcu/
2025-04-23 13:09:33,340 [INFO] ApiDb:274 - Set plugin database path to: C:\ST\STM32CubeIDE_1.17.0\STM32CubeIDE\plugins\com.st.stm32cube.common.mx_6.13.0.202411220809\\db\/plugins/boardmanager/
2025-04-23 13:09:33,341 [INFO] ApiDb:261 - Set plugin images path to: C:\ST\STM32CubeIDE_1.17.0\STM32CubeIDE\plugins\com.st.stm32cube.common.mx_6.13.0.202411220809\\db\/plugins/mcufinder/images/
2025-04-23 13:09:33,342 [WARN] DbFile:41 - Overriding database path with different value: C:\Users\jesti\.stmcufinder\plugins\mcufinder/ => C:\Users\jesti\.stmcufinder\plugins\mcufinder
2025-04-23 13:09:33,342 [INFO] ApiDb:250 - Set database path to: C:\Users\jesti\.stmcufinder\plugins\mcufinder//mcu/
2025-04-23 13:09:33,342 [WARN] DbFile:41 - Overriding database path with different value: C:\Users\jesti\.stmcufinder\plugins\mcufinder/ => C:\Users\jesti\.stmcufinder\plugins\mcufinder
2025-04-23 13:09:33,342 [INFO] DbMcusAds:125 - Set database path to: C:\Users\jesti\.stmcufinder\plugins\mcufinder//mcu/
2025-04-23 13:09:33,342 [WARN] DbFile:41 - Overriding database path with different value: C:\Users\jesti\.stmcufinder\plugins\mcufinder/ => C:\Users\jesti\.stmcufinder\plugins\mcufinder
2025-04-23 13:09:33,342 [WARN] DbFile:41 - Overriding database path with different value: C:\Users\jesti\.stmcufinder\plugins\mcufinder/ => C:\Users\jesti\.stmcufinder\plugins\mcufinder
2025-04-23 13:09:33,342 [INFO] CrossReferenceDbSqlite:203 - Set database path to: C:\Users\jesti\.stmcufinder\plugins\mcufinder//mcu/cs/
2025-04-23 13:09:33,357 [INFO] ApplicationProperties:184 - Using Application install path: C:\ST\STM32CubeIDE_1.17.0\STM32CubeIDE\plugins\com.st.stm32cube.common.mx_6.13.0.202411220809
2025-04-23 13:09:33,359 [INFO] PluginManage:196 - Search for loadable plugins [exclusion list=, ]
2025-04-23 13:09:33,360 [INFO] PluginManage:310 - Check plugin analytics
2025-04-23 13:09:38,480 [INFO] AnalyticsPlugin:253 - Accepted Software Licenses: 
2025-04-23 13:09:38,480 [INFO] AnalyticsPlugin:255 - Accepted CMSIS Pack Licenses: 
2025-04-23 13:09:38,480 [INFO] AnalyticsPlugin:257 - Accepted Firmware Licenses: 
2025-04-23 13:09:38,485 [INFO] PluginManage:359 - Loaded plugin analytics (category:tool,tabindex:-1)
2025-04-23 13:09:38,486 [INFO] PluginManage:310 - Check plugin cadmodel
2025-04-23 13:09:38,505 [INFO] CADModel:105 - Init CAD model plugin
2025-04-23 13:09:38,505 [INFO] PluginManage:359 - Loaded plugin cadmodel (category:power,tabindex:5)
2025-04-23 13:09:38,506 [INFO] PluginManage:310 - Check plugin clock
2025-04-23 13:09:38,523 [INFO] PluginManage:359 - Loaded plugin clock (category:base,tabindex:2)
2025-04-23 13:09:38,523 [INFO] PluginManage:310 - Check plugin ddr
2025-04-23 13:09:38,525 [INFO] PluginManage:359 - Loaded plugin ddr (category:tool,tabindex:6)
2025-04-23 13:09:38,525 [INFO] PluginManage:310 - Check plugin filemanager
2025-04-23 13:09:38,647 [INFO] PluginManage:359 - Loaded plugin filemanager (category:base,tabindex:10)
2025-04-23 13:09:38,648 [INFO] PluginManage:310 - Check plugin ipmanager
2025-04-23 13:09:38,653 [INFO] PluginManage:359 - Loaded plugin ipmanager (category:base,tabindex:5)
2025-04-23 13:09:38,653 [INFO] PluginManage:310 - Check plugin lpbam
2025-04-23 13:09:38,670 [INFO] PluginManage:359 - Loaded plugin lpbam (category:base,tabindex:0)
2025-04-23 13:09:38,671 [INFO] PluginManage:310 - Check plugin memorymap
2025-04-23 13:09:38,697 [INFO] PluginManage:359 - Loaded plugin memorymap (category:base,tabindex:4)
2025-04-23 13:09:38,697 [INFO] PluginManage:310 - Check plugin pinoutandconfiguration
2025-04-23 13:09:38,714 [INFO] PluginManage:359 - Loaded plugin pinoutandconfiguration (category:base,tabindex:1)
2025-04-23 13:09:38,714 [INFO] PluginManage:310 - Check plugin pinoutconfig
2025-04-23 13:09:38,793 [WARN] SupportedApi:132 - Cannot load RTOS API schema: s4s-elt-must-match.1: The content of 'definitions' must match (annotation?, (simpleType | complexType)?, (unique | key | keyref)*)). A problem was found starting at: attribute.
2025-04-23 13:09:38,897 [INFO] PluginManage:359 - Loaded plugin pinoutconfig (category:base,tabindex:0)
2025-04-23 13:09:38,898 [INFO] PluginManage:310 - Check plugin power
2025-04-23 13:09:38,917 [INFO] PluginManage:359 - Loaded plugin power (category:power,tabindex:4)
2025-04-23 13:09:38,917 [INFO] PluginManage:310 - Check plugin projectmanager
2025-04-23 13:09:38,929 [INFO] PluginManage:359 - Loaded plugin projectmanager (category:projectmanager,tabindex:4)
2025-04-23 13:09:38,929 [INFO] PluginManage:310 - Check plugin rif
2025-04-23 13:09:38,946 [INFO] PluginManage:359 - Loaded plugin rif (category:base,tabindex:3)
2025-04-23 13:09:38,946 [INFO] PluginManage:310 - Check plugin thirdparty
2025-04-23 13:09:39,170 [WARN] IntegrityCheckThread:84 - waiting for thirdparty lock release [integrity check]
2025-04-23 13:09:39,170 [INFO] PluginManage:359 - Loaded plugin thirdparty (category:base,tabindex:-1)
2025-04-23 13:09:39,170 [INFO] IntegrityCheckThread:86 - entering critical section [integrity check]
2025-04-23 13:09:39,170 [INFO] PluginManage:310 - Check plugin tools
2025-04-23 13:09:39,170 [INFO] ThirdPartyUpdaterWithRetryManager:70 - Updater plugin not ready yet. [1/15]
2025-04-23 13:09:39,205 [INFO] PluginManage:359 - Loaded plugin tools (category:base,tabindex:7)
2025-04-23 13:09:39,206 [INFO] PluginManage:310 - Check plugin tutovideos
2025-04-23 13:09:39,349 [INFO] PluginManage:359 - Loaded plugin tutovideos (category:base,tabindex:-1)
2025-04-23 13:09:39,349 [INFO] PluginManage:310 - Check plugin updater
2025-04-23 13:09:39,366 [INFO] PluginManage:359 - Loaded plugin updater (category:base,tabindex:12)
2025-04-23 13:09:39,366 [INFO] PluginManage:310 - Check plugin userauth
2025-04-23 13:09:39,369 [INFO] UserAuth:118 - Init User Auth plugin
2025-04-23 13:09:39,370 [INFO] PluginManage:359 - Loaded plugin userauth (category:base,tabindex:14)
2025-04-23 13:09:39,370 [INFO] PluginManage:283 - PluginManage : Loaded plugins [18]
2025-04-23 13:09:39,526 [INFO] PinOutPanel:1589 - setPackage(No Configuration,No Configuration)
2025-04-23 13:09:39,600 [INFO] CADModel:165 - CPN selected for project level
2025-04-23 13:09:39,600 [INFO] CADModel:114 - Register for checkConnection events
2025-04-23 13:09:39,628 [INFO] IPUIPlugin:80 - create IPUIPlugin
2025-04-23 13:09:39,628 [INFO] PluginManager:220 - loadIPPluginJar : add adc
2025-04-23 13:09:39,663 [INFO] IPUIPlugin:80 - create IPUIPlugin
2025-04-23 13:09:39,663 [INFO] PluginManager:220 - loadIPPluginJar : add aes
2025-04-23 13:09:39,697 [INFO] IPUIPlugin:80 - create IPUIPlugin
2025-04-23 13:09:39,697 [INFO] PluginManager:220 - loadIPPluginJar : add can
2025-04-23 13:09:39,719 [INFO] IPUIPlugin:80 - create IPUIPlugin
2025-04-23 13:09:39,719 [INFO] PluginManager:220 - loadIPPluginJar : add comp
2025-04-23 13:09:39,747 [INFO] IPUIPlugin:80 - create IPUIPlugin
2025-04-23 13:09:39,747 [INFO] PluginManager:220 - loadIPPluginJar : add cryp
2025-04-23 13:09:39,759 [INFO] IPUIPlugin:80 - create IPUIPlugin
2025-04-23 13:09:39,759 [INFO] PluginManager:220 - loadIPPluginJar : add ddr_ctrl_phy
2025-04-23 13:09:39,785 [INFO] IPUIPlugin:80 - create IPUIPlugin
2025-04-23 13:09:39,785 [INFO] PluginManager:220 - loadIPPluginJar : add dfsdm
2025-04-23 13:09:39,798 [INFO] IPUIPlugin:80 - create IPUIPlugin
2025-04-23 13:09:39,798 [INFO] PluginManager:220 - loadIPPluginJar : add dma
2025-04-23 13:09:39,831 [INFO] IPUIPlugin:80 - create IPUIPlugin
2025-04-23 13:09:39,831 [INFO] PluginManager:220 - loadIPPluginJar : add dma3
2025-04-23 13:09:39,871 [INFO] IPUIPlugin:80 - create IPUIPlugin
2025-04-23 13:09:39,871 [INFO] PluginManager:220 - loadIPPluginJar : add extmemmanager
2025-04-23 13:09:39,889 [INFO] IPUIPlugin:80 - create IPUIPlugin
2025-04-23 13:09:39,889 [INFO] PluginManager:220 - loadIPPluginJar : add fatfs
2025-04-23 13:09:39,929 [INFO] IPUIPlugin:80 - create IPUIPlugin
2025-04-23 13:09:39,929 [INFO] PluginManager:220 - loadIPPluginJar : add fmc
2025-04-23 13:09:39,942 [INFO] IPUIPlugin:80 - create IPUIPlugin
2025-04-23 13:09:39,943 [INFO] PluginManager:220 - loadIPPluginJar : add freertos
2025-04-23 13:09:39,961 [INFO] IPUIPlugin:80 - create IPUIPlugin
2025-04-23 13:09:39,961 [INFO] PluginManager:220 - loadIPPluginJar : add genericplugin
2025-04-23 13:09:40,038 [INFO] IPUIPlugin:80 - create IPUIPlugin
2025-04-23 13:09:40,038 [INFO] PluginManager:220 - loadIPPluginJar : add gfxmmu
2025-04-23 13:09:40,149 [INFO] IPUIPlugin:80 - create IPUIPlugin
2025-04-23 13:09:40,149 [INFO] PluginManager:220 - loadIPPluginJar : add gic
2025-04-23 13:09:40,161 [INFO] IPUIPlugin:80 - create IPUIPlugin
2025-04-23 13:09:40,161 [INFO] PluginManager:220 - loadIPPluginJar : add gpio
2025-04-23 13:09:40,246 [INFO] IPUIPlugin:80 - create IPUIPlugin
2025-04-23 13:09:40,246 [INFO] PluginManager:220 - loadIPPluginJar : add gtzc
2025-04-23 13:09:40,275 [INFO] IPUIPlugin:80 - create IPUIPlugin
2025-04-23 13:09:40,276 [INFO] PluginManager:220 - loadIPPluginJar : add hash
2025-04-23 13:09:40,320 [INFO] IPUIPlugin:80 - create IPUIPlugin
2025-04-23 13:09:40,320 [INFO] PluginManager:220 - loadIPPluginJar : add i2c
2025-04-23 13:09:40,353 [INFO] IPUIPlugin:80 - create IPUIPlugin
2025-04-23 13:09:40,353 [INFO] PluginManager:220 - loadIPPluginJar : add i2s
2025-04-23 13:09:40,387 [INFO] IPUIPlugin:80 - create IPUIPlugin
2025-04-23 13:09:40,387 [INFO] PluginManager:220 - loadIPPluginJar : add i3c
2025-04-23 13:09:40,475 [INFO] IPUIPlugin:80 - create IPUIPlugin
2025-04-23 13:09:40,475 [INFO] PluginManager:220 - loadIPPluginJar : add ipddr
2025-04-23 13:09:40,551 [INFO] IPUIPlugin:80 - create IPUIPlugin
2025-04-23 13:09:40,551 [INFO] PluginManager:220 - loadIPPluginJar : add linkedlist
2025-04-23 13:09:40,582 [INFO] IPUIPlugin:80 - create IPUIPlugin
2025-04-23 13:09:40,582 [INFO] PluginManager:220 - loadIPPluginJar : add lorawan
2025-04-23 13:09:40,615 [INFO] IPUIPlugin:80 - create IPUIPlugin
2025-04-23 13:09:40,615 [INFO] PluginManager:220 - loadIPPluginJar : add ltdc
2025-04-23 13:09:40,627 [INFO] IPUIPlugin:80 - create IPUIPlugin
2025-04-23 13:09:40,627 [INFO] PluginManager:220 - loadIPPluginJar : add mdma
2025-04-23 13:09:40,637 [INFO] IPUIPlugin:80 - create IPUIPlugin
2025-04-23 13:09:40,637 [INFO] PluginManager:220 - loadIPPluginJar : add nvic
2025-04-23 13:09:40,669 [INFO] IPUIPlugin:80 - create IPUIPlugin
2025-04-23 13:09:40,669 [INFO] PluginManager:220 - loadIPPluginJar : add opamp
2025-04-23 13:09:40,720 [INFO] IPUIPlugin:80 - create IPUIPlugin
2025-04-23 13:09:40,721 [INFO] PluginManager:220 - loadIPPluginJar : add openamp
2025-04-23 13:09:40,758 [INFO] IPUIPlugin:80 - create IPUIPlugin
2025-04-23 13:09:40,758 [INFO] PluginManager:220 - loadIPPluginJar : add pdm2pcm
2025-04-23 13:09:40,770 [INFO] IPUIPlugin:80 - create IPUIPlugin
2025-04-23 13:09:40,772 [INFO] PluginManager:220 - loadIPPluginJar : add plateformsettings
2025-04-23 13:09:40,793 [INFO] IPUIPlugin:80 - create IPUIPlugin
2025-04-23 13:09:40,793 [INFO] PluginManager:220 - loadIPPluginJar : add quadspi
2025-04-23 13:09:40,816 [INFO] IPUIPlugin:80 - create IPUIPlugin
2025-04-23 13:09:40,817 [INFO] PluginManager:220 - loadIPPluginJar : add radio
2025-04-23 13:09:40,829 [INFO] IPUIPlugin:80 - create IPUIPlugin
2025-04-23 13:09:40,829 [INFO] PluginManager:220 - loadIPPluginJar : add resmgrutility
2025-04-23 13:09:40,870 [INFO] IPUIPlugin:80 - create IPUIPlugin
2025-04-23 13:09:40,870 [INFO] PluginManager:220 - loadIPPluginJar : add sai
2025-04-23 13:09:40,902 [INFO] IPUIPlugin:80 - create IPUIPlugin
2025-04-23 13:09:40,902 [INFO] PluginManager:220 - loadIPPluginJar : add spi
2025-04-23 13:09:40,957 [INFO] IPUIPlugin:80 - create IPUIPlugin
2025-04-23 13:09:40,957 [INFO] PluginManager:220 - loadIPPluginJar : add stm32_wpan
2025-04-23 13:09:40,980 [INFO] IPUIPlugin:80 - create IPUIPlugin
2025-04-23 13:09:40,980 [INFO] PluginManager:220 - loadIPPluginJar : add tim
2025-04-23 13:09:41,031 [INFO] IPUIPlugin:80 - create IPUIPlugin
2025-04-23 13:09:41,031 [INFO] PluginManager:220 - loadIPPluginJar : add touchsensing
2025-04-23 13:09:41,052 [INFO] IPUIPlugin:80 - create IPUIPlugin
2025-04-23 13:09:41,052 [INFO] PluginManager:220 - loadIPPluginJar : add tracer_emb
2025-04-23 13:09:41,073 [INFO] IPUIPlugin:80 - create IPUIPlugin
2025-04-23 13:09:41,073 [INFO] PluginManager:220 - loadIPPluginJar : add ts
2025-04-23 13:09:41,093 [INFO] IPUIPlugin:80 - create IPUIPlugin
2025-04-23 13:09:41,093 [INFO] PluginManager:220 - loadIPPluginJar : add tsc
2025-04-23 13:09:41,113 [INFO] IPUIPlugin:80 - create IPUIPlugin
2025-04-23 13:09:41,113 [INFO] PluginManager:220 - loadIPPluginJar : add ucpd
2025-04-23 13:09:41,151 [INFO] IPUIPlugin:80 - create IPUIPlugin
2025-04-23 13:09:41,151 [INFO] PluginManager:220 - loadIPPluginJar : add usart
2025-04-23 13:09:41,187 [INFO] IPUIPlugin:80 - create IPUIPlugin
2025-04-23 13:09:41,187 [INFO] PluginManager:220 - loadIPPluginJar : add usbx
2025-04-23 13:09:41,294 [FATAL] Updater:351 - Updater called before beeing initialized
2025-04-23 13:09:41,316 [INFO] RulesReader:64 - Compatibility file has been processed (297 Rules)
2025-04-23 13:09:41,323 [INFO] RulesReader:64 - Compatibility file has been processed (297 Rules)
2025-04-23 13:09:41,334 [INFO] CADModel:165 - CPN selected for project level
2025-04-23 13:09:41,334 [INFO] CADModel:114 - Register for checkConnection events
2025-04-23 13:09:41,334 [FATAL] Updater:351 - Updater called before beeing initialized
2025-04-23 13:09:41,334 [ERROR] CADModel:125 - Updater not yet initialized, retry later 
2025-04-23 13:09:41,500 [FATAL] Updater:351 - Updater called before beeing initialized
2025-04-23 13:09:41,501 [INFO] CADModel:165 - CPN selected for project level
2025-04-23 13:09:41,501 [INFO] CADModel:114 - Register for checkConnection events
2025-04-23 13:09:41,501 [FATAL] Updater:351 - Updater called before beeing initialized
2025-04-23 13:09:41,502 [ERROR] CADModel:125 - Updater not yet initialized, retry later 
2025-04-23 13:09:41,504 [FATAL] Updater:351 - Updater called before beeing initialized
2025-04-23 13:09:41,575 [FATAL] Updater:351 - Updater called before beeing initialized
2025-04-23 13:09:41,584 [INFO] DbMcusAds:53 - JSON generation date=Thu Mar 06 09:54:22 EST 2025 (1741272862078)
2025-04-23 13:09:41,585 [FATAL] Updater:351 - Updater called before beeing initialized
2025-04-23 13:09:41,614 [WARN] DetailPanel:346 - Failed to get advertising image, set to default
2025-04-23 13:09:41,781 [FATAL] Updater:351 - Updater called before beeing initialized
2025-04-23 13:09:41,783 [FATAL] Updater:351 - Updater called before beeing initialized
2025-04-23 13:09:41,783 [FATAL] Updater:351 - Updater called before beeing initialized
2025-04-23 13:09:41,783 [WARN] DetailPanel:346 - Failed to get advertising image, set to default
2025-04-23 13:09:41,784 [FATAL] Updater:351 - Updater called before beeing initialized
2025-04-23 13:09:41,836 [ERROR] Updater:1198 - MainUpdater not yet initialized. External WinMGr cannot be set.
2025-04-23 13:09:41,844 [INFO] Updater:1134 - Updater Version found : 6.13.0
2025-04-23 13:09:41,860 [INFO] ApplicationProperties:184 - Using Application install path: C:\ST\STM32CubeIDE_1.17.0\STM32CubeIDE\plugins\com.st.stm32cube.common.mx_6.13.0.202411220809
2025-04-23 13:09:42,171 [INFO] ThirdPartyUpdaterWithRetryManager:70 - Updater plugin not ready yet. [2/15]
2025-04-23 13:09:43,434 [ERROR] LogOutputStream:75 - [STDERR_REDIRECT] Apr 23, 2025 1:09:43 PM java.util.prefs.WindowsPreferences <init>
2025-04-23 13:09:43,435 [ERROR] LogOutputStream:75 - [STDERR_REDIRECT] WARNING: Could not open/create prefs root node Software\JavaSoft\Prefs at root 0xffffffff80000002. Windows RegCreateKeyEx(...) returned error code 5.
2025-04-23 13:09:43,435 [ERROR] LogOutputStream:75 - [STDERR_REDIRECT] 
2025-04-23 13:09:43,839 [INFO] MainUpdater:2872 - connection check result : 10
2025-04-23 13:09:43,839 [INFO] MainUpdater:3566 - Updater definition file requires update
2025-04-23 13:09:43,840 [INFO] MainUpdater:289 - Updater Check For Update Now.
2025-04-23 13:09:43,840 [INFO] MicroXplorer:498 - Change Database Version : DB.6.0.130
2025-04-23 13:09:43,857 [INFO] McuFinderGlobals:63 - Set McuFinder mode to 2 (CubeIDE integrated)
2025-04-23 13:09:43,857 [INFO] UserAuth:171 - activating auth plugin
2025-04-23 13:09:43,860 [INFO] UserAuth:486 - Internet connection configuration mode: 1
2025-04-23 13:09:43,879 [INFO] ServerAccessManage:473 - Download File updaters.zip
2025-04-23 13:09:43,882 [INFO] JxBrowserEngine:152 - Initiate JxBrowser Engine with user profile folder
2025-04-23 13:09:43,985 [INFO] FileExtend:240 - Unzip File : updaters.zip
2025-04-23 13:09:43,985 [INFO] FileExtend:255 - Standard Zip Deflate
2025-04-23 13:09:44,446 [INFO] ServerAccessManage:473 - Download File PacksControlFlags.xml
2025-04-23 13:09:44,514 [INFO] ServerAccessManage:473 - Download File cubemx.pidx
2025-04-23 13:09:45,172 [WARN] MainUpdater:1193 - Updater busy. Cannot search thirdparties
2025-04-23 13:09:45,172 [INFO] ThirdPartyUpdaterWithRetryManager:96 - Updater plugin is busy. [1/15]
2025-04-23 13:09:46,077 [INFO] ServerAccessManage:473 - Download File STMicroelectronics.X-CUBE-WB05N.pdsc
2025-04-23 13:09:46,616 [INFO] WebApp:168 - Instantiating new browser for Auth
2025-04-23 13:09:46,766 [INFO] CheckServerUpdateThread:120 - End of CheckServer Thread
2025-04-23 13:09:46,814 [WARN] PackLoader:240 - Cannot read IP mode file for STMicroelectronics.X-CUBE-WB05N.2.0.0
2025-04-23 13:09:46,818 [INFO] PopulateThirdPartyThread:66 - Ending populate Thread
2025-04-23 13:09:46,821 [INFO] ThirdParty:1030 - CMSIS Pack Vendor :STMicroelectronics X-CUBE-WB05N 2.0.0
2025-04-23 13:09:46,821 [INFO] LoadServerUpdatesThread:375 - End of LoadServerUpdate Thread
2025-04-23 13:09:47,524 [INFO] WebApp:449 - Apply proxy settings
2025-04-23 13:09:47,525 [INFO] WebApp:534 - Chromium requires no authentication
2025-04-23 13:09:47,532 [INFO] WebApp:477 - Direct internet connection detected
2025-04-23 13:09:47,550 [INFO] WebApp:880 - Register for checkConnection events
2025-04-23 13:09:47,551 [INFO] WebApp:449 - Apply proxy settings
2025-04-23 13:09:47,551 [INFO] WebApp:534 - Chromium requires no authentication
2025-04-23 13:09:47,551 [INFO] WebApp:477 - Direct internet connection detected
2025-04-23 13:09:47,680 [INFO] WebApp:221 - Starting web application
2025-04-23 13:09:47,680 [INFO] WebApp:579 - Web application path used C:\ST\STM32CubeIDE_1.17.0\STM32CubeIDE\plugins\com.st.stm32cube.common.mx_6.13.0.202411220809\db\plugins\mcufinder\reactClient1\index.html
2025-04-23 13:09:47,869 [INFO] WebApp:187 - Connection restablished
2025-04-23 13:09:48,335 [WARN] PackLoader:240 - Cannot read IP mode file for STMicroelectronics.FP-SNS-MOTENVWB1.1.4.0
2025-04-23 13:09:48,340 [WARN] PackLoader:240 - Cannot read IP mode file for STMicroelectronics.FP-ATR-ASTRA1.2.0.2
2025-04-23 13:09:48,352 [WARN] PackLoader:240 - Cannot read IP mode file for STMicroelectronics.FP-ATR-ASTRA1.2.0.1
2025-04-23 13:09:48,366 [WARN] PackLoader:240 - Cannot read IP mode file for STMicroelectronics.X-CUBE-SMBUS.2.1.0
2025-04-23 13:09:48,380 [WARN] PackLoader:240 - Cannot read IP mode file for STMicroelectronics.X-CUBE-WB05N.1.1.0
2025-04-23 13:09:48,413 [WARN] PackLoader:240 - Cannot read IP mode file for STMicroelectronics.X-CUBE-AZRTOS-F7.1.1.0
2025-04-23 13:09:48,434 [WARN] PackLoader:240 - Cannot read IP mode file for STMicroelectronics.FP-SNS-FLIGHT1.5.0.2
2025-04-23 13:09:48,460 [WARN] PackLoader:240 - Cannot read IP mode file for Infineon.AIROC-Wi-Fi-Bluetooth-STM32.1.7.0
2025-04-23 13:09:48,484 [WARN] PackLoader:240 - Cannot read IP mode file for STMicroelectronics.X-CUBE-DISPLAY.3.0.0
2025-04-23 13:09:48,499 [WARN] PackLoader:240 - Cannot read IP mode file for STMicroelectronics.X-CUBE-BLE1.7.0.0
2025-04-23 13:09:48,510 [WARN] PackLoader:240 - Cannot read IP mode file for STMicroelectronics.X-CUBE-NFC10.1.0.0
2025-04-23 13:09:48,526 [WARN] PackLoader:240 - Cannot read IP mode file for STMicroelectronics.X-CUBE-BLEMGR.4.0.0
2025-04-23 13:09:48,543 [WARN] PackLoader:240 - Cannot read IP mode file for emotas.I-CUBE-CANOPEN.1.3.0
2025-04-23 13:09:48,560 [WARN] PackLoader:240 - Cannot read IP mode file for STMicroelectronics.X-CUBE-AI.10.0.0
2025-04-23 13:09:48,584 [WARN] PackLoader:240 - Cannot read IP mode file for STMicroelectronics.FP-SNS-SMARTAG2.1.2.0
2025-04-23 13:09:48,588 [WARN] PackLoader:240 - Cannot read IP mode file for STMicroelectronics.FP-SNS-FLIGHT1.5.1.0
2025-04-23 13:09:48,640 [WARN] PackLoader:240 - Cannot read IP mode file for STMicroelectronics.X-CUBE-MEMS1.11.1.0
2025-04-23 13:09:48,726 [INFO] LogOutputStream:77 - [STDOUT_REDIRECT] 1 : Invalid condition id : UX_CORESTACK_Condition cause : null
2025-04-23 13:09:48,727 [INFO] LogOutputStream:77 - [STDOUT_REDIRECT] 1 : Invalid condition id : UX_CORESTACK_Condition cause : null
2025-04-23 13:09:48,728 [INFO] LogOutputStream:77 - [STDOUT_REDIRECT] 1 : Invalid condition id : UX_CORESTACK_Condition cause : null
2025-04-23 13:09:48,729 [INFO] LogOutputStream:77 - [STDOUT_REDIRECT] 1 : Invalid condition id : UX_CORESTACK_Condition cause : null
2025-04-23 13:09:48,730 [INFO] LogOutputStream:77 - [STDOUT_REDIRECT] 1 : Invalid condition id : UX_CORESTACK_Condition cause : null
2025-04-23 13:09:48,732 [WARN] PackLoader:240 - Cannot read IP mode file for STMicroelectronics.X-CUBE-AZRTOS-WL.2.0.0
2025-04-23 13:09:48,743 [WARN] PackLoader:240 - Cannot read IP mode file for STMicroelectronics.FP-SNS-MOTENV1.5.0.0
2025-04-23 13:09:48,747 [WARN] PackLoader:240 - Cannot read IP mode file for wolfSSL.I-CUBE-wolfMQTT.1.19.0
2025-04-23 13:09:48,759 [WARN] PackLoader:240 - Cannot read IP mode file for WES.I-CUBE-Cesium.1.3.0
2025-04-23 13:09:48,770 [WARN] PackLoader:240 - Cannot read IP mode file for STMicroelectronics.X-CUBE-BLE2.3.3.0
2025-04-23 13:09:48,782 [WARN] PackLoader:240 - Cannot read IP mode file for STMicroelectronics.X-CUBE-NFC9.1.0.0
2025-04-23 13:09:48,794 [WARN] PackLoader:240 - Cannot read IP mode file for STMicroelectronics.X-CUBE-BLE1.7.1.0
2025-04-23 13:09:48,829 [WARN] PackLoader:240 - Cannot read IP mode file for STMicroelectronics.X-CUBE-MEMS1.11.2.0
2025-04-23 13:09:48,894 [WARN] PackLoader:240 - Cannot read IP mode file for STMicroelectronics.X-CUBE-AZRTOS-G0.1.1.0
2025-04-23 13:09:48,912 [WARN] PackLoader:240 - Cannot read IP mode file for STMicroelectronics.X-CUBE-SAFEA1.1.2.2
2025-04-23 13:09:48,926 [WARN] PackLoader:240 - Cannot read IP mode file for STMicroelectronics.X-CUBE-NFC4.3.0.0
2025-04-23 13:09:48,940 [WARN] PackLoader:240 - Cannot read IP mode file for EmbeddedOffice.I-CUBE-FS-RTOS.1.0.1
2025-04-23 13:09:48,943 [WARN] PackLoader:240 - Cannot read IP mode file for STMicroelectronics.X-CUBE-WB05N.2.0.0
2025-04-23 13:09:48,956 [WARN] PackLoader:240 - Cannot read IP mode file for STMicroelectronics.X-CUBE-TCPP.4.2.0
2025-04-23 13:09:48,973 [WARN] PackLoader:240 - Cannot read IP mode file for RealThread.X-CUBE-RT-Thread_Nano.4.1.1
2025-04-23 13:09:48,979 [WARN] PackLoader:240 - Cannot read IP mode file for STMicroelectronics.FP-ATR-SIGFOX1.3.2.0
2025-04-23 13:09:48,985 [WARN] ConditionMgr:438 - getConditionDescription Invalid condition id : Cortex-A Device cause : null
2025-04-23 13:09:49,012 [WARN] ConditionMgr:1044 - genDependencies : Invalid condition id : Cortex-A Device cause : null
2025-04-23 13:09:49,012 [WARN] ConditionMgr:1044 - genDependencies : Invalid condition id : Cortex-A Device cause : null
2025-04-23 13:09:49,012 [WARN] ConditionMgr:1044 - genDependencies : Invalid condition id : Cortex-A Device cause : null
2025-04-23 13:09:49,034 [WARN] PackLoader:240 - Cannot read IP mode file for STMicroelectronics.X-CUBE-EEPRMA1.5.1.0
2025-04-23 13:09:49,052 [WARN] PackLoader:240 - Cannot read IP mode file for wolfSSL.I-CUBE-wolfSSL.5.7.6
2025-04-23 13:09:49,072 [WARN] PackLoader:240 - Cannot read IP mode file for ITTIA_DB.I-CUBE-ITTIADB.8.9.0
2025-04-23 13:09:49,105 [WARN] PackLoader:240 - Cannot read IP mode file for SEGGER.I-CUBE-embOS.1.3.1
2025-04-23 13:09:49,141 [WARN] PackLoader:240 - Cannot read IP mode file for STMicroelectronics.X-CUBE-ALGOBUILD.1.4.0
2025-04-23 13:09:49,175 [WARN] PackLoader:240 - Cannot read IP mode file for STMicroelectronics.X-CUBE-AZRTOS-F4.1.1.0
2025-04-23 13:09:49,181 [WARN] PackLoader:240 - Cannot read IP mode file for Avnet-IotConnect.X-CUBE-IoTC-DA16k-PMOD.1.0.0
2025-04-23 13:09:49,193 [WARN] PackLoader:240 - Cannot read IP mode file for STMicroelectronics.X-CUBE-ISPU.2.1.0
2025-04-23 13:09:49,214 [WARN] PackLoader:240 - Cannot read IP mode file for STMicroelectronics.X-CUBE-AZRTOS-L5.2.0.0
2025-04-23 13:09:49,227 [WARN] PackLoader:240 - Cannot read IP mode file for STMicroelectronics.X-CUBE-NFC6.3.1.0
2025-04-23 13:09:49,239 [WARN] PackLoader:240 - Cannot read IP mode file for STMicroelectronics.X-CUBE-DPower.1.2.0
2025-04-23 13:09:49,251 [WARN] PackLoader:240 - Cannot read IP mode file for STMicroelectronics.X-CUBE-FREERTOS.1.3.0
2025-04-23 13:09:49,264 [WARN] PackLoader:240 - Cannot read IP mode file for STMicroelectronics.X-CUBE-NFC7.1.0.1
2025-04-23 13:09:49,278 [WARN] PackLoader:240 - Cannot read IP mode file for STMicroelectronics.X-CUBE-DPower.1.3.0
2025-04-23 13:09:49,302 [WARN] ConditionMgr:438 - getConditionDescription Invalid condition id : LAN8742 Phy interface Condition cause : null
2025-04-23 13:09:49,302 [WARN] PackLoader:240 - Cannot read IP mode file for STMicroelectronics.X-CUBE-AZRTOS-L4.2.0.0
2025-04-23 13:09:49,303 [WARN] ConditionMgr:1044 - genDependencies : Invalid condition id : LAN8742 Phy interface Condition cause : null
2025-04-23 13:09:49,303 [WARN] ConditionMgr:1044 - genDependencies : Invalid condition id : LAN8742 Phy interface Condition cause : null
2025-04-23 13:09:49,303 [WARN] ConditionMgr:1044 - genDependencies : Invalid condition id : LAN8742 Phy interface Condition cause : null
2025-04-23 13:09:49,316 [WARN] PackLoader:240 - Cannot read IP mode file for STMicroelectronics.X-CUBE-SFXS2LP1.4.0.0
2025-04-23 13:09:49,338 [WARN] PackLoader:240 - Cannot read IP mode file for STMicroelectronics.X-CUBE-AZRTOS-H7.3.3.0
2025-04-23 13:09:49,359 [WARN] ConditionMgr:438 - getConditionDescription Invalid condition id : UX DEVICE CLASS RTOS Condition cause : null
2025-04-23 13:09:49,360 [WARN] ConditionMgr:438 - getConditionDescription Invalid condition id : UX DEVICE CLASS RTOS Condition cause : null
2025-04-23 13:09:49,361 [WARN] PackLoader:240 - Cannot read IP mode file for STMicroelectronics.X-CUBE-AZRTOS-WB.2.0.0
2025-04-23 13:09:49,361 [WARN] ConditionMgr:1044 - genDependencies : Invalid condition id : UX DEVICE CLASS RTOS Condition cause : null
2025-04-23 13:09:49,361 [WARN] ConditionMgr:1044 - genDependencies : Invalid condition id : UX DEVICE CLASS RTOS Condition cause : null
2025-04-23 13:09:49,361 [WARN] ConditionMgr:1044 - genDependencies : Invalid condition id : UX DEVICE CLASS RTOS Condition cause : null
2025-04-23 13:09:49,361 [WARN] ConditionMgr:1044 - genDependencies : Invalid condition id : UX DEVICE CLASS RTOS Condition cause : null
2025-04-23 13:09:49,361 [WARN] ConditionMgr:1044 - genDependencies : Invalid condition id : UX DEVICE CLASS RTOS Condition cause : null
2025-04-23 13:09:49,375 [WARN] PackLoader:240 - Cannot read IP mode file for STMicroelectronics.X-CUBE-GNSS1.7.0.1
2025-04-23 13:09:49,389 [WARN] PackLoader:240 - Cannot read IP mode file for STMicroelectronics.X-CUBE-TOUCHGFX.4.25.0
2025-04-23 13:09:49,400 [WARN] PackLoader:240 - Cannot read IP mode file for STMicroelectronics.FP-SNS-STBOX1.2.0.0
2025-04-23 13:09:49,414 [WARN] PackLoader:240 - Cannot read IP mode file for STMicroelectronics.X-CUBE-SUBG2.5.0.0
2025-04-23 13:09:49,437 [WARN] PackLoader:240 - Cannot read IP mode file for STMicroelectronics.X-CUBE-AZRTOS-H7RS.1.1.0
2025-04-23 13:09:49,442 [WARN] PackLoader:240 - Cannot read IP mode file for Cesanta.I-CUBE-Mongoose.7.13.0
2025-04-23 13:09:49,473 [WARN] PackLoader:240 - Cannot read IP mode file for STMicroelectronics.X-CUBE-AZRTOS-G4.2.0.0
2025-04-23 13:09:49,494 [WARN] PackLoader:240 - Cannot read IP mode file for STMicroelectronics.X-CUBE-IPS.3.1.0
2025-04-23 13:09:49,513 [WARN] PackLoader:240 - Cannot read IP mode file for STMicroelectronics.X-CUBE-ALS.1.0.2
2025-04-23 13:09:49,539 [WARN] PackLoader:240 - Cannot read IP mode file for STMicroelectronics.X-CUBE-TOUCHGFX.4.24.2
2025-04-23 13:09:49,543 [WARN] PackLoader:240 - Cannot read IP mode file for wolfSSL.I-CUBE-wolfTPM.3.4.0
2025-04-23 13:09:49,560 [WARN] PackLoader:240 - Cannot read IP mode file for portGmbH.I-Cube-SoM-uGOAL.1.1.0
2025-04-23 13:09:49,590 [WARN] PackLoader:240 - Cannot read IP mode file for STMicroelectronics.X-CUBE-AZRTOS-H7RS.1.0.0
2025-04-23 13:09:49,614 [WARN] PackLoader:240 - Cannot read IP mode file for STMicroelectronics.X-CUBE-TOF1.3.4.2
2025-04-23 13:09:49,634 [WARN] PackLoader:240 - Cannot read IP mode file for STMicroelectronics.X-CUBE-TOF1.3.4.3
2025-04-23 13:09:49,641 [WARN] PackLoader:240 - Cannot read IP mode file for wolfSSL.I-CUBE-wolfSSH.1.4.17
2025-04-23 13:09:49,642 [INFO] ThirdParty:978 - Integrity check success = true
2025-04-23 13:09:49,642 [INFO] IntegrityCheckThread:100 - exiting critical section [integrity check]
2025-04-23 13:09:49,642 [INFO] IntegrityCheckThread:103 - End integrity checks thread
2025-04-23 13:57:44,228 [ERROR] LogOutputStream:75 - [STDERR_REDIRECT] 
