2025-04-22 00:28:49,015 [ERROR] LogOutputStream:75 - [STDERR_REDIRECT] 
2025-04-22 10:29:40,751 [INFO] Activator:176 - 


2025-04-22 10:29:40,752 [INFO] Activator:177 - !SESSION log4j initialized
2025-04-22 10:29:46,867 [INFO] LogOutputStream:77 - [STDOUT_REDIRECT] 
2025-04-22 10:29:53,309 [INFO] ApplicationProperties:184 - Using Application install path: C:\ST\STM32CubeIDE_1.17.0\STM32CubeIDE\plugins\com.st.stm32cube.common.mx_6.13.0.202411220809
2025-04-22 10:29:53,327 [INFO] DbMcusXml:78 - Set database path to: C:\ST\STM32CubeIDE_1.17.0\STM32CubeIDE\plugins\com.st.stm32cube.common.mx_6.13.0.202411220809\\db\/mcu/
2025-04-22 10:29:53,328 [INFO] ApiDb:274 - Set plugin database path to: C:\ST\STM32CubeIDE_1.17.0\STM32CubeIDE\plugins\com.st.stm32cube.common.mx_6.13.0.202411220809\\db\/plugins/boardmanager/
2025-04-22 10:29:53,328 [WARN] ApiDb:259 - Overriding images path with different value:  => C:\ST\STM32CubeIDE_1.17.0\STM32CubeIDE\plugins\com.st.stm32cube.common.mx_6.13.0.202411220809\\db\/plugins/mcufinder/images/
2025-04-22 10:29:53,333 [INFO] ApiDb:250 - Set database path to: C:\Users\jesti\.stmcufinder\plugins\mcufinder//mcu/
2025-04-22 10:29:53,334 [INFO] DbMcusAds:125 - Set database path to: C:\Users\jesti\.stmcufinder\plugins\mcufinder//mcu/
2025-04-22 10:29:53,335 [INFO] CrossReferenceDbSqlite:203 - Set database path to: C:\Users\jesti\.stmcufinder\plugins\mcufinder//mcu/cs/
2025-04-22 10:29:53,492 [INFO] RulesReader:64 - Compatibility file has been processed (297 Rules)
2025-04-22 10:29:53,580 [INFO] DbMcusXml:78 - Set database path to: C:\ST\STM32CubeIDE_1.17.0\STM32CubeIDE\plugins\com.st.stm32cube.common.mx_6.13.0.202411220809\\db\/mcu/
2025-04-22 10:29:53,580 [INFO] ApiDb:274 - Set plugin database path to: C:\ST\STM32CubeIDE_1.17.0\STM32CubeIDE\plugins\com.st.stm32cube.common.mx_6.13.0.202411220809\\db\/plugins/boardmanager/
2025-04-22 10:29:53,580 [INFO] ApiDb:261 - Set plugin images path to: C:\ST\STM32CubeIDE_1.17.0\STM32CubeIDE\plugins\com.st.stm32cube.common.mx_6.13.0.202411220809\\db\/plugins/mcufinder/images/
2025-04-22 10:29:53,581 [WARN] DbFile:41 - Overriding database path with different value: C:\Users\jesti\.stmcufinder\plugins\mcufinder/ => C:\Users\jesti\.stmcufinder\plugins\mcufinder
2025-04-22 10:29:53,581 [INFO] ApiDb:250 - Set database path to: C:\Users\jesti\.stmcufinder\plugins\mcufinder//mcu/
2025-04-22 10:29:53,581 [WARN] DbFile:41 - Overriding database path with different value: C:\Users\jesti\.stmcufinder\plugins\mcufinder/ => C:\Users\jesti\.stmcufinder\plugins\mcufinder
2025-04-22 10:29:53,581 [INFO] DbMcusAds:125 - Set database path to: C:\Users\jesti\.stmcufinder\plugins\mcufinder//mcu/
2025-04-22 10:29:53,581 [WARN] DbFile:41 - Overriding database path with different value: C:\Users\jesti\.stmcufinder\plugins\mcufinder/ => C:\Users\jesti\.stmcufinder\plugins\mcufinder
2025-04-22 10:29:53,581 [WARN] DbFile:41 - Overriding database path with different value: C:\Users\jesti\.stmcufinder\plugins\mcufinder/ => C:\Users\jesti\.stmcufinder\plugins\mcufinder
2025-04-22 10:29:53,581 [INFO] CrossReferenceDbSqlite:203 - Set database path to: C:\Users\jesti\.stmcufinder\plugins\mcufinder//mcu/cs/
2025-04-22 10:29:53,638 [INFO] MainPanel:272 - HeapMemory: 268435456
2025-04-22 10:29:53,733 [INFO] DbMcusXml:78 - Set database path to: C:\ST\STM32CubeIDE_1.17.0\STM32CubeIDE\plugins\com.st.stm32cube.common.mx_6.13.0.202411220809\\db\/mcu/
2025-04-22 10:29:53,734 [INFO] ApiDb:274 - Set plugin database path to: C:\ST\STM32CubeIDE_1.17.0\STM32CubeIDE\plugins\com.st.stm32cube.common.mx_6.13.0.202411220809\\db\/plugins/boardmanager/
2025-04-22 10:29:53,734 [INFO] ApiDb:261 - Set plugin images path to: C:\ST\STM32CubeIDE_1.17.0\STM32CubeIDE\plugins\com.st.stm32cube.common.mx_6.13.0.202411220809\\db\/plugins/mcufinder/images/
2025-04-22 10:29:53,734 [WARN] DbFile:41 - Overriding database path with different value: C:\Users\jesti\.stmcufinder\plugins\mcufinder/ => C:\Users\jesti\.stmcufinder\plugins\mcufinder
2025-04-22 10:29:53,734 [INFO] ApiDb:250 - Set database path to: C:\Users\jesti\.stmcufinder\plugins\mcufinder//mcu/
2025-04-22 10:29:53,734 [WARN] DbFile:41 - Overriding database path with different value: C:\Users\jesti\.stmcufinder\plugins\mcufinder/ => C:\Users\jesti\.stmcufinder\plugins\mcufinder
2025-04-22 10:29:53,734 [INFO] DbMcusAds:125 - Set database path to: C:\Users\jesti\.stmcufinder\plugins\mcufinder//mcu/
2025-04-22 10:29:53,734 [WARN] DbFile:41 - Overriding database path with different value: C:\Users\jesti\.stmcufinder\plugins\mcufinder/ => C:\Users\jesti\.stmcufinder\plugins\mcufinder
2025-04-22 10:29:53,734 [WARN] DbFile:41 - Overriding database path with different value: C:\Users\jesti\.stmcufinder\plugins\mcufinder/ => C:\Users\jesti\.stmcufinder\plugins\mcufinder
2025-04-22 10:29:53,734 [INFO] CrossReferenceDbSqlite:203 - Set database path to: C:\Users\jesti\.stmcufinder\plugins\mcufinder//mcu/cs/
2025-04-22 10:29:53,752 [INFO] ApplicationProperties:184 - Using Application install path: C:\ST\STM32CubeIDE_1.17.0\STM32CubeIDE\plugins\com.st.stm32cube.common.mx_6.13.0.202411220809
2025-04-22 10:29:53,754 [INFO] PluginManage:196 - Search for loadable plugins [exclusion list=, ]
2025-04-22 10:29:53,755 [INFO] PluginManage:310 - Check plugin analytics
2025-04-22 10:29:58,906 [INFO] AnalyticsPlugin:253 - Accepted Software Licenses: 
2025-04-22 10:29:58,906 [INFO] AnalyticsPlugin:255 - Accepted CMSIS Pack Licenses: 
2025-04-22 10:29:58,906 [INFO] AnalyticsPlugin:257 - Accepted Firmware Licenses: 
2025-04-22 10:29:58,912 [INFO] PluginManage:359 - Loaded plugin analytics (category:tool,tabindex:-1)
2025-04-22 10:29:58,914 [INFO] PluginManage:310 - Check plugin cadmodel
2025-04-22 10:29:58,933 [INFO] CADModel:105 - Init CAD model plugin
2025-04-22 10:29:58,934 [INFO] PluginManage:359 - Loaded plugin cadmodel (category:power,tabindex:5)
2025-04-22 10:29:58,934 [INFO] PluginManage:310 - Check plugin clock
2025-04-22 10:29:58,957 [INFO] PluginManage:359 - Loaded plugin clock (category:base,tabindex:2)
2025-04-22 10:29:58,957 [INFO] PluginManage:310 - Check plugin ddr
2025-04-22 10:29:58,959 [INFO] PluginManage:359 - Loaded plugin ddr (category:tool,tabindex:6)
2025-04-22 10:29:58,959 [INFO] PluginManage:310 - Check plugin filemanager
2025-04-22 10:29:59,102 [INFO] PluginManage:359 - Loaded plugin filemanager (category:base,tabindex:10)
2025-04-22 10:29:59,103 [INFO] PluginManage:310 - Check plugin ipmanager
2025-04-22 10:29:59,108 [INFO] PluginManage:359 - Loaded plugin ipmanager (category:base,tabindex:5)
2025-04-22 10:29:59,108 [INFO] PluginManage:310 - Check plugin lpbam
2025-04-22 10:29:59,133 [INFO] PluginManage:359 - Loaded plugin lpbam (category:base,tabindex:0)
2025-04-22 10:29:59,133 [INFO] PluginManage:310 - Check plugin memorymap
2025-04-22 10:29:59,160 [INFO] PluginManage:359 - Loaded plugin memorymap (category:base,tabindex:4)
2025-04-22 10:29:59,160 [INFO] PluginManage:310 - Check plugin pinoutandconfiguration
2025-04-22 10:29:59,178 [INFO] PluginManage:359 - Loaded plugin pinoutandconfiguration (category:base,tabindex:1)
2025-04-22 10:29:59,179 [INFO] PluginManage:310 - Check plugin pinoutconfig
2025-04-22 10:29:59,304 [WARN] SupportedApi:132 - Cannot load RTOS API schema: s4s-elt-must-match.1: The content of 'definitions' must match (annotation?, (simpleType | complexType)?, (unique | key | keyref)*)). A problem was found starting at: attribute.
2025-04-22 10:29:59,474 [INFO] PluginManage:359 - Loaded plugin pinoutconfig (category:base,tabindex:0)
2025-04-22 10:29:59,475 [INFO] PluginManage:310 - Check plugin power
2025-04-22 10:29:59,499 [INFO] PluginManage:359 - Loaded plugin power (category:power,tabindex:4)
2025-04-22 10:29:59,500 [INFO] PluginManage:310 - Check plugin projectmanager
2025-04-22 10:29:59,515 [INFO] PluginManage:359 - Loaded plugin projectmanager (category:projectmanager,tabindex:4)
2025-04-22 10:29:59,515 [INFO] PluginManage:310 - Check plugin rif
2025-04-22 10:29:59,533 [INFO] PluginManage:359 - Loaded plugin rif (category:base,tabindex:3)
2025-04-22 10:29:59,533 [INFO] PluginManage:310 - Check plugin thirdparty
2025-04-22 10:29:59,851 [WARN] IntegrityCheckThread:84 - waiting for thirdparty lock release [integrity check]
2025-04-22 10:29:59,852 [INFO] IntegrityCheckThread:86 - entering critical section [integrity check]
2025-04-22 10:29:59,853 [INFO] ThirdPartyUpdaterWithRetryManager:70 - Updater plugin not ready yet. [1/15]
2025-04-22 10:29:59,855 [INFO] PluginManage:359 - Loaded plugin thirdparty (category:base,tabindex:-1)
2025-04-22 10:29:59,855 [INFO] PluginManage:310 - Check plugin tools
2025-04-22 10:29:59,895 [INFO] PluginManage:359 - Loaded plugin tools (category:base,tabindex:7)
2025-04-22 10:29:59,895 [INFO] PluginManage:310 - Check plugin tutovideos
2025-04-22 10:30:00,118 [INFO] PluginManage:359 - Loaded plugin tutovideos (category:base,tabindex:-1)
2025-04-22 10:30:00,118 [INFO] PluginManage:310 - Check plugin updater
2025-04-22 10:30:00,144 [INFO] PluginManage:359 - Loaded plugin updater (category:base,tabindex:12)
2025-04-22 10:30:00,144 [INFO] PluginManage:310 - Check plugin userauth
2025-04-22 10:30:00,148 [INFO] UserAuth:118 - Init User Auth plugin
2025-04-22 10:30:00,149 [INFO] PluginManage:359 - Loaded plugin userauth (category:base,tabindex:14)
2025-04-22 10:30:00,149 [INFO] PluginManage:283 - PluginManage : Loaded plugins [18]
2025-04-22 10:30:00,364 [INFO] PinOutPanel:1589 - setPackage(No Configuration,No Configuration)
2025-04-22 10:30:00,462 [INFO] CADModel:165 - CPN selected for project level
2025-04-22 10:30:00,462 [INFO] CADModel:114 - Register for checkConnection events
2025-04-22 10:30:00,493 [INFO] IPUIPlugin:80 - create IPUIPlugin
2025-04-22 10:30:00,494 [INFO] PluginManager:220 - loadIPPluginJar : add adc
2025-04-22 10:30:00,542 [INFO] IPUIPlugin:80 - create IPUIPlugin
2025-04-22 10:30:00,543 [INFO] PluginManager:220 - loadIPPluginJar : add aes
2025-04-22 10:30:00,584 [INFO] IPUIPlugin:80 - create IPUIPlugin
2025-04-22 10:30:00,584 [INFO] PluginManager:220 - loadIPPluginJar : add can
2025-04-22 10:30:00,622 [INFO] IPUIPlugin:80 - create IPUIPlugin
2025-04-22 10:30:00,622 [INFO] PluginManager:220 - loadIPPluginJar : add comp
2025-04-22 10:30:00,677 [INFO] IPUIPlugin:80 - create IPUIPlugin
2025-04-22 10:30:00,677 [INFO] PluginManager:220 - loadIPPluginJar : add cryp
2025-04-22 10:30:00,692 [INFO] IPUIPlugin:80 - create IPUIPlugin
2025-04-22 10:30:00,694 [INFO] PluginManager:220 - loadIPPluginJar : add ddr_ctrl_phy
2025-04-22 10:30:00,727 [INFO] IPUIPlugin:80 - create IPUIPlugin
2025-04-22 10:30:00,727 [INFO] PluginManager:220 - loadIPPluginJar : add dfsdm
2025-04-22 10:30:00,746 [INFO] IPUIPlugin:80 - create IPUIPlugin
2025-04-22 10:30:00,747 [INFO] PluginManager:220 - loadIPPluginJar : add dma
2025-04-22 10:30:00,786 [INFO] IPUIPlugin:80 - create IPUIPlugin
2025-04-22 10:30:00,786 [INFO] PluginManager:220 - loadIPPluginJar : add dma3
2025-04-22 10:30:00,841 [INFO] IPUIPlugin:80 - create IPUIPlugin
2025-04-22 10:30:00,841 [INFO] PluginManager:220 - loadIPPluginJar : add extmemmanager
2025-04-22 10:30:00,863 [INFO] IPUIPlugin:80 - create IPUIPlugin
2025-04-22 10:30:00,863 [INFO] PluginManager:220 - loadIPPluginJar : add fatfs
2025-04-22 10:30:00,922 [INFO] IPUIPlugin:80 - create IPUIPlugin
2025-04-22 10:30:00,922 [INFO] PluginManager:220 - loadIPPluginJar : add fmc
2025-04-22 10:30:00,944 [INFO] IPUIPlugin:80 - create IPUIPlugin
2025-04-22 10:30:00,944 [INFO] PluginManager:220 - loadIPPluginJar : add freertos
2025-04-22 10:30:00,969 [INFO] IPUIPlugin:80 - create IPUIPlugin
2025-04-22 10:30:00,969 [INFO] PluginManager:220 - loadIPPluginJar : add genericplugin
2025-04-22 10:30:01,099 [INFO] IPUIPlugin:80 - create IPUIPlugin
2025-04-22 10:30:01,099 [INFO] PluginManager:220 - loadIPPluginJar : add gfxmmu
2025-04-22 10:30:01,292 [INFO] IPUIPlugin:80 - create IPUIPlugin
2025-04-22 10:30:01,292 [INFO] PluginManager:220 - loadIPPluginJar : add gic
2025-04-22 10:30:01,308 [INFO] IPUIPlugin:80 - create IPUIPlugin
2025-04-22 10:30:01,308 [INFO] PluginManager:220 - loadIPPluginJar : add gpio
2025-04-22 10:30:01,421 [INFO] IPUIPlugin:80 - create IPUIPlugin
2025-04-22 10:30:01,422 [INFO] PluginManager:220 - loadIPPluginJar : add gtzc
2025-04-22 10:30:01,461 [INFO] IPUIPlugin:80 - create IPUIPlugin
2025-04-22 10:30:01,461 [INFO] PluginManager:220 - loadIPPluginJar : add hash
2025-04-22 10:30:01,535 [INFO] IPUIPlugin:80 - create IPUIPlugin
2025-04-22 10:30:01,536 [INFO] PluginManager:220 - loadIPPluginJar : add i2c
2025-04-22 10:30:01,594 [INFO] IPUIPlugin:80 - create IPUIPlugin
2025-04-22 10:30:01,594 [INFO] PluginManager:220 - loadIPPluginJar : add i2s
2025-04-22 10:30:01,652 [INFO] IPUIPlugin:80 - create IPUIPlugin
2025-04-22 10:30:01,653 [INFO] PluginManager:220 - loadIPPluginJar : add i3c
2025-04-22 10:30:01,797 [INFO] IPUIPlugin:80 - create IPUIPlugin
2025-04-22 10:30:01,797 [INFO] PluginManager:220 - loadIPPluginJar : add ipddr
2025-04-22 10:30:01,905 [INFO] IPUIPlugin:80 - create IPUIPlugin
2025-04-22 10:30:01,905 [INFO] PluginManager:220 - loadIPPluginJar : add linkedlist
2025-04-22 10:30:01,942 [INFO] IPUIPlugin:80 - create IPUIPlugin
2025-04-22 10:30:01,942 [INFO] PluginManager:220 - loadIPPluginJar : add lorawan
2025-04-22 10:30:01,997 [INFO] IPUIPlugin:80 - create IPUIPlugin
2025-04-22 10:30:01,997 [INFO] PluginManager:220 - loadIPPluginJar : add ltdc
2025-04-22 10:30:02,017 [INFO] IPUIPlugin:80 - create IPUIPlugin
2025-04-22 10:30:02,018 [INFO] PluginManager:220 - loadIPPluginJar : add mdma
2025-04-22 10:30:02,035 [INFO] IPUIPlugin:80 - create IPUIPlugin
2025-04-22 10:30:02,035 [INFO] PluginManager:220 - loadIPPluginJar : add nvic
2025-04-22 10:30:02,094 [INFO] IPUIPlugin:80 - create IPUIPlugin
2025-04-22 10:30:02,094 [INFO] PluginManager:220 - loadIPPluginJar : add opamp
2025-04-22 10:30:02,172 [INFO] IPUIPlugin:80 - create IPUIPlugin
2025-04-22 10:30:02,172 [INFO] PluginManager:220 - loadIPPluginJar : add openamp
2025-04-22 10:30:02,215 [INFO] IPUIPlugin:80 - create IPUIPlugin
2025-04-22 10:30:02,215 [INFO] PluginManager:220 - loadIPPluginJar : add pdm2pcm
2025-04-22 10:30:02,232 [INFO] IPUIPlugin:80 - create IPUIPlugin
2025-04-22 10:30:02,235 [INFO] PluginManager:220 - loadIPPluginJar : add plateformsettings
2025-04-22 10:30:02,258 [INFO] IPUIPlugin:80 - create IPUIPlugin
2025-04-22 10:30:02,258 [INFO] PluginManager:220 - loadIPPluginJar : add quadspi
2025-04-22 10:30:02,291 [INFO] IPUIPlugin:80 - create IPUIPlugin
2025-04-22 10:30:02,292 [INFO] PluginManager:220 - loadIPPluginJar : add radio
2025-04-22 10:30:02,306 [INFO] IPUIPlugin:80 - create IPUIPlugin
2025-04-22 10:30:02,306 [INFO] PluginManager:220 - loadIPPluginJar : add resmgrutility
2025-04-22 10:30:02,352 [INFO] IPUIPlugin:80 - create IPUIPlugin
2025-04-22 10:30:02,352 [INFO] PluginManager:220 - loadIPPluginJar : add sai
2025-04-22 10:30:02,387 [INFO] IPUIPlugin:80 - create IPUIPlugin
2025-04-22 10:30:02,387 [INFO] PluginManager:220 - loadIPPluginJar : add spi
2025-04-22 10:30:02,446 [INFO] IPUIPlugin:80 - create IPUIPlugin
2025-04-22 10:30:02,446 [INFO] PluginManager:220 - loadIPPluginJar : add stm32_wpan
2025-04-22 10:30:02,468 [INFO] IPUIPlugin:80 - create IPUIPlugin
2025-04-22 10:30:02,469 [INFO] PluginManager:220 - loadIPPluginJar : add tim
2025-04-22 10:30:02,552 [INFO] IPUIPlugin:80 - create IPUIPlugin
2025-04-22 10:30:02,552 [INFO] PluginManager:220 - loadIPPluginJar : add touchsensing
2025-04-22 10:30:02,585 [INFO] IPUIPlugin:80 - create IPUIPlugin
2025-04-22 10:30:02,585 [INFO] PluginManager:220 - loadIPPluginJar : add tracer_emb
2025-04-22 10:30:02,618 [INFO] IPUIPlugin:80 - create IPUIPlugin
2025-04-22 10:30:02,618 [INFO] PluginManager:220 - loadIPPluginJar : add ts
2025-04-22 10:30:02,654 [INFO] IPUIPlugin:80 - create IPUIPlugin
2025-04-22 10:30:02,655 [INFO] PluginManager:220 - loadIPPluginJar : add tsc
2025-04-22 10:30:02,690 [INFO] IPUIPlugin:80 - create IPUIPlugin
2025-04-22 10:30:02,690 [INFO] PluginManager:220 - loadIPPluginJar : add ucpd
2025-04-22 10:30:02,765 [INFO] IPUIPlugin:80 - create IPUIPlugin
2025-04-22 10:30:02,765 [INFO] PluginManager:220 - loadIPPluginJar : add usart
2025-04-22 10:30:02,822 [INFO] IPUIPlugin:80 - create IPUIPlugin
2025-04-22 10:30:02,822 [INFO] PluginManager:220 - loadIPPluginJar : add usbx
2025-04-22 10:30:02,853 [INFO] ThirdPartyUpdaterWithRetryManager:70 - Updater plugin not ready yet. [2/15]
2025-04-22 10:30:02,933 [FATAL] Updater:351 - Updater called before beeing initialized
2025-04-22 10:30:02,952 [INFO] RulesReader:64 - Compatibility file has been processed (297 Rules)
2025-04-22 10:30:02,960 [INFO] RulesReader:64 - Compatibility file has been processed (297 Rules)
2025-04-22 10:30:02,974 [INFO] CADModel:165 - CPN selected for project level
2025-04-22 10:30:02,974 [INFO] CADModel:114 - Register for checkConnection events
2025-04-22 10:30:02,974 [FATAL] Updater:351 - Updater called before beeing initialized
2025-04-22 10:30:02,974 [ERROR] CADModel:125 - Updater not yet initialized, retry later 
2025-04-22 10:30:03,140 [FATAL] Updater:351 - Updater called before beeing initialized
2025-04-22 10:30:03,142 [INFO] CADModel:165 - CPN selected for project level
2025-04-22 10:30:03,142 [INFO] CADModel:114 - Register for checkConnection events
2025-04-22 10:30:03,142 [FATAL] Updater:351 - Updater called before beeing initialized
2025-04-22 10:30:03,142 [ERROR] CADModel:125 - Updater not yet initialized, retry later 
2025-04-22 10:30:03,144 [FATAL] Updater:351 - Updater called before beeing initialized
2025-04-22 10:30:03,225 [FATAL] Updater:351 - Updater called before beeing initialized
2025-04-22 10:30:03,236 [INFO] DbMcusAds:53 - JSON generation date=Thu Mar 06 09:54:22 EST 2025 (1741272862078)
2025-04-22 10:30:03,236 [FATAL] Updater:351 - Updater called before beeing initialized
2025-04-22 10:30:03,266 [WARN] DetailPanel:346 - Failed to get advertising image, set to default
2025-04-22 10:30:03,433 [FATAL] Updater:351 - Updater called before beeing initialized
2025-04-22 10:30:03,435 [FATAL] Updater:351 - Updater called before beeing initialized
2025-04-22 10:30:03,435 [FATAL] Updater:351 - Updater called before beeing initialized
2025-04-22 10:30:03,435 [WARN] DetailPanel:346 - Failed to get advertising image, set to default
2025-04-22 10:30:03,435 [FATAL] Updater:351 - Updater called before beeing initialized
2025-04-22 10:30:03,482 [ERROR] Updater:1198 - MainUpdater not yet initialized. External WinMGr cannot be set.
2025-04-22 10:30:03,490 [INFO] Updater:1134 - Updater Version found : 6.13.0
2025-04-22 10:30:03,505 [INFO] ApplicationProperties:184 - Using Application install path: C:\ST\STM32CubeIDE_1.17.0\STM32CubeIDE\plugins\com.st.stm32cube.common.mx_6.13.0.202411220809
2025-04-22 10:30:05,079 [ERROR] LogOutputStream:75 - [STDERR_REDIRECT] Apr 22, 2025 10:30:05 AM java.util.prefs.WindowsPreferences <init>
2025-04-22 10:30:05,080 [ERROR] LogOutputStream:75 - [STDERR_REDIRECT] WARNING: Could not open/create prefs root node Software\JavaSoft\Prefs at root 0xffffffff80000002. Windows RegCreateKeyEx(...) returned error code 5.
2025-04-22 10:30:05,080 [ERROR] LogOutputStream:75 - [STDERR_REDIRECT] 
2025-04-22 10:30:05,562 [INFO] MainUpdater:2872 - connection check result : 10
2025-04-22 10:30:05,563 [INFO] MainUpdater:289 - Updater Check For Update Now.
2025-04-22 10:30:05,563 [INFO] MicroXplorer:498 - Change Database Version : DB.6.0.130
2025-04-22 10:30:05,601 [INFO] McuFinderGlobals:63 - Set McuFinder mode to 2 (CubeIDE integrated)
2025-04-22 10:30:05,602 [INFO] UserAuth:171 - activating auth plugin
2025-04-22 10:30:05,606 [INFO] UserAuth:486 - Internet connection configuration mode: 1
2025-04-22 10:30:05,666 [INFO] JxBrowserEngine:152 - Initiate JxBrowser Engine with user profile folder
2025-04-22 10:30:05,775 [INFO] CheckServerUpdateThread:120 - End of CheckServer Thread
2025-04-22 10:30:06,046 [WARN] PackLoader:240 - Cannot read IP mode file for STMicroelectronics.FP-SNS-MOTENVWB1.1.4.0
2025-04-22 10:30:06,064 [WARN] PackLoader:240 - Cannot read IP mode file for STMicroelectronics.FP-ATR-ASTRA1.2.0.2
2025-04-22 10:30:06,077 [WARN] PackLoader:240 - Cannot read IP mode file for STMicroelectronics.FP-ATR-ASTRA1.2.0.1
2025-04-22 10:30:06,091 [WARN] PackLoader:240 - Cannot read IP mode file for STMicroelectronics.X-CUBE-SMBUS.2.1.0
2025-04-22 10:30:06,105 [WARN] PackLoader:240 - Cannot read IP mode file for STMicroelectronics.X-CUBE-WB05N.1.1.0
2025-04-22 10:30:06,147 [WARN] PackLoader:240 - Cannot read IP mode file for STMicroelectronics.X-CUBE-AZRTOS-F7.1.1.0
2025-04-22 10:30:06,162 [WARN] PackLoader:240 - Cannot read IP mode file for STMicroelectronics.FP-SNS-FLIGHT1.5.0.2
2025-04-22 10:30:06,214 [WARN] PackLoader:240 - Cannot read IP mode file for Infineon.AIROC-Wi-Fi-Bluetooth-STM32.1.7.0
2025-04-22 10:30:06,236 [WARN] PackLoader:240 - Cannot read IP mode file for STMicroelectronics.X-CUBE-DISPLAY.3.0.0
2025-04-22 10:30:06,253 [WARN] PackLoader:240 - Cannot read IP mode file for STMicroelectronics.X-CUBE-BLE1.7.0.0
2025-04-22 10:30:06,268 [WARN] PackLoader:240 - Cannot read IP mode file for STMicroelectronics.X-CUBE-NFC10.1.0.0
2025-04-22 10:30:06,284 [WARN] PackLoader:240 - Cannot read IP mode file for STMicroelectronics.X-CUBE-BLEMGR.4.0.0
2025-04-22 10:30:06,298 [WARN] PackLoader:240 - Cannot read IP mode file for emotas.I-CUBE-CANOPEN.1.3.0
2025-04-22 10:30:06,310 [WARN] PackLoader:240 - Cannot read IP mode file for STMicroelectronics.X-CUBE-AI.10.0.0
2025-04-22 10:30:06,323 [WARN] PackLoader:240 - Cannot read IP mode file for STMicroelectronics.FP-SNS-SMARTAG2.1.2.0
2025-04-22 10:30:06,338 [WARN] PackLoader:240 - Cannot read IP mode file for STMicroelectronics.FP-SNS-FLIGHT1.5.1.0
2025-04-22 10:30:06,426 [WARN] PackLoader:240 - Cannot read IP mode file for STMicroelectronics.X-CUBE-MEMS1.11.1.0
2025-04-22 10:30:06,591 [INFO] LogOutputStream:77 - [STDOUT_REDIRECT] 1 : Invalid condition id : UX_CORESTACK_Condition cause : null
2025-04-22 10:30:06,593 [INFO] LogOutputStream:77 - [STDOUT_REDIRECT] 1 : Invalid condition id : UX_CORESTACK_Condition cause : null
2025-04-22 10:30:06,594 [INFO] LogOutputStream:77 - [STDOUT_REDIRECT] 1 : Invalid condition id : UX_CORESTACK_Condition cause : null
2025-04-22 10:30:06,596 [INFO] LogOutputStream:77 - [STDOUT_REDIRECT] 1 : Invalid condition id : UX_CORESTACK_Condition cause : null
2025-04-22 10:30:06,598 [INFO] LogOutputStream:77 - [STDOUT_REDIRECT] 1 : Invalid condition id : UX_CORESTACK_Condition cause : null
2025-04-22 10:30:06,599 [WARN] PackLoader:240 - Cannot read IP mode file for STMicroelectronics.X-CUBE-AZRTOS-WL.2.0.0
2025-04-22 10:30:06,615 [WARN] PackLoader:240 - Cannot read IP mode file for STMicroelectronics.FP-SNS-MOTENV1.5.0.0
2025-04-22 10:30:06,626 [WARN] PackLoader:240 - Cannot read IP mode file for wolfSSL.I-CUBE-wolfMQTT.1.19.0
2025-04-22 10:30:06,645 [WARN] PackLoader:240 - Cannot read IP mode file for WES.I-CUBE-Cesium.1.3.0
2025-04-22 10:30:06,660 [WARN] PackLoader:240 - Cannot read IP mode file for STMicroelectronics.X-CUBE-BLE2.3.3.0
2025-04-22 10:30:06,678 [WARN] PackLoader:240 - Cannot read IP mode file for STMicroelectronics.X-CUBE-NFC9.1.0.0
2025-04-22 10:30:06,698 [WARN] PackLoader:240 - Cannot read IP mode file for STMicroelectronics.X-CUBE-BLE1.7.1.0
2025-04-22 10:30:06,761 [WARN] PackLoader:240 - Cannot read IP mode file for STMicroelectronics.X-CUBE-MEMS1.11.2.0
2025-04-22 10:30:06,874 [WARN] PackLoader:240 - Cannot read IP mode file for STMicroelectronics.X-CUBE-AZRTOS-G0.1.1.0
2025-04-22 10:30:06,890 [WARN] PackLoader:240 - Cannot read IP mode file for STMicroelectronics.X-CUBE-SAFEA1.1.2.2
2025-04-22 10:30:06,903 [WARN] PackLoader:240 - Cannot read IP mode file for STMicroelectronics.X-CUBE-NFC4.3.0.0
2025-04-22 10:30:06,919 [WARN] PackLoader:240 - Cannot read IP mode file for EmbeddedOffice.I-CUBE-FS-RTOS.1.0.1
2025-04-22 10:30:06,933 [WARN] PackLoader:240 - Cannot read IP mode file for STMicroelectronics.X-CUBE-TCPP.4.2.0
2025-04-22 10:30:06,946 [WARN] PackLoader:240 - Cannot read IP mode file for RealThread.X-CUBE-RT-Thread_Nano.4.1.1
2025-04-22 10:30:06,958 [WARN] PackLoader:240 - Cannot read IP mode file for STMicroelectronics.FP-ATR-SIGFOX1.3.2.0
2025-04-22 10:30:06,970 [WARN] ConditionMgr:438 - getConditionDescription Invalid condition id : Cortex-A Device cause : null
2025-04-22 10:30:06,996 [WARN] ConditionMgr:1044 - genDependencies : Invalid condition id : Cortex-A Device cause : null
2025-04-22 10:30:06,996 [WARN] ConditionMgr:1044 - genDependencies : Invalid condition id : Cortex-A Device cause : null
2025-04-22 10:30:06,996 [WARN] ConditionMgr:1044 - genDependencies : Invalid condition id : Cortex-A Device cause : null
2025-04-22 10:30:07,011 [WARN] PackLoader:240 - Cannot read IP mode file for STMicroelectronics.X-CUBE-EEPRMA1.5.1.0
2025-04-22 10:30:07,027 [WARN] PackLoader:240 - Cannot read IP mode file for wolfSSL.I-CUBE-wolfSSL.5.7.6
2025-04-22 10:30:07,040 [WARN] PackLoader:240 - Cannot read IP mode file for ITTIA_DB.I-CUBE-ITTIADB.8.9.0
2025-04-22 10:30:07,064 [WARN] PackLoader:240 - Cannot read IP mode file for SEGGER.I-CUBE-embOS.1.3.1
2025-04-22 10:30:07,102 [WARN] PackLoader:240 - Cannot read IP mode file for STMicroelectronics.X-CUBE-ALGOBUILD.1.4.0
2025-04-22 10:30:07,129 [WARN] PackLoader:240 - Cannot read IP mode file for STMicroelectronics.X-CUBE-AZRTOS-F4.1.1.0
2025-04-22 10:30:07,144 [WARN] PackLoader:240 - Cannot read IP mode file for Avnet-IotConnect.X-CUBE-IoTC-DA16k-PMOD.1.0.0
2025-04-22 10:30:07,158 [WARN] PackLoader:240 - Cannot read IP mode file for STMicroelectronics.X-CUBE-ISPU.2.1.0
2025-04-22 10:30:07,181 [WARN] PackLoader:240 - Cannot read IP mode file for STMicroelectronics.X-CUBE-AZRTOS-L5.2.0.0
2025-04-22 10:30:07,196 [WARN] PackLoader:240 - Cannot read IP mode file for STMicroelectronics.X-CUBE-NFC6.3.1.0
2025-04-22 10:30:07,211 [WARN] PackLoader:240 - Cannot read IP mode file for STMicroelectronics.X-CUBE-DPower.1.2.0
2025-04-22 10:30:07,225 [WARN] PackLoader:240 - Cannot read IP mode file for STMicroelectronics.X-CUBE-FREERTOS.1.3.0
2025-04-22 10:30:07,238 [WARN] PackLoader:240 - Cannot read IP mode file for STMicroelectronics.X-CUBE-NFC7.1.0.1
2025-04-22 10:30:07,251 [WARN] PackLoader:240 - Cannot read IP mode file for STMicroelectronics.X-CUBE-DPower.1.3.0
2025-04-22 10:30:07,277 [WARN] ConditionMgr:438 - getConditionDescription Invalid condition id : LAN8742 Phy interface Condition cause : null
2025-04-22 10:30:07,277 [WARN] PackLoader:240 - Cannot read IP mode file for STMicroelectronics.X-CUBE-AZRTOS-L4.2.0.0
2025-04-22 10:30:07,278 [WARN] ConditionMgr:1044 - genDependencies : Invalid condition id : LAN8742 Phy interface Condition cause : null
2025-04-22 10:30:07,278 [WARN] ConditionMgr:1044 - genDependencies : Invalid condition id : LAN8742 Phy interface Condition cause : null
2025-04-22 10:30:07,278 [WARN] ConditionMgr:1044 - genDependencies : Invalid condition id : LAN8742 Phy interface Condition cause : null
2025-04-22 10:30:07,292 [WARN] PackLoader:240 - Cannot read IP mode file for STMicroelectronics.X-CUBE-SFXS2LP1.4.0.0
2025-04-22 10:30:07,320 [WARN] PackLoader:240 - Cannot read IP mode file for STMicroelectronics.X-CUBE-AZRTOS-H7.3.3.0
2025-04-22 10:30:07,342 [WARN] ConditionMgr:438 - getConditionDescription Invalid condition id : UX DEVICE CLASS RTOS Condition cause : null
2025-04-22 10:30:07,342 [WARN] ConditionMgr:438 - getConditionDescription Invalid condition id : UX DEVICE CLASS RTOS Condition cause : null
2025-04-22 10:30:07,343 [WARN] PackLoader:240 - Cannot read IP mode file for STMicroelectronics.X-CUBE-AZRTOS-WB.2.0.0
2025-04-22 10:30:07,343 [WARN] ConditionMgr:1044 - genDependencies : Invalid condition id : UX DEVICE CLASS RTOS Condition cause : null
2025-04-22 10:30:07,343 [WARN] ConditionMgr:1044 - genDependencies : Invalid condition id : UX DEVICE CLASS RTOS Condition cause : null
2025-04-22 10:30:07,343 [WARN] ConditionMgr:1044 - genDependencies : Invalid condition id : UX DEVICE CLASS RTOS Condition cause : null
2025-04-22 10:30:07,343 [WARN] ConditionMgr:1044 - genDependencies : Invalid condition id : UX DEVICE CLASS RTOS Condition cause : null
2025-04-22 10:30:07,343 [WARN] ConditionMgr:1044 - genDependencies : Invalid condition id : UX DEVICE CLASS RTOS Condition cause : null
2025-04-22 10:30:07,357 [WARN] PackLoader:240 - Cannot read IP mode file for STMicroelectronics.X-CUBE-GNSS1.7.0.1
2025-04-22 10:30:07,375 [WARN] PackLoader:240 - Cannot read IP mode file for STMicroelectronics.X-CUBE-TOUCHGFX.4.25.0
2025-04-22 10:30:07,390 [WARN] PackLoader:240 - Cannot read IP mode file for STMicroelectronics.FP-SNS-STBOX1.2.0.0
2025-04-22 10:30:07,408 [WARN] PackLoader:240 - Cannot read IP mode file for STMicroelectronics.X-CUBE-SUBG2.5.0.0
2025-04-22 10:30:07,441 [WARN] PackLoader:240 - Cannot read IP mode file for STMicroelectronics.X-CUBE-AZRTOS-H7RS.1.1.0
2025-04-22 10:30:07,456 [WARN] PackLoader:240 - Cannot read IP mode file for Cesanta.I-CUBE-Mongoose.7.13.0
2025-04-22 10:30:07,477 [WARN] PackLoader:240 - Cannot read IP mode file for STMicroelectronics.X-CUBE-AZRTOS-G4.2.0.0
2025-04-22 10:30:07,507 [WARN] PackLoader:240 - Cannot read IP mode file for STMicroelectronics.X-CUBE-IPS.3.1.0
2025-04-22 10:30:07,530 [WARN] PackLoader:240 - Cannot read IP mode file for STMicroelectronics.X-CUBE-ALS.1.0.2
2025-04-22 10:30:07,573 [WARN] PackLoader:240 - Cannot read IP mode file for STMicroelectronics.X-CUBE-TOUCHGFX.4.24.2
2025-04-22 10:30:07,587 [WARN] PackLoader:240 - Cannot read IP mode file for wolfSSL.I-CUBE-wolfTPM.3.4.0
2025-04-22 10:30:07,600 [WARN] PackLoader:240 - Cannot read IP mode file for portGmbH.I-Cube-SoM-uGOAL.1.1.0
2025-04-22 10:30:07,622 [WARN] PackLoader:240 - Cannot read IP mode file for STMicroelectronics.X-CUBE-AZRTOS-H7RS.1.0.0
2025-04-22 10:30:07,639 [WARN] PackLoader:240 - Cannot read IP mode file for STMicroelectronics.X-CUBE-TOF1.3.4.2
2025-04-22 10:30:07,661 [WARN] PackLoader:240 - Cannot read IP mode file for STMicroelectronics.X-CUBE-TOF1.3.4.3
2025-04-22 10:30:07,676 [WARN] PackLoader:240 - Cannot read IP mode file for wolfSSL.I-CUBE-wolfSSH.1.4.17
2025-04-22 10:30:07,677 [INFO] ThirdParty:978 - Integrity check success = true
2025-04-22 10:30:07,677 [INFO] IntegrityCheckThread:100 - exiting critical section [integrity check]
2025-04-22 10:30:07,677 [INFO] IntegrityCheckThread:103 - End integrity checks thread
2025-04-22 10:30:07,954 [INFO] WebApp:168 - Instantiating new browser for Auth
2025-04-22 10:30:08,508 [INFO] WebApp:449 - Apply proxy settings
2025-04-22 10:30:08,508 [INFO] WebApp:534 - Chromium requires no authentication
2025-04-22 10:30:08,516 [INFO] WebApp:477 - Direct internet connection detected
2025-04-22 10:30:08,533 [INFO] WebApp:880 - Register for checkConnection events
2025-04-22 10:30:08,533 [INFO] WebApp:449 - Apply proxy settings
2025-04-22 10:30:08,533 [INFO] WebApp:534 - Chromium requires no authentication
2025-04-22 10:30:08,533 [INFO] WebApp:477 - Direct internet connection detected
2025-04-22 10:30:08,696 [INFO] WebApp:221 - Starting web application
2025-04-22 10:30:08,696 [INFO] WebApp:579 - Web application path used C:\ST\STM32CubeIDE_1.17.0\STM32CubeIDE\plugins\com.st.stm32cube.common.mx_6.13.0.202411220809\db\plugins\mcufinder\reactClient1\index.html
2025-04-22 10:30:08,789 [INFO] WebApp:187 - Connection restablished
2025-04-22 12:13:46,257 [ERROR] LogOutputStream:75 - [STDERR_REDIRECT] 
