2025-04-26 18:55:53,834 [INFO] Activator:176 - 


2025-04-26 18:55:53,840 [INFO] Activator:177 - !SESSION log4j initialized
2025-04-26 18:55:59,642 [INFO] LogOutputStream:77 - [STDOUT_REDIRECT] 
2025-04-26 18:56:01,021 [INFO] ApplicationProperties:184 - Using Application install path: C:\ST\STM32CubeIDE_1.17.0\STM32CubeIDE\plugins\com.st.stm32cube.common.mx_6.13.0.202411220809
2025-04-26 18:56:01,049 [INFO] DbMcusXml:78 - Set database path to: C:\ST\STM32CubeIDE_1.17.0\STM32CubeIDE\plugins\com.st.stm32cube.common.mx_6.13.0.202411220809\\db\/mcu/
2025-04-26 18:56:01,049 [INFO] ApiDb:274 - Set plugin database path to: C:\ST\STM32CubeIDE_1.17.0\STM32CubeIDE\plugins\com.st.stm32cube.common.mx_6.13.0.202411220809\\db\/plugins/boardmanager/
2025-04-26 18:56:01,049 [WARN] ApiDb:259 - Overriding images path with different value:  => C:\ST\STM32CubeIDE_1.17.0\STM32CubeIDE\plugins\com.st.stm32cube.common.mx_6.13.0.202411220809\\db\/plugins/mcufinder/images/
2025-04-26 18:56:01,058 [INFO] ApiDb:250 - Set database path to: C:\Users\jesti\.stmcufinder\plugins\mcufinder//mcu/
2025-04-26 18:56:01,059 [INFO] DbMcusAds:125 - Set database path to: C:\Users\jesti\.stmcufinder\plugins\mcufinder//mcu/
2025-04-26 18:56:01,061 [INFO] CrossReferenceDbSqlite:203 - Set database path to: C:\Users\jesti\.stmcufinder\plugins\mcufinder//mcu/cs/
2025-04-26 18:56:01,173 [INFO] RulesReader:64 - Compatibility file has been processed (297 Rules)
2025-04-26 18:56:01,261 [INFO] DbMcusXml:78 - Set database path to: C:\ST\STM32CubeIDE_1.17.0\STM32CubeIDE\plugins\com.st.stm32cube.common.mx_6.13.0.202411220809\\db\/mcu/
2025-04-26 18:56:01,262 [INFO] ApiDb:274 - Set plugin database path to: C:\ST\STM32CubeIDE_1.17.0\STM32CubeIDE\plugins\com.st.stm32cube.common.mx_6.13.0.202411220809\\db\/plugins/boardmanager/
2025-04-26 18:56:01,262 [INFO] ApiDb:261 - Set plugin images path to: C:\ST\STM32CubeIDE_1.17.0\STM32CubeIDE\plugins\com.st.stm32cube.common.mx_6.13.0.202411220809\\db\/plugins/mcufinder/images/
2025-04-26 18:56:01,262 [WARN] DbFile:41 - Overriding database path with different value: C:\Users\jesti\.stmcufinder\plugins\mcufinder/ => C:\Users\jesti\.stmcufinder\plugins\mcufinder
2025-04-26 18:56:01,262 [INFO] ApiDb:250 - Set database path to: C:\Users\jesti\.stmcufinder\plugins\mcufinder//mcu/
2025-04-26 18:56:01,262 [WARN] DbFile:41 - Overriding database path with different value: C:\Users\jesti\.stmcufinder\plugins\mcufinder/ => C:\Users\jesti\.stmcufinder\plugins\mcufinder
2025-04-26 18:56:01,262 [INFO] DbMcusAds:125 - Set database path to: C:\Users\jesti\.stmcufinder\plugins\mcufinder//mcu/
2025-04-26 18:56:01,262 [WARN] DbFile:41 - Overriding database path with different value: C:\Users\jesti\.stmcufinder\plugins\mcufinder/ => C:\Users\jesti\.stmcufinder\plugins\mcufinder
2025-04-26 18:56:01,262 [WARN] DbFile:41 - Overriding database path with different value: C:\Users\jesti\.stmcufinder\plugins\mcufinder/ => C:\Users\jesti\.stmcufinder\plugins\mcufinder
2025-04-26 18:56:01,262 [INFO] CrossReferenceDbSqlite:203 - Set database path to: C:\Users\jesti\.stmcufinder\plugins\mcufinder//mcu/cs/
2025-04-26 18:56:01,327 [INFO] MainPanel:272 - HeapMemory: 268435456
2025-04-26 18:56:01,417 [INFO] DbMcusXml:78 - Set database path to: C:\ST\STM32CubeIDE_1.17.0\STM32CubeIDE\plugins\com.st.stm32cube.common.mx_6.13.0.202411220809\\db\/mcu/
2025-04-26 18:56:01,417 [INFO] ApiDb:274 - Set plugin database path to: C:\ST\STM32CubeIDE_1.17.0\STM32CubeIDE\plugins\com.st.stm32cube.common.mx_6.13.0.202411220809\\db\/plugins/boardmanager/
2025-04-26 18:56:01,417 [INFO] ApiDb:261 - Set plugin images path to: C:\ST\STM32CubeIDE_1.17.0\STM32CubeIDE\plugins\com.st.stm32cube.common.mx_6.13.0.202411220809\\db\/plugins/mcufinder/images/
2025-04-26 18:56:01,417 [WARN] DbFile:41 - Overriding database path with different value: C:\Users\jesti\.stmcufinder\plugins\mcufinder/ => C:\Users\jesti\.stmcufinder\plugins\mcufinder
2025-04-26 18:56:01,417 [INFO] ApiDb:250 - Set database path to: C:\Users\jesti\.stmcufinder\plugins\mcufinder//mcu/
2025-04-26 18:56:01,418 [WARN] DbFile:41 - Overriding database path with different value: C:\Users\jesti\.stmcufinder\plugins\mcufinder/ => C:\Users\jesti\.stmcufinder\plugins\mcufinder
2025-04-26 18:56:01,418 [INFO] DbMcusAds:125 - Set database path to: C:\Users\jesti\.stmcufinder\plugins\mcufinder//mcu/
2025-04-26 18:56:01,418 [WARN] DbFile:41 - Overriding database path with different value: C:\Users\jesti\.stmcufinder\plugins\mcufinder/ => C:\Users\jesti\.stmcufinder\plugins\mcufinder
2025-04-26 18:56:01,418 [WARN] DbFile:41 - Overriding database path with different value: C:\Users\jesti\.stmcufinder\plugins\mcufinder/ => C:\Users\jesti\.stmcufinder\plugins\mcufinder
2025-04-26 18:56:01,418 [INFO] CrossReferenceDbSqlite:203 - Set database path to: C:\Users\jesti\.stmcufinder\plugins\mcufinder//mcu/cs/
2025-04-26 18:56:01,434 [INFO] ApplicationProperties:184 - Using Application install path: C:\ST\STM32CubeIDE_1.17.0\STM32CubeIDE\plugins\com.st.stm32cube.common.mx_6.13.0.202411220809
2025-04-26 18:56:01,436 [INFO] PluginManage:196 - Search for loadable plugins [exclusion list=, ]
2025-04-26 18:56:01,437 [INFO] PluginManage:310 - Check plugin analytics
2025-04-26 18:56:01,653 [INFO] AnalyticsPlugin:253 - Accepted Software Licenses: 
2025-04-26 18:56:01,653 [INFO] AnalyticsPlugin:255 - Accepted CMSIS Pack Licenses: 
2025-04-26 18:56:01,653 [INFO] AnalyticsPlugin:257 - Accepted Firmware Licenses: 
2025-04-26 18:56:01,660 [INFO] PluginManage:359 - Loaded plugin analytics (category:tool,tabindex:-1)
2025-04-26 18:56:01,661 [INFO] PluginManage:310 - Check plugin cadmodel
2025-04-26 18:56:01,685 [INFO] CADModel:105 - Init CAD model plugin
2025-04-26 18:56:01,685 [INFO] PluginManage:359 - Loaded plugin cadmodel (category:power,tabindex:5)
2025-04-26 18:56:01,687 [INFO] PluginManage:310 - Check plugin clock
2025-04-26 18:56:01,708 [INFO] PluginManage:359 - Loaded plugin clock (category:base,tabindex:2)
2025-04-26 18:56:01,708 [INFO] PluginManage:310 - Check plugin ddr
2025-04-26 18:56:01,710 [INFO] PluginManage:359 - Loaded plugin ddr (category:tool,tabindex:6)
2025-04-26 18:56:01,710 [INFO] PluginManage:310 - Check plugin filemanager
2025-04-26 18:56:01,841 [INFO] PluginManage:359 - Loaded plugin filemanager (category:base,tabindex:10)
2025-04-26 18:56:01,842 [INFO] PluginManage:310 - Check plugin ipmanager
2025-04-26 18:56:01,848 [INFO] PluginManage:359 - Loaded plugin ipmanager (category:base,tabindex:5)
2025-04-26 18:56:01,848 [INFO] PluginManage:310 - Check plugin lpbam
2025-04-26 18:56:01,866 [INFO] PluginManage:359 - Loaded plugin lpbam (category:base,tabindex:0)
2025-04-26 18:56:01,866 [INFO] PluginManage:310 - Check plugin memorymap
2025-04-26 18:56:01,891 [INFO] PluginManage:359 - Loaded plugin memorymap (category:base,tabindex:4)
2025-04-26 18:56:01,892 [INFO] PluginManage:310 - Check plugin pinoutandconfiguration
2025-04-26 18:56:01,910 [INFO] PluginManage:359 - Loaded plugin pinoutandconfiguration (category:base,tabindex:1)
2025-04-26 18:56:01,910 [INFO] PluginManage:310 - Check plugin pinoutconfig
2025-04-26 18:56:02,007 [WARN] SupportedApi:132 - Cannot load RTOS API schema: s4s-elt-must-match.1: The content of 'definitions' must match (annotation?, (simpleType | complexType)?, (unique | key | keyref)*)). A problem was found starting at: attribute.
2025-04-26 18:56:02,142 [INFO] PluginManage:359 - Loaded plugin pinoutconfig (category:base,tabindex:0)
2025-04-26 18:56:02,142 [INFO] PluginManage:310 - Check plugin power
2025-04-26 18:56:02,162 [INFO] PluginManage:359 - Loaded plugin power (category:power,tabindex:4)
2025-04-26 18:56:02,162 [INFO] PluginManage:310 - Check plugin projectmanager
2025-04-26 18:56:02,174 [INFO] PluginManage:359 - Loaded plugin projectmanager (category:projectmanager,tabindex:4)
2025-04-26 18:56:02,174 [INFO] PluginManage:310 - Check plugin rif
2025-04-26 18:56:02,194 [INFO] PluginManage:359 - Loaded plugin rif (category:base,tabindex:3)
2025-04-26 18:56:02,194 [INFO] PluginManage:310 - Check plugin thirdparty
2025-04-26 18:56:02,496 [WARN] IntegrityCheckThread:84 - waiting for thirdparty lock release [integrity check]
2025-04-26 18:56:02,496 [INFO] PluginManage:359 - Loaded plugin thirdparty (category:base,tabindex:-1)
2025-04-26 18:56:02,496 [INFO] IntegrityCheckThread:86 - entering critical section [integrity check]
2025-04-26 18:56:02,497 [INFO] PluginManage:310 - Check plugin tools
2025-04-26 18:56:02,497 [INFO] ThirdPartyUpdaterWithRetryManager:70 - Updater plugin not ready yet. [1/15]
2025-04-26 18:56:02,536 [INFO] PluginManage:359 - Loaded plugin tools (category:base,tabindex:7)
2025-04-26 18:56:02,536 [INFO] PluginManage:310 - Check plugin tutovideos
2025-04-26 18:56:02,708 [INFO] PluginManage:359 - Loaded plugin tutovideos (category:base,tabindex:-1)
2025-04-26 18:56:02,709 [INFO] PluginManage:310 - Check plugin updater
2025-04-26 18:56:02,725 [INFO] PluginManage:359 - Loaded plugin updater (category:base,tabindex:12)
2025-04-26 18:56:02,725 [INFO] PluginManage:310 - Check plugin userauth
2025-04-26 18:56:02,729 [INFO] UserAuth:118 - Init User Auth plugin
2025-04-26 18:56:02,729 [INFO] PluginManage:359 - Loaded plugin userauth (category:base,tabindex:14)
2025-04-26 18:56:02,730 [INFO] PluginManage:283 - PluginManage : Loaded plugins [18]
2025-04-26 18:56:02,898 [INFO] PinOutPanel:1589 - setPackage(No Configuration,No Configuration)
2025-04-26 18:56:02,976 [INFO] CADModel:165 - CPN selected for project level
2025-04-26 18:56:02,976 [INFO] CADModel:114 - Register for checkConnection events
2025-04-26 18:56:03,007 [INFO] IPUIPlugin:80 - create IPUIPlugin
2025-04-26 18:56:03,007 [INFO] PluginManager:220 - loadIPPluginJar : add adc
2025-04-26 18:56:03,055 [INFO] IPUIPlugin:80 - create IPUIPlugin
2025-04-26 18:56:03,055 [INFO] PluginManager:220 - loadIPPluginJar : add aes
2025-04-26 18:56:03,114 [INFO] IPUIPlugin:80 - create IPUIPlugin
2025-04-26 18:56:03,114 [INFO] PluginManager:220 - loadIPPluginJar : add can
2025-04-26 18:56:03,148 [INFO] IPUIPlugin:80 - create IPUIPlugin
2025-04-26 18:56:03,149 [INFO] PluginManager:220 - loadIPPluginJar : add comp
2025-04-26 18:56:03,210 [INFO] IPUIPlugin:80 - create IPUIPlugin
2025-04-26 18:56:03,210 [INFO] PluginManager:220 - loadIPPluginJar : add cryp
2025-04-26 18:56:03,226 [INFO] IPUIPlugin:80 - create IPUIPlugin
2025-04-26 18:56:03,226 [INFO] PluginManager:220 - loadIPPluginJar : add ddr_ctrl_phy
2025-04-26 18:56:03,260 [INFO] IPUIPlugin:80 - create IPUIPlugin
2025-04-26 18:56:03,260 [INFO] PluginManager:220 - loadIPPluginJar : add dfsdm
2025-04-26 18:56:03,285 [INFO] IPUIPlugin:80 - create IPUIPlugin
2025-04-26 18:56:03,285 [INFO] PluginManager:220 - loadIPPluginJar : add dma
2025-04-26 18:56:03,343 [INFO] IPUIPlugin:80 - create IPUIPlugin
2025-04-26 18:56:03,343 [INFO] PluginManager:220 - loadIPPluginJar : add dma3
2025-04-26 18:56:03,426 [INFO] IPUIPlugin:80 - create IPUIPlugin
2025-04-26 18:56:03,426 [INFO] PluginManager:220 - loadIPPluginJar : add extmemmanager
2025-04-26 18:56:03,452 [INFO] IPUIPlugin:80 - create IPUIPlugin
2025-04-26 18:56:03,452 [INFO] PluginManager:220 - loadIPPluginJar : add fatfs
2025-04-26 18:56:03,523 [INFO] IPUIPlugin:80 - create IPUIPlugin
2025-04-26 18:56:03,523 [INFO] PluginManager:220 - loadIPPluginJar : add fmc
2025-04-26 18:56:03,542 [INFO] IPUIPlugin:80 - create IPUIPlugin
2025-04-26 18:56:03,542 [INFO] PluginManager:220 - loadIPPluginJar : add freertos
2025-04-26 18:56:03,565 [INFO] IPUIPlugin:80 - create IPUIPlugin
2025-04-26 18:56:03,565 [INFO] PluginManager:220 - loadIPPluginJar : add genericplugin
2025-04-26 18:56:03,713 [INFO] IPUIPlugin:80 - create IPUIPlugin
2025-04-26 18:56:03,713 [INFO] PluginManager:220 - loadIPPluginJar : add gfxmmu
2025-04-26 18:56:03,941 [INFO] IPUIPlugin:80 - create IPUIPlugin
2025-04-26 18:56:03,942 [INFO] PluginManager:220 - loadIPPluginJar : add gic
2025-04-26 18:56:03,971 [INFO] IPUIPlugin:80 - create IPUIPlugin
2025-04-26 18:56:03,971 [INFO] PluginManager:220 - loadIPPluginJar : add gpio
2025-04-26 18:56:04,117 [INFO] IPUIPlugin:80 - create IPUIPlugin
2025-04-26 18:56:04,117 [INFO] PluginManager:220 - loadIPPluginJar : add gtzc
2025-04-26 18:56:04,158 [INFO] IPUIPlugin:80 - create IPUIPlugin
2025-04-26 18:56:04,158 [INFO] PluginManager:220 - loadIPPluginJar : add hash
2025-04-26 18:56:04,239 [INFO] IPUIPlugin:80 - create IPUIPlugin
2025-04-26 18:56:04,239 [INFO] PluginManager:220 - loadIPPluginJar : add i2c
2025-04-26 18:56:04,290 [INFO] IPUIPlugin:80 - create IPUIPlugin
2025-04-26 18:56:04,291 [INFO] PluginManager:220 - loadIPPluginJar : add i2s
2025-04-26 18:56:04,377 [INFO] IPUIPlugin:80 - create IPUIPlugin
2025-04-26 18:56:04,377 [INFO] PluginManager:220 - loadIPPluginJar : add i3c
2025-04-26 18:56:04,566 [INFO] IPUIPlugin:80 - create IPUIPlugin
2025-04-26 18:56:04,566 [INFO] PluginManager:220 - loadIPPluginJar : add ipddr
2025-04-26 18:56:04,726 [INFO] IPUIPlugin:80 - create IPUIPlugin
2025-04-26 18:56:04,726 [INFO] PluginManager:220 - loadIPPluginJar : add linkedlist
2025-04-26 18:56:04,778 [INFO] IPUIPlugin:80 - create IPUIPlugin
2025-04-26 18:56:04,778 [INFO] PluginManager:220 - loadIPPluginJar : add lorawan
2025-04-26 18:56:04,833 [INFO] IPUIPlugin:80 - create IPUIPlugin
2025-04-26 18:56:04,833 [INFO] PluginManager:220 - loadIPPluginJar : add ltdc
2025-04-26 18:56:04,850 [INFO] IPUIPlugin:80 - create IPUIPlugin
2025-04-26 18:56:04,850 [INFO] PluginManager:220 - loadIPPluginJar : add mdma
2025-04-26 18:56:04,866 [INFO] IPUIPlugin:80 - create IPUIPlugin
2025-04-26 18:56:04,866 [INFO] PluginManager:220 - loadIPPluginJar : add nvic
2025-04-26 18:56:04,912 [INFO] IPUIPlugin:80 - create IPUIPlugin
2025-04-26 18:56:04,912 [INFO] PluginManager:220 - loadIPPluginJar : add opamp
2025-04-26 18:56:05,026 [INFO] IPUIPlugin:80 - create IPUIPlugin
2025-04-26 18:56:05,026 [INFO] PluginManager:220 - loadIPPluginJar : add openamp
2025-04-26 18:56:05,082 [INFO] IPUIPlugin:80 - create IPUIPlugin
2025-04-26 18:56:05,082 [INFO] PluginManager:220 - loadIPPluginJar : add pdm2pcm
2025-04-26 18:56:05,098 [INFO] IPUIPlugin:80 - create IPUIPlugin
2025-04-26 18:56:05,100 [INFO] PluginManager:220 - loadIPPluginJar : add plateformsettings
2025-04-26 18:56:05,127 [INFO] IPUIPlugin:80 - create IPUIPlugin
2025-04-26 18:56:05,128 [INFO] PluginManager:220 - loadIPPluginJar : add quadspi
2025-04-26 18:56:05,166 [INFO] IPUIPlugin:80 - create IPUIPlugin
2025-04-26 18:56:05,166 [INFO] PluginManager:220 - loadIPPluginJar : add radio
2025-04-26 18:56:05,182 [INFO] IPUIPlugin:80 - create IPUIPlugin
2025-04-26 18:56:05,182 [INFO] PluginManager:220 - loadIPPluginJar : add resmgrutility
2025-04-26 18:56:05,250 [INFO] IPUIPlugin:80 - create IPUIPlugin
2025-04-26 18:56:05,250 [INFO] PluginManager:220 - loadIPPluginJar : add sai
2025-04-26 18:56:05,305 [INFO] IPUIPlugin:80 - create IPUIPlugin
2025-04-26 18:56:05,305 [INFO] PluginManager:220 - loadIPPluginJar : add spi
2025-04-26 18:56:05,441 [INFO] IPUIPlugin:80 - create IPUIPlugin
2025-04-26 18:56:05,441 [INFO] PluginManager:220 - loadIPPluginJar : add stm32_wpan
2025-04-26 18:56:05,474 [INFO] IPUIPlugin:80 - create IPUIPlugin
2025-04-26 18:56:05,474 [INFO] PluginManager:220 - loadIPPluginJar : add tim
2025-04-26 18:56:05,497 [INFO] ThirdPartyUpdaterWithRetryManager:70 - Updater plugin not ready yet. [2/15]
2025-04-26 18:56:05,556 [INFO] IPUIPlugin:80 - create IPUIPlugin
2025-04-26 18:56:05,556 [INFO] PluginManager:220 - loadIPPluginJar : add touchsensing
2025-04-26 18:56:05,592 [INFO] IPUIPlugin:80 - create IPUIPlugin
2025-04-26 18:56:05,593 [INFO] PluginManager:220 - loadIPPluginJar : add tracer_emb
2025-04-26 18:56:05,628 [INFO] IPUIPlugin:80 - create IPUIPlugin
2025-04-26 18:56:05,628 [INFO] PluginManager:220 - loadIPPluginJar : add ts
2025-04-26 18:56:05,655 [INFO] IPUIPlugin:80 - create IPUIPlugin
2025-04-26 18:56:05,657 [INFO] PluginManager:220 - loadIPPluginJar : add tsc
2025-04-26 18:56:05,691 [INFO] IPUIPlugin:80 - create IPUIPlugin
2025-04-26 18:56:05,692 [INFO] PluginManager:220 - loadIPPluginJar : add ucpd
2025-04-26 18:56:05,784 [INFO] IPUIPlugin:80 - create IPUIPlugin
2025-04-26 18:56:05,784 [INFO] PluginManager:220 - loadIPPluginJar : add usart
2025-04-26 18:56:05,856 [INFO] IPUIPlugin:80 - create IPUIPlugin
2025-04-26 18:56:05,856 [INFO] PluginManager:220 - loadIPPluginJar : add usbx
2025-04-26 18:56:05,996 [FATAL] Updater:351 - Updater called before beeing initialized
2025-04-26 18:56:06,037 [INFO] RulesReader:64 - Compatibility file has been processed (297 Rules)
2025-04-26 18:56:06,050 [INFO] RulesReader:64 - Compatibility file has been processed (297 Rules)
2025-04-26 18:56:06,065 [INFO] CADModel:165 - CPN selected for project level
2025-04-26 18:56:06,065 [INFO] CADModel:114 - Register for checkConnection events
2025-04-26 18:56:06,065 [FATAL] Updater:351 - Updater called before beeing initialized
2025-04-26 18:56:06,065 [ERROR] CADModel:125 - Updater not yet initialized, retry later 
2025-04-26 18:56:06,293 [FATAL] Updater:351 - Updater called before beeing initialized
2025-04-26 18:56:06,295 [INFO] CADModel:165 - CPN selected for project level
2025-04-26 18:56:06,295 [INFO] CADModel:114 - Register for checkConnection events
2025-04-26 18:56:06,295 [FATAL] Updater:351 - Updater called before beeing initialized
2025-04-26 18:56:06,296 [ERROR] CADModel:125 - Updater not yet initialized, retry later 
2025-04-26 18:56:06,299 [FATAL] Updater:351 - Updater called before beeing initialized
2025-04-26 18:56:06,397 [FATAL] Updater:351 - Updater called before beeing initialized
2025-04-26 18:56:06,411 [INFO] DbMcusAds:53 - JSON generation date=Thu Mar 06 09:54:22 EST 2025 (1741272862078)
2025-04-26 18:56:06,412 [FATAL] Updater:351 - Updater called before beeing initialized
2025-04-26 18:56:06,454 [WARN] DetailPanel:346 - Failed to get advertising image, set to default
2025-04-26 18:56:06,705 [FATAL] Updater:351 - Updater called before beeing initialized
2025-04-26 18:56:06,707 [FATAL] Updater:351 - Updater called before beeing initialized
2025-04-26 18:56:06,708 [FATAL] Updater:351 - Updater called before beeing initialized
2025-04-26 18:56:06,708 [WARN] DetailPanel:346 - Failed to get advertising image, set to default
2025-04-26 18:56:06,709 [FATAL] Updater:351 - Updater called before beeing initialized
2025-04-26 18:56:06,779 [ERROR] Updater:1198 - MainUpdater not yet initialized. External WinMGr cannot be set.
2025-04-26 18:56:06,789 [INFO] Updater:1134 - Updater Version found : 6.13.0
2025-04-26 18:56:06,809 [INFO] ApplicationProperties:184 - Using Application install path: C:\ST\STM32CubeIDE_1.17.0\STM32CubeIDE\plugins\com.st.stm32cube.common.mx_6.13.0.202411220809
2025-04-26 18:56:08,392 [ERROR] LogOutputStream:75 - [STDERR_REDIRECT] Apr 26, 2025 6:56:08 PM java.util.prefs.WindowsPreferences <init>
2025-04-26 18:56:08,394 [ERROR] LogOutputStream:75 - [STDERR_REDIRECT] WARNING: Could not open/create prefs root node Software\JavaSoft\Prefs at root 0xffffffff80000002. Windows RegCreateKeyEx(...) returned error code 5.
2025-04-26 18:56:08,394 [ERROR] LogOutputStream:75 - [STDERR_REDIRECT] 
2025-04-26 18:56:08,499 [INFO] ThirdPartyUpdaterWithRetryManager:70 - Updater plugin not ready yet. [3/15]
2025-04-26 18:56:09,029 [INFO] MainUpdater:2872 - connection check result : 10
2025-04-26 18:56:09,030 [INFO] MainUpdater:289 - Updater Check For Update Now.
2025-04-26 18:56:09,030 [INFO] MicroXplorer:498 - Change Database Version : DB.6.0.130
2025-04-26 18:56:09,064 [INFO] McuFinderGlobals:63 - Set McuFinder mode to 2 (CubeIDE integrated)
2025-04-26 18:56:09,064 [INFO] UserAuth:171 - activating auth plugin
2025-04-26 18:56:09,069 [INFO] UserAuth:486 - Internet connection configuration mode: 1
2025-04-26 18:56:09,144 [INFO] JxBrowserEngine:152 - Initiate JxBrowser Engine with user profile folder
2025-04-26 18:56:09,279 [INFO] CheckServerUpdateThread:120 - End of CheckServer Thread
2025-04-26 18:56:10,232 [INFO] WebApp:168 - Instantiating new browser for Auth
2025-04-26 18:56:10,952 [INFO] WebApp:449 - Apply proxy settings
2025-04-26 18:56:10,953 [INFO] WebApp:534 - Chromium requires no authentication
2025-04-26 18:56:10,964 [INFO] WebApp:477 - Direct internet connection detected
2025-04-26 18:56:10,993 [INFO] WebApp:880 - Register for checkConnection events
2025-04-26 18:56:10,993 [INFO] WebApp:449 - Apply proxy settings
2025-04-26 18:56:10,994 [INFO] WebApp:534 - Chromium requires no authentication
2025-04-26 18:56:10,994 [INFO] WebApp:477 - Direct internet connection detected
2025-04-26 18:56:11,173 [INFO] WebApp:221 - Starting web application
2025-04-26 18:56:11,173 [INFO] WebApp:579 - Web application path used C:\ST\STM32CubeIDE_1.17.0\STM32CubeIDE\plugins\com.st.stm32cube.common.mx_6.13.0.202411220809\db\plugins\mcufinder\reactClient1\index.html
2025-04-26 18:56:11,341 [INFO] WebApp:187 - Connection restablished
2025-04-26 18:56:11,742 [WARN] PackLoader:240 - Cannot read IP mode file for STMicroelectronics.FP-SNS-MOTENVWB1.1.4.0
2025-04-26 18:56:11,764 [WARN] PackLoader:240 - Cannot read IP mode file for STMicroelectronics.FP-ATR-ASTRA1.2.0.2
2025-04-26 18:56:11,783 [WARN] PackLoader:240 - Cannot read IP mode file for STMicroelectronics.FP-ATR-ASTRA1.2.0.1
2025-04-26 18:56:11,807 [WARN] PackLoader:240 - Cannot read IP mode file for STMicroelectronics.X-CUBE-SMBUS.2.1.0
2025-04-26 18:56:11,826 [WARN] PackLoader:240 - Cannot read IP mode file for STMicroelectronics.X-CUBE-WB05N.1.1.0
2025-04-26 18:56:11,877 [WARN] PackLoader:240 - Cannot read IP mode file for STMicroelectronics.X-CUBE-AZRTOS-F7.1.1.0
2025-04-26 18:56:11,899 [WARN] PackLoader:240 - Cannot read IP mode file for STMicroelectronics.FP-SNS-FLIGHT1.5.0.2
2025-04-26 18:56:11,934 [WARN] PackLoader:240 - Cannot read IP mode file for Infineon.AIROC-Wi-Fi-Bluetooth-STM32.1.7.0
2025-04-26 18:56:11,957 [WARN] PackLoader:240 - Cannot read IP mode file for STMicroelectronics.X-CUBE-DISPLAY.3.0.0
2025-04-26 18:56:11,981 [WARN] PackLoader:240 - Cannot read IP mode file for STMicroelectronics.X-CUBE-BLE1.7.0.0
2025-04-26 18:56:12,003 [WARN] PackLoader:240 - Cannot read IP mode file for STMicroelectronics.X-CUBE-NFC10.1.0.0
2025-04-26 18:56:12,028 [WARN] PackLoader:240 - Cannot read IP mode file for STMicroelectronics.X-CUBE-BLEMGR.4.0.0
2025-04-26 18:56:12,047 [WARN] PackLoader:240 - Cannot read IP mode file for emotas.I-CUBE-CANOPEN.1.3.0
2025-04-26 18:56:12,064 [WARN] PackLoader:240 - Cannot read IP mode file for STMicroelectronics.X-CUBE-AI.10.0.0
2025-04-26 18:56:12,080 [WARN] PackLoader:240 - Cannot read IP mode file for STMicroelectronics.FP-SNS-SMARTAG2.1.2.0
2025-04-26 18:56:12,099 [WARN] PackLoader:240 - Cannot read IP mode file for STMicroelectronics.FP-SNS-FLIGHT1.5.1.0
2025-04-26 18:56:12,166 [WARN] PackLoader:240 - Cannot read IP mode file for STMicroelectronics.X-CUBE-MEMS1.11.1.0
2025-04-26 18:56:12,357 [INFO] LogOutputStream:77 - [STDOUT_REDIRECT] 1 : Invalid condition id : UX_CORESTACK_Condition cause : null
2025-04-26 18:56:12,359 [INFO] LogOutputStream:77 - [STDOUT_REDIRECT] 1 : Invalid condition id : UX_CORESTACK_Condition cause : null
2025-04-26 18:56:12,360 [INFO] LogOutputStream:77 - [STDOUT_REDIRECT] 1 : Invalid condition id : UX_CORESTACK_Condition cause : null
2025-04-26 18:56:12,361 [INFO] LogOutputStream:77 - [STDOUT_REDIRECT] 1 : Invalid condition id : UX_CORESTACK_Condition cause : null
2025-04-26 18:56:12,362 [INFO] LogOutputStream:77 - [STDOUT_REDIRECT] 1 : Invalid condition id : UX_CORESTACK_Condition cause : null
2025-04-26 18:56:12,365 [WARN] PackLoader:240 - Cannot read IP mode file for STMicroelectronics.X-CUBE-AZRTOS-WL.2.0.0
2025-04-26 18:56:12,382 [WARN] PackLoader:240 - Cannot read IP mode file for STMicroelectronics.FP-SNS-MOTENV1.5.0.0
2025-04-26 18:56:12,400 [WARN] PackLoader:240 - Cannot read IP mode file for wolfSSL.I-CUBE-wolfMQTT.1.19.0
2025-04-26 18:56:12,418 [WARN] PackLoader:240 - Cannot read IP mode file for WES.I-CUBE-Cesium.1.3.0
2025-04-26 18:56:12,438 [WARN] PackLoader:240 - Cannot read IP mode file for STMicroelectronics.X-CUBE-BLE2.3.3.0
2025-04-26 18:56:12,462 [WARN] PackLoader:240 - Cannot read IP mode file for STMicroelectronics.X-CUBE-NFC9.1.0.0
2025-04-26 18:56:12,483 [WARN] PackLoader:240 - Cannot read IP mode file for STMicroelectronics.X-CUBE-BLE1.7.1.0
2025-04-26 18:56:12,547 [WARN] PackLoader:240 - Cannot read IP mode file for STMicroelectronics.X-CUBE-MEMS1.11.2.0
2025-04-26 18:56:12,664 [WARN] PackLoader:240 - Cannot read IP mode file for STMicroelectronics.X-CUBE-AZRTOS-G0.1.1.0
2025-04-26 18:56:12,681 [WARN] PackLoader:240 - Cannot read IP mode file for STMicroelectronics.X-CUBE-SAFEA1.1.2.2
2025-04-26 18:56:12,698 [WARN] PackLoader:240 - Cannot read IP mode file for STMicroelectronics.X-CUBE-NFC4.3.0.0
2025-04-26 18:56:12,717 [WARN] PackLoader:240 - Cannot read IP mode file for EmbeddedOffice.I-CUBE-FS-RTOS.1.0.1
2025-04-26 18:56:12,732 [WARN] PackLoader:240 - Cannot read IP mode file for STMicroelectronics.X-CUBE-WB05N.2.0.0
2025-04-26 18:56:12,747 [WARN] PackLoader:240 - Cannot read IP mode file for STMicroelectronics.X-CUBE-TCPP.4.2.0
2025-04-26 18:56:12,763 [WARN] PackLoader:240 - Cannot read IP mode file for RealThread.X-CUBE-RT-Thread_Nano.4.1.1
2025-04-26 18:56:12,775 [WARN] PackLoader:240 - Cannot read IP mode file for STMicroelectronics.FP-ATR-SIGFOX1.3.2.0
2025-04-26 18:56:12,787 [WARN] ConditionMgr:438 - getConditionDescription Invalid condition id : Cortex-A Device cause : null
2025-04-26 18:56:12,819 [WARN] ConditionMgr:1044 - genDependencies : Invalid condition id : Cortex-A Device cause : null
2025-04-26 18:56:12,819 [WARN] ConditionMgr:1044 - genDependencies : Invalid condition id : Cortex-A Device cause : null
2025-04-26 18:56:12,819 [WARN] ConditionMgr:1044 - genDependencies : Invalid condition id : Cortex-A Device cause : null
2025-04-26 18:56:12,834 [WARN] PackLoader:240 - Cannot read IP mode file for STMicroelectronics.X-CUBE-EEPRMA1.5.1.0
2025-04-26 18:56:12,847 [WARN] PackLoader:240 - Cannot read IP mode file for wolfSSL.I-CUBE-wolfSSL.5.7.6
2025-04-26 18:56:12,864 [WARN] PackLoader:240 - Cannot read IP mode file for ITTIA_DB.I-CUBE-ITTIADB.8.9.0
2025-04-26 18:56:12,899 [WARN] PackLoader:240 - Cannot read IP mode file for SEGGER.I-CUBE-embOS.1.3.1
2025-04-26 18:56:12,945 [WARN] PackLoader:240 - Cannot read IP mode file for STMicroelectronics.X-CUBE-ALGOBUILD.1.4.0
2025-04-26 18:56:12,978 [WARN] PackLoader:240 - Cannot read IP mode file for STMicroelectronics.X-CUBE-AZRTOS-F4.1.1.0
2025-04-26 18:56:12,998 [WARN] PackLoader:240 - Cannot read IP mode file for Avnet-IotConnect.X-CUBE-IoTC-DA16k-PMOD.1.0.0
2025-04-26 18:56:13,013 [WARN] PackLoader:240 - Cannot read IP mode file for STMicroelectronics.X-CUBE-ISPU.2.1.0
2025-04-26 18:56:13,041 [WARN] PackLoader:240 - Cannot read IP mode file for STMicroelectronics.X-CUBE-AZRTOS-L5.2.0.0
2025-04-26 18:56:13,060 [WARN] PackLoader:240 - Cannot read IP mode file for STMicroelectronics.X-CUBE-NFC6.3.1.0
2025-04-26 18:56:13,077 [WARN] PackLoader:240 - Cannot read IP mode file for STMicroelectronics.X-CUBE-DPower.1.2.0
2025-04-26 18:56:13,091 [WARN] PackLoader:240 - Cannot read IP mode file for STMicroelectronics.X-CUBE-FREERTOS.1.3.0
2025-04-26 18:56:13,105 [WARN] PackLoader:240 - Cannot read IP mode file for STMicroelectronics.X-CUBE-NFC7.1.0.1
2025-04-26 18:56:13,119 [WARN] PackLoader:240 - Cannot read IP mode file for STMicroelectronics.X-CUBE-DPower.1.3.0
2025-04-26 18:56:13,147 [WARN] ConditionMgr:438 - getConditionDescription Invalid condition id : LAN8742 Phy interface Condition cause : null
2025-04-26 18:56:13,147 [WARN] PackLoader:240 - Cannot read IP mode file for STMicroelectronics.X-CUBE-AZRTOS-L4.2.0.0
2025-04-26 18:56:13,148 [WARN] ConditionMgr:1044 - genDependencies : Invalid condition id : LAN8742 Phy interface Condition cause : null
2025-04-26 18:56:13,149 [WARN] ConditionMgr:1044 - genDependencies : Invalid condition id : LAN8742 Phy interface Condition cause : null
2025-04-26 18:56:13,149 [WARN] ConditionMgr:1044 - genDependencies : Invalid condition id : LAN8742 Phy interface Condition cause : null
2025-04-26 18:56:13,166 [WARN] PackLoader:240 - Cannot read IP mode file for STMicroelectronics.X-CUBE-SFXS2LP1.4.0.0
2025-04-26 18:56:13,196 [WARN] PackLoader:240 - Cannot read IP mode file for STMicroelectronics.X-CUBE-AZRTOS-H7.3.3.0
2025-04-26 18:56:13,223 [WARN] ConditionMgr:438 - getConditionDescription Invalid condition id : UX DEVICE CLASS RTOS Condition cause : null
2025-04-26 18:56:13,224 [WARN] ConditionMgr:438 - getConditionDescription Invalid condition id : UX DEVICE CLASS RTOS Condition cause : null
2025-04-26 18:56:13,226 [WARN] PackLoader:240 - Cannot read IP mode file for STMicroelectronics.X-CUBE-AZRTOS-WB.2.0.0
2025-04-26 18:56:13,227 [WARN] ConditionMgr:1044 - genDependencies : Invalid condition id : UX DEVICE CLASS RTOS Condition cause : null
2025-04-26 18:56:13,227 [WARN] ConditionMgr:1044 - genDependencies : Invalid condition id : UX DEVICE CLASS RTOS Condition cause : null
2025-04-26 18:56:13,227 [WARN] ConditionMgr:1044 - genDependencies : Invalid condition id : UX DEVICE CLASS RTOS Condition cause : null
2025-04-26 18:56:13,227 [WARN] ConditionMgr:1044 - genDependencies : Invalid condition id : UX DEVICE CLASS RTOS Condition cause : null
2025-04-26 18:56:13,227 [WARN] ConditionMgr:1044 - genDependencies : Invalid condition id : UX DEVICE CLASS RTOS Condition cause : null
2025-04-26 18:56:13,243 [WARN] PackLoader:240 - Cannot read IP mode file for STMicroelectronics.X-CUBE-GNSS1.7.0.1
2025-04-26 18:56:13,262 [WARN] PackLoader:240 - Cannot read IP mode file for STMicroelectronics.X-CUBE-TOUCHGFX.4.25.0
2025-04-26 18:56:13,278 [WARN] PackLoader:240 - Cannot read IP mode file for STMicroelectronics.FP-SNS-STBOX1.2.0.0
2025-04-26 18:56:13,298 [WARN] PackLoader:240 - Cannot read IP mode file for STMicroelectronics.X-CUBE-SUBG2.5.0.0
2025-04-26 18:56:13,334 [WARN] PackLoader:240 - Cannot read IP mode file for STMicroelectronics.X-CUBE-AZRTOS-H7RS.1.1.0
2025-04-26 18:56:13,351 [WARN] PackLoader:240 - Cannot read IP mode file for Cesanta.I-CUBE-Mongoose.7.13.0
2025-04-26 18:56:13,379 [WARN] PackLoader:240 - Cannot read IP mode file for STMicroelectronics.X-CUBE-AZRTOS-G4.2.0.0
2025-04-26 18:56:13,421 [WARN] PackLoader:240 - Cannot read IP mode file for STMicroelectronics.X-CUBE-IPS.3.1.0
2025-04-26 18:56:13,438 [WARN] PackLoader:240 - Cannot read IP mode file for STMicroelectronics.X-CUBE-ALS.1.0.2
2025-04-26 18:56:13,450 [WARN] PackLoader:240 - Cannot read IP mode file for STMicroelectronics.X-CUBE-TOUCHGFX.4.24.2
2025-04-26 18:56:13,465 [WARN] PackLoader:240 - Cannot read IP mode file for wolfSSL.I-CUBE-wolfTPM.3.4.0
2025-04-26 18:56:13,482 [WARN] PackLoader:240 - Cannot read IP mode file for portGmbH.I-Cube-SoM-uGOAL.1.1.0
2025-04-26 18:56:13,512 [WARN] PackLoader:240 - Cannot read IP mode file for STMicroelectronics.X-CUBE-AZRTOS-H7RS.1.0.0
2025-04-26 18:56:13,532 [WARN] PackLoader:240 - Cannot read IP mode file for STMicroelectronics.X-CUBE-TOF1.3.4.2
2025-04-26 18:56:13,558 [WARN] PackLoader:240 - Cannot read IP mode file for STMicroelectronics.X-CUBE-TOF1.3.4.3
2025-04-26 18:56:13,578 [WARN] PackLoader:240 - Cannot read IP mode file for wolfSSL.I-CUBE-wolfSSH.1.4.17
2025-04-26 18:56:13,579 [INFO] ThirdParty:978 - Integrity check success = true
2025-04-26 18:56:13,579 [INFO] IntegrityCheckThread:100 - exiting critical section [integrity check]
2025-04-26 18:56:13,579 [INFO] IntegrityCheckThread:103 - End integrity checks thread
2025-04-26 22:19:23,739 [INFO] WebApp:190 - Connection lost
2025-04-26 22:19:24,940 [INFO] WebApp:187 - Connection restablished
2025-04-26 22:19:25,112 [INFO] WebApp:190 - Connection lost
2025-04-26 22:19:25,935 [INFO] WebApp:187 - Connection restablished
2025-04-26 22:19:31,297 [INFO] WebApp:190 - Connection lost
2025-04-26 22:19:31,468 [INFO] WebApp:187 - Connection restablished
2025-04-26 22:35:32,274 [INFO] WebApp:190 - Connection lost
2025-04-26 22:35:32,479 [INFO] WebApp:187 - Connection restablished
2025-04-26 23:13:26,909 [ERROR] LogOutputStream:75 - [STDERR_REDIRECT] 
2025-04-26 23:13:26,912 [ERROR] LogOutputStream:75 - [STDERR_REDIRECT] 
