2025-04-21 21:39:04,829 [INFO] Activator:176 - 


2025-04-21 21:39:04,833 [INFO] Activator:177 - !SESSION log4j initialized
2025-04-21 21:39:10,666 [INFO] LogOutputStream:77 - [STDOUT_REDIRECT] 
2025-04-21 21:39:16,588 [INFO] ApplicationProperties:184 - Using Application install path: C:\ST\STM32CubeIDE_1.17.0\STM32CubeIDE\plugins\com.st.stm32cube.common.mx_6.13.0.202411220809
2025-04-21 21:39:16,605 [INFO] DbMcusXml:78 - Set database path to: C:\ST\STM32CubeIDE_1.17.0\STM32CubeIDE\plugins\com.st.stm32cube.common.mx_6.13.0.202411220809\\db\/mcu/
2025-04-21 21:39:16,605 [INFO] ApiDb:274 - Set plugin database path to: C:\ST\STM32CubeIDE_1.17.0\STM32CubeIDE\plugins\com.st.stm32cube.common.mx_6.13.0.202411220809\\db\/plugins/boardmanager/
2025-04-21 21:39:16,653 [WARN] ApiDb:259 - Overriding images path with different value:  => C:\ST\STM32CubeIDE_1.17.0\STM32CubeIDE\plugins\com.st.stm32cube.common.mx_6.13.0.202411220809\\db\/plugins/mcufinder/images/
2025-04-21 21:39:16,657 [INFO] ApiDb:250 - Set database path to: C:\Users\jesti\.stmcufinder\plugins\mcufinder//mcu/
2025-04-21 21:39:16,659 [INFO] DbMcusAds:125 - Set database path to: C:\Users\jesti\.stmcufinder\plugins\mcufinder//mcu/
2025-04-21 21:39:16,661 [INFO] CrossReferenceDbSqlite:203 - Set database path to: C:\Users\jesti\.stmcufinder\plugins\mcufinder//mcu/cs/
2025-04-21 21:39:16,764 [INFO] RulesReader:64 - Compatibility file has been processed (297 Rules)
2025-04-21 21:39:16,848 [INFO] DbMcusXml:78 - Set database path to: C:\ST\STM32CubeIDE_1.17.0\STM32CubeIDE\plugins\com.st.stm32cube.common.mx_6.13.0.202411220809\\db\/mcu/
2025-04-21 21:39:16,848 [INFO] ApiDb:274 - Set plugin database path to: C:\ST\STM32CubeIDE_1.17.0\STM32CubeIDE\plugins\com.st.stm32cube.common.mx_6.13.0.202411220809\\db\/plugins/boardmanager/
2025-04-21 21:39:16,848 [INFO] ApiDb:261 - Set plugin images path to: C:\ST\STM32CubeIDE_1.17.0\STM32CubeIDE\plugins\com.st.stm32cube.common.mx_6.13.0.202411220809\\db\/plugins/mcufinder/images/
2025-04-21 21:39:16,848 [WARN] DbFile:41 - Overriding database path with different value: C:\Users\jesti\.stmcufinder\plugins\mcufinder/ => C:\Users\jesti\.stmcufinder\plugins\mcufinder
2025-04-21 21:39:16,848 [INFO] ApiDb:250 - Set database path to: C:\Users\jesti\.stmcufinder\plugins\mcufinder//mcu/
2025-04-21 21:39:16,848 [WARN] DbFile:41 - Overriding database path with different value: C:\Users\jesti\.stmcufinder\plugins\mcufinder/ => C:\Users\jesti\.stmcufinder\plugins\mcufinder
2025-04-21 21:39:16,848 [INFO] DbMcusAds:125 - Set database path to: C:\Users\jesti\.stmcufinder\plugins\mcufinder//mcu/
2025-04-21 21:39:16,848 [WARN] DbFile:41 - Overriding database path with different value: C:\Users\jesti\.stmcufinder\plugins\mcufinder/ => C:\Users\jesti\.stmcufinder\plugins\mcufinder
2025-04-21 21:39:16,848 [WARN] DbFile:41 - Overriding database path with different value: C:\Users\jesti\.stmcufinder\plugins\mcufinder/ => C:\Users\jesti\.stmcufinder\plugins\mcufinder
2025-04-21 21:39:16,848 [INFO] CrossReferenceDbSqlite:203 - Set database path to: C:\Users\jesti\.stmcufinder\plugins\mcufinder//mcu/cs/
2025-04-21 21:39:16,901 [INFO] MainPanel:272 - HeapMemory: 268435456
2025-04-21 21:39:16,987 [INFO] DbMcusXml:78 - Set database path to: C:\ST\STM32CubeIDE_1.17.0\STM32CubeIDE\plugins\com.st.stm32cube.common.mx_6.13.0.202411220809\\db\/mcu/
2025-04-21 21:39:16,987 [INFO] ApiDb:274 - Set plugin database path to: C:\ST\STM32CubeIDE_1.17.0\STM32CubeIDE\plugins\com.st.stm32cube.common.mx_6.13.0.202411220809\\db\/plugins/boardmanager/
2025-04-21 21:39:16,987 [INFO] ApiDb:261 - Set plugin images path to: C:\ST\STM32CubeIDE_1.17.0\STM32CubeIDE\plugins\com.st.stm32cube.common.mx_6.13.0.202411220809\\db\/plugins/mcufinder/images/
2025-04-21 21:39:16,987 [WARN] DbFile:41 - Overriding database path with different value: C:\Users\jesti\.stmcufinder\plugins\mcufinder/ => C:\Users\jesti\.stmcufinder\plugins\mcufinder
2025-04-21 21:39:16,987 [INFO] ApiDb:250 - Set database path to: C:\Users\jesti\.stmcufinder\plugins\mcufinder//mcu/
2025-04-21 21:39:16,988 [WARN] DbFile:41 - Overriding database path with different value: C:\Users\jesti\.stmcufinder\plugins\mcufinder/ => C:\Users\jesti\.stmcufinder\plugins\mcufinder
2025-04-21 21:39:16,988 [INFO] DbMcusAds:125 - Set database path to: C:\Users\jesti\.stmcufinder\plugins\mcufinder//mcu/
2025-04-21 21:39:16,988 [WARN] DbFile:41 - Overriding database path with different value: C:\Users\jesti\.stmcufinder\plugins\mcufinder/ => C:\Users\jesti\.stmcufinder\plugins\mcufinder
2025-04-21 21:39:16,988 [WARN] DbFile:41 - Overriding database path with different value: C:\Users\jesti\.stmcufinder\plugins\mcufinder/ => C:\Users\jesti\.stmcufinder\plugins\mcufinder
2025-04-21 21:39:16,988 [INFO] CrossReferenceDbSqlite:203 - Set database path to: C:\Users\jesti\.stmcufinder\plugins\mcufinder//mcu/cs/
2025-04-21 21:39:17,002 [INFO] ApplicationProperties:184 - Using Application install path: C:\ST\STM32CubeIDE_1.17.0\STM32CubeIDE\plugins\com.st.stm32cube.common.mx_6.13.0.202411220809
2025-04-21 21:39:17,003 [INFO] PluginManage:196 - Search for loadable plugins [exclusion list=, ]
2025-04-21 21:39:17,004 [INFO] PluginManage:310 - Check plugin analytics
2025-04-21 21:39:22,168 [INFO] AnalyticsPlugin:253 - Accepted Software Licenses: 
2025-04-21 21:39:22,168 [INFO] AnalyticsPlugin:255 - Accepted CMSIS Pack Licenses: 
2025-04-21 21:39:22,168 [INFO] AnalyticsPlugin:257 - Accepted Firmware Licenses: 
2025-04-21 21:39:22,173 [INFO] PluginManage:359 - Loaded plugin analytics (category:tool,tabindex:-1)
2025-04-21 21:39:22,174 [INFO] PluginManage:310 - Check plugin cadmodel
2025-04-21 21:39:22,194 [INFO] CADModel:105 - Init CAD model plugin
2025-04-21 21:39:22,195 [INFO] PluginManage:359 - Loaded plugin cadmodel (category:power,tabindex:5)
2025-04-21 21:39:22,195 [INFO] PluginManage:310 - Check plugin clock
2025-04-21 21:39:22,215 [INFO] PluginManage:359 - Loaded plugin clock (category:base,tabindex:2)
2025-04-21 21:39:22,215 [INFO] PluginManage:310 - Check plugin ddr
2025-04-21 21:39:22,216 [INFO] PluginManage:359 - Loaded plugin ddr (category:tool,tabindex:6)
2025-04-21 21:39:22,217 [INFO] PluginManage:310 - Check plugin filemanager
2025-04-21 21:39:22,342 [INFO] PluginManage:359 - Loaded plugin filemanager (category:base,tabindex:10)
2025-04-21 21:39:22,342 [INFO] PluginManage:310 - Check plugin ipmanager
2025-04-21 21:39:22,348 [INFO] PluginManage:359 - Loaded plugin ipmanager (category:base,tabindex:5)
2025-04-21 21:39:22,348 [INFO] PluginManage:310 - Check plugin lpbam
2025-04-21 21:39:22,377 [INFO] PluginManage:359 - Loaded plugin lpbam (category:base,tabindex:0)
2025-04-21 21:39:22,377 [INFO] PluginManage:310 - Check plugin memorymap
2025-04-21 21:39:22,406 [INFO] PluginManage:359 - Loaded plugin memorymap (category:base,tabindex:4)
2025-04-21 21:39:22,406 [INFO] PluginManage:310 - Check plugin pinoutandconfiguration
2025-04-21 21:39:22,427 [INFO] PluginManage:359 - Loaded plugin pinoutandconfiguration (category:base,tabindex:1)
2025-04-21 21:39:22,427 [INFO] PluginManage:310 - Check plugin pinoutconfig
2025-04-21 21:39:22,525 [WARN] SupportedApi:132 - Cannot load RTOS API schema: s4s-elt-must-match.1: The content of 'definitions' must match (annotation?, (simpleType | complexType)?, (unique | key | keyref)*)). A problem was found starting at: attribute.
2025-04-21 21:39:22,673 [INFO] PluginManage:359 - Loaded plugin pinoutconfig (category:base,tabindex:0)
2025-04-21 21:39:22,673 [INFO] PluginManage:310 - Check plugin power
2025-04-21 21:39:22,707 [INFO] PluginManage:359 - Loaded plugin power (category:power,tabindex:4)
2025-04-21 21:39:22,707 [INFO] PluginManage:310 - Check plugin projectmanager
2025-04-21 21:39:22,726 [INFO] PluginManage:359 - Loaded plugin projectmanager (category:projectmanager,tabindex:4)
2025-04-21 21:39:22,726 [INFO] PluginManage:310 - Check plugin rif
2025-04-21 21:39:22,743 [INFO] PluginManage:359 - Loaded plugin rif (category:base,tabindex:3)
2025-04-21 21:39:22,743 [INFO] PluginManage:310 - Check plugin thirdparty
2025-04-21 21:39:23,053 [INFO] PluginManage:359 - Loaded plugin thirdparty (category:base,tabindex:-1)
2025-04-21 21:39:23,053 [WARN] IntegrityCheckThread:84 - waiting for thirdparty lock release [integrity check]
2025-04-21 21:39:23,053 [INFO] PluginManage:310 - Check plugin tools
2025-04-21 21:39:23,053 [INFO] IntegrityCheckThread:86 - entering critical section [integrity check]
2025-04-21 21:39:23,053 [INFO] ThirdPartyUpdaterWithRetryManager:70 - Updater plugin not ready yet. [1/15]
2025-04-21 21:39:23,085 [INFO] PluginManage:359 - Loaded plugin tools (category:base,tabindex:7)
2025-04-21 21:39:23,085 [INFO] PluginManage:310 - Check plugin tutovideos
2025-04-21 21:39:23,290 [INFO] PluginManage:359 - Loaded plugin tutovideos (category:base,tabindex:-1)
2025-04-21 21:39:23,290 [INFO] PluginManage:310 - Check plugin updater
2025-04-21 21:39:23,314 [INFO] PluginManage:359 - Loaded plugin updater (category:base,tabindex:12)
2025-04-21 21:39:23,314 [INFO] PluginManage:310 - Check plugin userauth
2025-04-21 21:39:23,317 [INFO] UserAuth:118 - Init User Auth plugin
2025-04-21 21:39:23,318 [INFO] PluginManage:359 - Loaded plugin userauth (category:base,tabindex:14)
2025-04-21 21:39:23,318 [INFO] PluginManage:283 - PluginManage : Loaded plugins [18]
2025-04-21 21:39:23,468 [INFO] PinOutPanel:1589 - setPackage(No Configuration,No Configuration)
2025-04-21 21:39:23,575 [INFO] CADModel:165 - CPN selected for project level
2025-04-21 21:39:23,575 [INFO] CADModel:114 - Register for checkConnection events
2025-04-21 21:39:23,625 [INFO] IPUIPlugin:80 - create IPUIPlugin
2025-04-21 21:39:23,626 [INFO] PluginManager:220 - loadIPPluginJar : add adc
2025-04-21 21:39:23,667 [INFO] IPUIPlugin:80 - create IPUIPlugin
2025-04-21 21:39:23,667 [INFO] PluginManager:220 - loadIPPluginJar : add aes
2025-04-21 21:39:23,704 [INFO] IPUIPlugin:80 - create IPUIPlugin
2025-04-21 21:39:23,704 [INFO] PluginManager:220 - loadIPPluginJar : add can
2025-04-21 21:39:23,728 [INFO] IPUIPlugin:80 - create IPUIPlugin
2025-04-21 21:39:23,728 [INFO] PluginManager:220 - loadIPPluginJar : add comp
2025-04-21 21:39:23,758 [INFO] IPUIPlugin:80 - create IPUIPlugin
2025-04-21 21:39:23,758 [INFO] PluginManager:220 - loadIPPluginJar : add cryp
2025-04-21 21:39:23,769 [INFO] IPUIPlugin:80 - create IPUIPlugin
2025-04-21 21:39:23,769 [INFO] PluginManager:220 - loadIPPluginJar : add ddr_ctrl_phy
2025-04-21 21:39:23,794 [INFO] IPUIPlugin:80 - create IPUIPlugin
2025-04-21 21:39:23,794 [INFO] PluginManager:220 - loadIPPluginJar : add dfsdm
2025-04-21 21:39:23,812 [INFO] IPUIPlugin:80 - create IPUIPlugin
2025-04-21 21:39:23,813 [INFO] PluginManager:220 - loadIPPluginJar : add dma
2025-04-21 21:39:23,873 [INFO] IPUIPlugin:80 - create IPUIPlugin
2025-04-21 21:39:23,873 [INFO] PluginManager:220 - loadIPPluginJar : add dma3
2025-04-21 21:39:23,939 [INFO] IPUIPlugin:80 - create IPUIPlugin
2025-04-21 21:39:23,940 [INFO] PluginManager:220 - loadIPPluginJar : add extmemmanager
2025-04-21 21:39:23,969 [INFO] IPUIPlugin:80 - create IPUIPlugin
2025-04-21 21:39:23,969 [INFO] PluginManager:220 - loadIPPluginJar : add fatfs
2025-04-21 21:39:24,009 [INFO] IPUIPlugin:80 - create IPUIPlugin
2025-04-21 21:39:24,009 [INFO] PluginManager:220 - loadIPPluginJar : add fmc
2025-04-21 21:39:24,024 [INFO] IPUIPlugin:80 - create IPUIPlugin
2025-04-21 21:39:24,025 [INFO] PluginManager:220 - loadIPPluginJar : add freertos
2025-04-21 21:39:24,044 [INFO] IPUIPlugin:80 - create IPUIPlugin
2025-04-21 21:39:24,044 [INFO] PluginManager:220 - loadIPPluginJar : add genericplugin
2025-04-21 21:39:24,118 [INFO] IPUIPlugin:80 - create IPUIPlugin
2025-04-21 21:39:24,118 [INFO] PluginManager:220 - loadIPPluginJar : add gfxmmu
2025-04-21 21:39:24,233 [INFO] IPUIPlugin:80 - create IPUIPlugin
2025-04-21 21:39:24,234 [INFO] PluginManager:220 - loadIPPluginJar : add gic
2025-04-21 21:39:24,253 [INFO] IPUIPlugin:80 - create IPUIPlugin
2025-04-21 21:39:24,254 [INFO] PluginManager:220 - loadIPPluginJar : add gpio
2025-04-21 21:39:24,376 [INFO] IPUIPlugin:80 - create IPUIPlugin
2025-04-21 21:39:24,377 [INFO] PluginManager:220 - loadIPPluginJar : add gtzc
2025-04-21 21:39:24,404 [INFO] IPUIPlugin:80 - create IPUIPlugin
2025-04-21 21:39:24,404 [INFO] PluginManager:220 - loadIPPluginJar : add hash
2025-04-21 21:39:24,449 [INFO] IPUIPlugin:80 - create IPUIPlugin
2025-04-21 21:39:24,449 [INFO] PluginManager:220 - loadIPPluginJar : add i2c
2025-04-21 21:39:24,482 [INFO] IPUIPlugin:80 - create IPUIPlugin
2025-04-21 21:39:24,482 [INFO] PluginManager:220 - loadIPPluginJar : add i2s
2025-04-21 21:39:24,517 [INFO] IPUIPlugin:80 - create IPUIPlugin
2025-04-21 21:39:24,517 [INFO] PluginManager:220 - loadIPPluginJar : add i3c
2025-04-21 21:39:24,606 [INFO] IPUIPlugin:80 - create IPUIPlugin
2025-04-21 21:39:24,607 [INFO] PluginManager:220 - loadIPPluginJar : add ipddr
2025-04-21 21:39:24,742 [INFO] IPUIPlugin:80 - create IPUIPlugin
2025-04-21 21:39:24,743 [INFO] PluginManager:220 - loadIPPluginJar : add linkedlist
2025-04-21 21:39:24,785 [INFO] IPUIPlugin:80 - create IPUIPlugin
2025-04-21 21:39:24,785 [INFO] PluginManager:220 - loadIPPluginJar : add lorawan
2025-04-21 21:39:24,820 [INFO] IPUIPlugin:80 - create IPUIPlugin
2025-04-21 21:39:24,821 [INFO] PluginManager:220 - loadIPPluginJar : add ltdc
2025-04-21 21:39:24,835 [INFO] IPUIPlugin:80 - create IPUIPlugin
2025-04-21 21:39:24,835 [INFO] PluginManager:220 - loadIPPluginJar : add mdma
2025-04-21 21:39:24,846 [INFO] IPUIPlugin:80 - create IPUIPlugin
2025-04-21 21:39:24,846 [INFO] PluginManager:220 - loadIPPluginJar : add nvic
2025-04-21 21:39:24,882 [INFO] IPUIPlugin:80 - create IPUIPlugin
2025-04-21 21:39:24,882 [INFO] PluginManager:220 - loadIPPluginJar : add opamp
2025-04-21 21:39:24,939 [INFO] IPUIPlugin:80 - create IPUIPlugin
2025-04-21 21:39:24,939 [INFO] PluginManager:220 - loadIPPluginJar : add openamp
2025-04-21 21:39:24,976 [INFO] IPUIPlugin:80 - create IPUIPlugin
2025-04-21 21:39:24,976 [INFO] PluginManager:220 - loadIPPluginJar : add pdm2pcm
2025-04-21 21:39:24,988 [INFO] IPUIPlugin:80 - create IPUIPlugin
2025-04-21 21:39:24,990 [INFO] PluginManager:220 - loadIPPluginJar : add plateformsettings
2025-04-21 21:39:25,011 [INFO] IPUIPlugin:80 - create IPUIPlugin
2025-04-21 21:39:25,011 [INFO] PluginManager:220 - loadIPPluginJar : add quadspi
2025-04-21 21:39:25,046 [INFO] IPUIPlugin:80 - create IPUIPlugin
2025-04-21 21:39:25,047 [INFO] PluginManager:220 - loadIPPluginJar : add radio
2025-04-21 21:39:25,069 [INFO] IPUIPlugin:80 - create IPUIPlugin
2025-04-21 21:39:25,069 [INFO] PluginManager:220 - loadIPPluginJar : add resmgrutility
2025-04-21 21:39:25,136 [INFO] IPUIPlugin:80 - create IPUIPlugin
2025-04-21 21:39:25,136 [INFO] PluginManager:220 - loadIPPluginJar : add sai
2025-04-21 21:39:25,185 [INFO] IPUIPlugin:80 - create IPUIPlugin
2025-04-21 21:39:25,185 [INFO] PluginManager:220 - loadIPPluginJar : add spi
2025-04-21 21:39:25,242 [INFO] IPUIPlugin:80 - create IPUIPlugin
2025-04-21 21:39:25,242 [INFO] PluginManager:220 - loadIPPluginJar : add stm32_wpan
2025-04-21 21:39:25,263 [INFO] IPUIPlugin:80 - create IPUIPlugin
2025-04-21 21:39:25,263 [INFO] PluginManager:220 - loadIPPluginJar : add tim
2025-04-21 21:39:25,312 [INFO] IPUIPlugin:80 - create IPUIPlugin
2025-04-21 21:39:25,313 [INFO] PluginManager:220 - loadIPPluginJar : add touchsensing
2025-04-21 21:39:25,332 [INFO] IPUIPlugin:80 - create IPUIPlugin
2025-04-21 21:39:25,332 [INFO] PluginManager:220 - loadIPPluginJar : add tracer_emb
2025-04-21 21:39:25,352 [INFO] IPUIPlugin:80 - create IPUIPlugin
2025-04-21 21:39:25,353 [INFO] PluginManager:220 - loadIPPluginJar : add ts
2025-04-21 21:39:25,372 [INFO] IPUIPlugin:80 - create IPUIPlugin
2025-04-21 21:39:25,372 [INFO] PluginManager:220 - loadIPPluginJar : add tsc
2025-04-21 21:39:25,392 [INFO] IPUIPlugin:80 - create IPUIPlugin
2025-04-21 21:39:25,392 [INFO] PluginManager:220 - loadIPPluginJar : add ucpd
2025-04-21 21:39:25,431 [INFO] IPUIPlugin:80 - create IPUIPlugin
2025-04-21 21:39:25,431 [INFO] PluginManager:220 - loadIPPluginJar : add usart
2025-04-21 21:39:25,470 [INFO] IPUIPlugin:80 - create IPUIPlugin
2025-04-21 21:39:25,470 [INFO] PluginManager:220 - loadIPPluginJar : add usbx
2025-04-21 21:39:25,579 [FATAL] Updater:351 - Updater called before beeing initialized
2025-04-21 21:39:25,604 [INFO] RulesReader:64 - Compatibility file has been processed (297 Rules)
2025-04-21 21:39:25,616 [INFO] RulesReader:64 - Compatibility file has been processed (297 Rules)
2025-04-21 21:39:25,637 [INFO] CADModel:165 - CPN selected for project level
2025-04-21 21:39:25,637 [INFO] CADModel:114 - Register for checkConnection events
2025-04-21 21:39:25,637 [FATAL] Updater:351 - Updater called before beeing initialized
2025-04-21 21:39:25,637 [ERROR] CADModel:125 - Updater not yet initialized, retry later 
2025-04-21 21:39:25,838 [FATAL] Updater:351 - Updater called before beeing initialized
2025-04-21 21:39:25,839 [INFO] CADModel:165 - CPN selected for project level
2025-04-21 21:39:25,840 [INFO] CADModel:114 - Register for checkConnection events
2025-04-21 21:39:25,840 [FATAL] Updater:351 - Updater called before beeing initialized
2025-04-21 21:39:25,840 [ERROR] CADModel:125 - Updater not yet initialized, retry later 
2025-04-21 21:39:25,842 [FATAL] Updater:351 - Updater called before beeing initialized
2025-04-21 21:39:25,917 [FATAL] Updater:351 - Updater called before beeing initialized
2025-04-21 21:39:25,927 [INFO] DbMcusAds:53 - JSON generation date=Thu Mar 06 09:54:22 EST 2025 (1741272862078)
2025-04-21 21:39:25,927 [FATAL] Updater:351 - Updater called before beeing initialized
2025-04-21 21:39:25,963 [WARN] DetailPanel:346 - Failed to get advertising image, set to default
2025-04-21 21:39:26,054 [INFO] ThirdPartyUpdaterWithRetryManager:70 - Updater plugin not ready yet. [2/15]
2025-04-21 21:39:26,176 [FATAL] Updater:351 - Updater called before beeing initialized
2025-04-21 21:39:26,179 [FATAL] Updater:351 - Updater called before beeing initialized
2025-04-21 21:39:26,179 [FATAL] Updater:351 - Updater called before beeing initialized
2025-04-21 21:39:26,179 [WARN] DetailPanel:346 - Failed to get advertising image, set to default
2025-04-21 21:39:26,180 [FATAL] Updater:351 - Updater called before beeing initialized
2025-04-21 21:39:26,231 [ERROR] Updater:1198 - MainUpdater not yet initialized. External WinMGr cannot be set.
2025-04-21 21:39:26,239 [INFO] Updater:1134 - Updater Version found : 6.13.0
2025-04-21 21:39:26,255 [INFO] ApplicationProperties:184 - Using Application install path: C:\ST\STM32CubeIDE_1.17.0\STM32CubeIDE\plugins\com.st.stm32cube.common.mx_6.13.0.202411220809
2025-04-21 21:39:27,833 [ERROR] LogOutputStream:75 - [STDERR_REDIRECT] Apr 21, 2025 9:39:27 PM java.util.prefs.WindowsPreferences <init>
2025-04-21 21:39:27,834 [ERROR] LogOutputStream:75 - [STDERR_REDIRECT] WARNING: Could not open/create prefs root node Software\JavaSoft\Prefs at root 0xffffffff80000002. Windows RegCreateKeyEx(...) returned error code 5.
2025-04-21 21:39:27,834 [ERROR] LogOutputStream:75 - [STDERR_REDIRECT] 
2025-04-21 21:39:28,461 [INFO] MainUpdater:2872 - connection check result : 10
2025-04-21 21:39:28,461 [INFO] MainUpdater:289 - Updater Check For Update Now.
2025-04-21 21:39:28,461 [INFO] MicroXplorer:498 - Change Database Version : DB.6.0.130
2025-04-21 21:39:28,480 [INFO] McuFinderGlobals:63 - Set McuFinder mode to 2 (CubeIDE integrated)
2025-04-21 21:39:28,480 [INFO] UserAuth:171 - activating auth plugin
2025-04-21 21:39:28,483 [INFO] UserAuth:486 - Internet connection configuration mode: 1
2025-04-21 21:39:28,537 [INFO] JxBrowserEngine:152 - Initiate JxBrowser Engine with user profile folder
2025-04-21 21:39:28,685 [INFO] CheckServerUpdateThread:120 - End of CheckServer Thread
2025-04-21 21:39:29,245 [WARN] PackLoader:240 - Cannot read IP mode file for STMicroelectronics.FP-SNS-MOTENVWB1.1.4.0
2025-04-21 21:39:29,270 [WARN] PackLoader:240 - Cannot read IP mode file for STMicroelectronics.FP-ATR-ASTRA1.2.0.2
2025-04-21 21:39:29,289 [WARN] PackLoader:240 - Cannot read IP mode file for STMicroelectronics.FP-ATR-ASTRA1.2.0.1
2025-04-21 21:39:29,312 [WARN] PackLoader:240 - Cannot read IP mode file for STMicroelectronics.X-CUBE-SMBUS.2.1.0
2025-04-21 21:39:29,335 [WARN] PackLoader:240 - Cannot read IP mode file for STMicroelectronics.X-CUBE-WB05N.1.1.0
2025-04-21 21:39:29,380 [WARN] PackLoader:240 - Cannot read IP mode file for STMicroelectronics.X-CUBE-AZRTOS-F7.1.1.0
2025-04-21 21:39:29,393 [WARN] PackLoader:240 - Cannot read IP mode file for STMicroelectronics.FP-SNS-FLIGHT1.5.0.2
2025-04-21 21:39:29,423 [WARN] PackLoader:240 - Cannot read IP mode file for Infineon.AIROC-Wi-Fi-Bluetooth-STM32.1.7.0
2025-04-21 21:39:29,450 [WARN] PackLoader:240 - Cannot read IP mode file for STMicroelectronics.X-CUBE-DISPLAY.3.0.0
2025-04-21 21:39:29,474 [WARN] PackLoader:240 - Cannot read IP mode file for STMicroelectronics.X-CUBE-BLE1.7.0.0
2025-04-21 21:39:29,494 [WARN] PackLoader:240 - Cannot read IP mode file for STMicroelectronics.X-CUBE-NFC10.1.0.0
2025-04-21 21:39:29,519 [WARN] PackLoader:240 - Cannot read IP mode file for STMicroelectronics.X-CUBE-BLEMGR.4.0.0
2025-04-21 21:39:29,546 [WARN] PackLoader:240 - Cannot read IP mode file for emotas.I-CUBE-CANOPEN.1.3.0
2025-04-21 21:39:29,560 [WARN] PackLoader:240 - Cannot read IP mode file for STMicroelectronics.X-CUBE-AI.10.0.0
2025-04-21 21:39:29,573 [WARN] PackLoader:240 - Cannot read IP mode file for STMicroelectronics.FP-SNS-SMARTAG2.1.2.0
2025-04-21 21:39:29,584 [WARN] PackLoader:240 - Cannot read IP mode file for STMicroelectronics.FP-SNS-FLIGHT1.5.1.0
2025-04-21 21:39:29,649 [WARN] PackLoader:240 - Cannot read IP mode file for STMicroelectronics.X-CUBE-MEMS1.11.1.0
2025-04-21 21:39:29,783 [INFO] LogOutputStream:77 - [STDOUT_REDIRECT] 1 : Invalid condition id : UX_CORESTACK_Condition cause : null
2025-04-21 21:39:29,785 [INFO] LogOutputStream:77 - [STDOUT_REDIRECT] 1 : Invalid condition id : UX_CORESTACK_Condition cause : null
2025-04-21 21:39:29,786 [INFO] LogOutputStream:77 - [STDOUT_REDIRECT] 1 : Invalid condition id : UX_CORESTACK_Condition cause : null
2025-04-21 21:39:29,787 [INFO] LogOutputStream:77 - [STDOUT_REDIRECT] 1 : Invalid condition id : UX_CORESTACK_Condition cause : null
2025-04-21 21:39:29,788 [INFO] LogOutputStream:77 - [STDOUT_REDIRECT] 1 : Invalid condition id : UX_CORESTACK_Condition cause : null
2025-04-21 21:39:29,790 [WARN] PackLoader:240 - Cannot read IP mode file for STMicroelectronics.X-CUBE-AZRTOS-WL.2.0.0
2025-04-21 21:39:29,805 [WARN] PackLoader:240 - Cannot read IP mode file for STMicroelectronics.FP-SNS-MOTENV1.5.0.0
2025-04-21 21:39:29,817 [WARN] PackLoader:240 - Cannot read IP mode file for wolfSSL.I-CUBE-wolfMQTT.1.19.0
2025-04-21 21:39:29,836 [WARN] PackLoader:240 - Cannot read IP mode file for WES.I-CUBE-Cesium.1.3.0
2025-04-21 21:39:29,849 [WARN] PackLoader:240 - Cannot read IP mode file for STMicroelectronics.X-CUBE-BLE2.3.3.0
2025-04-21 21:39:29,864 [WARN] PackLoader:240 - Cannot read IP mode file for STMicroelectronics.X-CUBE-NFC9.1.0.0
2025-04-21 21:39:29,878 [WARN] PackLoader:240 - Cannot read IP mode file for STMicroelectronics.X-CUBE-BLE1.7.1.0
2025-04-21 21:39:29,924 [WARN] PackLoader:240 - Cannot read IP mode file for STMicroelectronics.X-CUBE-MEMS1.11.2.0
2025-04-21 21:39:30,105 [WARN] PackLoader:240 - Cannot read IP mode file for STMicroelectronics.X-CUBE-AZRTOS-G0.1.1.0
2025-04-21 21:39:30,131 [WARN] PackLoader:240 - Cannot read IP mode file for STMicroelectronics.X-CUBE-SAFEA1.1.2.2
2025-04-21 21:39:30,158 [WARN] PackLoader:240 - Cannot read IP mode file for STMicroelectronics.X-CUBE-NFC4.3.0.0
2025-04-21 21:39:30,177 [WARN] PackLoader:240 - Cannot read IP mode file for EmbeddedOffice.I-CUBE-FS-RTOS.1.0.1
2025-04-21 21:39:30,191 [WARN] PackLoader:240 - Cannot read IP mode file for STMicroelectronics.X-CUBE-TCPP.4.2.0
2025-04-21 21:39:30,204 [WARN] PackLoader:240 - Cannot read IP mode file for RealThread.X-CUBE-RT-Thread_Nano.4.1.1
2025-04-21 21:39:30,217 [WARN] PackLoader:240 - Cannot read IP mode file for STMicroelectronics.FP-ATR-SIGFOX1.3.2.0
2025-04-21 21:39:30,230 [WARN] ConditionMgr:438 - getConditionDescription Invalid condition id : Cortex-A Device cause : null
2025-04-21 21:39:30,255 [WARN] ConditionMgr:1044 - genDependencies : Invalid condition id : Cortex-A Device cause : null
2025-04-21 21:39:30,255 [WARN] ConditionMgr:1044 - genDependencies : Invalid condition id : Cortex-A Device cause : null
2025-04-21 21:39:30,255 [WARN] ConditionMgr:1044 - genDependencies : Invalid condition id : Cortex-A Device cause : null
2025-04-21 21:39:30,267 [WARN] PackLoader:240 - Cannot read IP mode file for STMicroelectronics.X-CUBE-EEPRMA1.5.1.0
2025-04-21 21:39:30,278 [WARN] PackLoader:240 - Cannot read IP mode file for wolfSSL.I-CUBE-wolfSSL.5.7.6
2025-04-21 21:39:30,292 [WARN] PackLoader:240 - Cannot read IP mode file for ITTIA_DB.I-CUBE-ITTIADB.8.9.0
2025-04-21 21:39:30,316 [WARN] PackLoader:240 - Cannot read IP mode file for SEGGER.I-CUBE-embOS.1.3.1
2025-04-21 21:39:30,358 [WARN] PackLoader:240 - Cannot read IP mode file for STMicroelectronics.X-CUBE-ALGOBUILD.1.4.0
2025-04-21 21:39:30,380 [WARN] PackLoader:240 - Cannot read IP mode file for STMicroelectronics.X-CUBE-AZRTOS-F4.1.1.0
2025-04-21 21:39:30,394 [WARN] PackLoader:240 - Cannot read IP mode file for Avnet-IotConnect.X-CUBE-IoTC-DA16k-PMOD.1.0.0
2025-04-21 21:39:30,408 [WARN] PackLoader:240 - Cannot read IP mode file for STMicroelectronics.X-CUBE-ISPU.2.1.0
2025-04-21 21:39:30,450 [WARN] PackLoader:240 - Cannot read IP mode file for STMicroelectronics.X-CUBE-AZRTOS-L5.2.0.0
2025-04-21 21:39:30,475 [WARN] PackLoader:240 - Cannot read IP mode file for STMicroelectronics.X-CUBE-NFC6.3.1.0
2025-04-21 21:39:30,492 [WARN] PackLoader:240 - Cannot read IP mode file for STMicroelectronics.X-CUBE-DPower.1.2.0
2025-04-21 21:39:30,506 [WARN] PackLoader:240 - Cannot read IP mode file for STMicroelectronics.X-CUBE-FREERTOS.1.3.0
2025-04-21 21:39:30,524 [WARN] PackLoader:240 - Cannot read IP mode file for STMicroelectronics.X-CUBE-NFC7.1.0.1
2025-04-21 21:39:30,547 [WARN] PackLoader:240 - Cannot read IP mode file for STMicroelectronics.X-CUBE-DPower.1.3.0
2025-04-21 21:39:30,578 [WARN] ConditionMgr:438 - getConditionDescription Invalid condition id : LAN8742 Phy interface Condition cause : null
2025-04-21 21:39:30,578 [WARN] PackLoader:240 - Cannot read IP mode file for STMicroelectronics.X-CUBE-AZRTOS-L4.2.0.0
2025-04-21 21:39:30,579 [WARN] ConditionMgr:1044 - genDependencies : Invalid condition id : LAN8742 Phy interface Condition cause : null
2025-04-21 21:39:30,579 [WARN] ConditionMgr:1044 - genDependencies : Invalid condition id : LAN8742 Phy interface Condition cause : null
2025-04-21 21:39:30,579 [WARN] ConditionMgr:1044 - genDependencies : Invalid condition id : LAN8742 Phy interface Condition cause : null
2025-04-21 21:39:30,592 [WARN] PackLoader:240 - Cannot read IP mode file for STMicroelectronics.X-CUBE-SFXS2LP1.4.0.0
2025-04-21 21:39:30,613 [WARN] PackLoader:240 - Cannot read IP mode file for STMicroelectronics.X-CUBE-AZRTOS-H7.3.3.0
2025-04-21 21:39:30,632 [WARN] ConditionMgr:438 - getConditionDescription Invalid condition id : UX DEVICE CLASS RTOS Condition cause : null
2025-04-21 21:39:30,632 [WARN] ConditionMgr:438 - getConditionDescription Invalid condition id : UX DEVICE CLASS RTOS Condition cause : null
2025-04-21 21:39:30,633 [WARN] PackLoader:240 - Cannot read IP mode file for STMicroelectronics.X-CUBE-AZRTOS-WB.2.0.0
2025-04-21 21:39:30,633 [WARN] ConditionMgr:1044 - genDependencies : Invalid condition id : UX DEVICE CLASS RTOS Condition cause : null
2025-04-21 21:39:30,633 [WARN] ConditionMgr:1044 - genDependencies : Invalid condition id : UX DEVICE CLASS RTOS Condition cause : null
2025-04-21 21:39:30,634 [WARN] ConditionMgr:1044 - genDependencies : Invalid condition id : UX DEVICE CLASS RTOS Condition cause : null
2025-04-21 21:39:30,634 [WARN] ConditionMgr:1044 - genDependencies : Invalid condition id : UX DEVICE CLASS RTOS Condition cause : null
2025-04-21 21:39:30,634 [WARN] ConditionMgr:1044 - genDependencies : Invalid condition id : UX DEVICE CLASS RTOS Condition cause : null
2025-04-21 21:39:30,645 [WARN] PackLoader:240 - Cannot read IP mode file for STMicroelectronics.X-CUBE-GNSS1.7.0.1
2025-04-21 21:39:30,662 [WARN] PackLoader:240 - Cannot read IP mode file for STMicroelectronics.X-CUBE-TOUCHGFX.4.25.0
2025-04-21 21:39:30,676 [WARN] PackLoader:240 - Cannot read IP mode file for STMicroelectronics.FP-SNS-STBOX1.2.0.0
2025-04-21 21:39:30,693 [WARN] PackLoader:240 - Cannot read IP mode file for STMicroelectronics.X-CUBE-SUBG2.5.0.0
2025-04-21 21:39:30,719 [WARN] PackLoader:240 - Cannot read IP mode file for STMicroelectronics.X-CUBE-AZRTOS-H7RS.1.1.0
2025-04-21 21:39:30,732 [WARN] PackLoader:240 - Cannot read IP mode file for Cesanta.I-CUBE-Mongoose.7.13.0
2025-04-21 21:39:30,751 [WARN] PackLoader:240 - Cannot read IP mode file for STMicroelectronics.X-CUBE-AZRTOS-G4.2.0.0
2025-04-21 21:39:30,769 [WARN] PackLoader:240 - Cannot read IP mode file for STMicroelectronics.X-CUBE-IPS.3.1.0
2025-04-21 21:39:30,790 [WARN] PackLoader:240 - Cannot read IP mode file for STMicroelectronics.X-CUBE-ALS.1.0.2
2025-04-21 21:39:30,801 [WARN] PackLoader:240 - Cannot read IP mode file for STMicroelectronics.X-CUBE-TOUCHGFX.4.24.2
2025-04-21 21:39:30,812 [WARN] PackLoader:240 - Cannot read IP mode file for wolfSSL.I-CUBE-wolfTPM.3.4.0
2025-04-21 21:39:30,831 [WARN] PackLoader:240 - Cannot read IP mode file for portGmbH.I-Cube-SoM-uGOAL.1.1.0
2025-04-21 21:39:30,862 [WARN] PackLoader:240 - Cannot read IP mode file for STMicroelectronics.X-CUBE-AZRTOS-H7RS.1.0.0
2025-04-21 21:39:30,893 [WARN] PackLoader:240 - Cannot read IP mode file for STMicroelectronics.X-CUBE-TOF1.3.4.2
2025-04-21 21:39:30,927 [WARN] PackLoader:240 - Cannot read IP mode file for STMicroelectronics.X-CUBE-TOF1.3.4.3
2025-04-21 21:39:30,956 [WARN] PackLoader:240 - Cannot read IP mode file for wolfSSL.I-CUBE-wolfSSH.1.4.17
2025-04-21 21:39:30,957 [INFO] ThirdParty:978 - Integrity check success = true
2025-04-21 21:39:30,957 [INFO] IntegrityCheckThread:100 - exiting critical section [integrity check]
2025-04-21 21:39:30,957 [INFO] IntegrityCheckThread:103 - End integrity checks thread
2025-04-21 21:39:31,040 [INFO] WebApp:168 - Instantiating new browser for Auth
2025-04-21 21:39:31,802 [INFO] WebApp:449 - Apply proxy settings
2025-04-21 21:39:31,803 [INFO] WebApp:534 - Chromium requires no authentication
2025-04-21 21:39:31,814 [INFO] WebApp:477 - Direct internet connection detected
2025-04-21 21:39:31,853 [INFO] WebApp:880 - Register for checkConnection events
2025-04-21 21:39:31,853 [INFO] WebApp:449 - Apply proxy settings
2025-04-21 21:39:31,853 [INFO] WebApp:534 - Chromium requires no authentication
2025-04-21 21:39:31,853 [INFO] WebApp:477 - Direct internet connection detected
2025-04-21 21:39:32,014 [INFO] WebApp:187 - Connection restablished
2025-04-21 21:39:32,059 [INFO] WebApp:221 - Starting web application
2025-04-21 21:39:32,059 [INFO] WebApp:579 - Web application path used C:\ST\STM32CubeIDE_1.17.0\STM32CubeIDE\plugins\com.st.stm32cube.common.mx_6.13.0.202411220809\db\plugins\mcufinder\reactClient1\index.html
2025-04-21 22:01:55,007 [INFO] WebApp:190 - Connection lost
2025-04-21 22:01:55,200 [INFO] WebApp:187 - Connection restablished
2025-04-21 23:06:00,499 [INFO] WebApp:190 - Connection lost
2025-04-21 23:06:00,833 [INFO] WebApp:187 - Connection restablished
